2019-04-26 13:35:06  [INFO] :  Log to PF Keycloak
2019-04-26 13:35:32  [PASS] :  Log to PF Keykloak
2019-04-26 13:35:32  [PASS] :  Usluga zakonczona ze statusem PASS
2019-04-26 14:05:00  [INFO] :  Log to PF Keycloak
2019-04-26 14:05:20  [PASS] :  Log to PF Keykloak
2019-04-26 14:05:20  [PASS] :  Usluga zakonczona ze statusem PASS
2019-04-26 14:32:55  [INFO] :  Log to PF Keycloak
2019-04-26 14:33:15  [PASS] :  Log to PF Keykloak
2019-04-26 14:33:15  [INFO] :  Alert closed.
2019-04-26 14:33:25  [PASS] :  Usluga zakonczona ze statusem PASS
2019-04-26 14:39:35  [INFO] :  Log to PF Keycloak
2019-04-26 14:39:52  [PASS] :  Log to PF Keykloak
2019-04-26 14:39:52  [INFO] :  Alert closed.
2019-04-26 14:40:22  [FAIL] :  java.lang.AssertionError: expected [true] but found [false]
2019-04-26 14:41:09  [INFO] :  Log to PF Keycloak
2019-04-26 14:41:29  [PASS] :  Log to PF Keykloak
2019-04-26 14:41:29  [INFO] :  Alert closed.
2019-04-26 14:42:00  [FAIL] :  java.lang.AssertionError: expected [true] but found [false]
2019-04-26 14:44:51  [INFO] :  Log to PF Keycloak
2019-04-26 14:45:11  [PASS] :  Log to PF Keykloak
2019-04-26 14:45:11  [INFO] :  Alert closed.
2019-04-26 14:45:32  [FAIL] :  org.openqa.selenium.NoSuchElementException: no such element: Unable to locate element: {"method":"xpath","selector":"//a[contains(text(),'Nowy Scenariusz +')]"}
  (Session info: chrome=74.0.3729.108)
  (Driver info: chromedriver=2.37.544315 (730aa6a5fdba159ac9f4c1e8cbc59bf1b5ce12b7),platform=Windows NT 10.0.17763 x86_64) (WARNING: The server did not provide any stacktrace information)
Command duration or timeout: 0 milliseconds
For documentation on this error, please visit: http://seleniumhq.org/exceptions/no_such_element.html
Build info: version: '3.14.0', revision: 'aacccce0', time: '2018-08-02T20:05:20.749Z'
System info: host: 'DESKTOP-7VPINAG', ip: '192.168.10.164', os.name: 'Windows 10', os.arch: 'amd64', os.version: '10.0', java.version: '11.0.2'
Driver info: org.openqa.selenium.chrome.ChromeDriver
Capabilities {acceptInsecureCerts: false, acceptSslCerts: false, applicationCacheEnabled: false, browserConnectionEnabled: false, browserName: chrome, chrome: {chromedriverVersion: 2.37.544315 (730aa6a5fdba15..., userDataDir: C:\Users\Mateusz\AppData\Lo...}, cssSelectorsEnabled: true, databaseEnabled: false, handlesAlerts: true, hasTouchScreen: false, javascriptEnabled: true, locationContextEnabled: true, mobileEmulationEnabled: false, nativeEvents: true, networkConnectionEnabled: false, pageLoadStrategy: normal, platform: XP, platformName: XP, rotatable: false, setWindowRect: true, takesHeapSnapshot: true, takesScreenshot: true, unexpectedAlertBehaviour: , unhandledPromptBehavior: , version: 74.0.3729.108, webStorageEnabled: true}
Session ID: 10f59c4fe5454b9b629c0978ec993e3b
*** Element info: {Using=xpath, value=//a[contains(text(),'Nowy Scenariusz +')]}
2019-04-26 14:47:38  [INFO] :  Log to PF Keycloak
2019-04-26 14:47:59  [PASS] :  Log to PF Keykloak
2019-04-26 14:47:59  [INFO] :  Alert closed.
2019-04-26 14:48:19  [FAIL] :  org.openqa.selenium.NoSuchElementException: no such element: Unable to locate element: {"method":"xpath","selector":"//div[@class = 'd-flex justify-content-between flex-wrap flex-lg-nowrap']//a[contains(text(),'Nowy Scenariusz +')]"}
  (Session info: chrome=74.0.3729.108)
  (Driver info: chromedriver=2.37.544315 (730aa6a5fdba159ac9f4c1e8cbc59bf1b5ce12b7),platform=Windows NT 10.0.17763 x86_64) (WARNING: The server did not provide any stacktrace information)
Command duration or timeout: 0 milliseconds
For documentation on this error, please visit: http://seleniumhq.org/exceptions/no_such_element.html
Build info: version: '3.14.0', revision: 'aacccce0', time: '2018-08-02T20:05:20.749Z'
System info: host: 'DESKTOP-7VPINAG', ip: '192.168.10.164', os.name: 'Windows 10', os.arch: 'amd64', os.version: '10.0', java.version: '11.0.2'
Driver info: org.openqa.selenium.chrome.ChromeDriver
Capabilities {acceptInsecureCerts: false, acceptSslCerts: false, applicationCacheEnabled: false, browserConnectionEnabled: false, browserName: chrome, chrome: {chromedriverVersion: 2.37.544315 (730aa6a5fdba15..., userDataDir: C:\Users\Mateusz\AppData\Lo...}, cssSelectorsEnabled: true, databaseEnabled: false, handlesAlerts: true, hasTouchScreen: false, javascriptEnabled: true, locationContextEnabled: true, mobileEmulationEnabled: false, nativeEvents: true, networkConnectionEnabled: false, pageLoadStrategy: normal, platform: XP, platformName: XP, rotatable: false, setWindowRect: true, takesHeapSnapshot: true, takesScreenshot: true, unexpectedAlertBehaviour: , unhandledPromptBehavior: , version: 74.0.3729.108, webStorageEnabled: true}
Session ID: eeba40f2a43faae3df0136d371503147
*** Element info: {Using=xpath, value=//div[@class = 'd-flex justify-content-between flex-wrap flex-lg-nowrap']//a[contains(text(),'Nowy Scenariusz +')]}
2019-04-26 14:50:50  [INFO] :  Log to PF Keycloak
2019-04-26 14:51:09  [PASS] :  Log to PF Keykloak
2019-04-26 14:51:09  [INFO] :  Alert closed.
2019-04-26 14:51:19  [FAIL] :  org.openqa.selenium.InvalidSelectorException: invalid selector: Unable to locate an element with the xpath expression //div[@class = 'd-flex justify-content-between flex-wrap flex-lg-nowrap']//a[contains(text(),'New Scenario +' or text(),'Nowy Scenariusz +')] because of the following error:
SyntaxError: Failed to execute 'evaluate' on 'Document': The string '//div[@class = 'd-flex justify-content-between flex-wrap flex-lg-nowrap']//a[contains(text(),'New Scenario +' or text(),'Nowy Scenariusz +')]' is not a valid XPath expression.
  (Session info: chrome=74.0.3729.108)
  (Driver info: chromedriver=2.37.544315 (730aa6a5fdba159ac9f4c1e8cbc59bf1b5ce12b7),platform=Windows NT 10.0.17763 x86_64) (WARNING: The server did not provide any stacktrace information)
Command duration or timeout: 0 milliseconds
For documentation on this error, please visit: http://seleniumhq.org/exceptions/invalid_selector_exception.html
Build info: version: '3.14.0', revision: 'aacccce0', time: '2018-08-02T20:05:20.749Z'
System info: host: 'DESKTOP-7VPINAG', ip: '192.168.10.164', os.name: 'Windows 10', os.arch: 'amd64', os.version: '10.0', java.version: '11.0.2'
Driver info: org.openqa.selenium.chrome.ChromeDriver
Capabilities {acceptInsecureCerts: false, acceptSslCerts: false, applicationCacheEnabled: false, browserConnectionEnabled: false, browserName: chrome, chrome: {chromedriverVersion: 2.37.544315 (730aa6a5fdba15..., userDataDir: C:\Users\Mateusz\AppData\Lo...}, cssSelectorsEnabled: true, databaseEnabled: false, handlesAlerts: true, hasTouchScreen: false, javascriptEnabled: true, locationContextEnabled: true, mobileEmulationEnabled: false, nativeEvents: true, networkConnectionEnabled: false, pageLoadStrategy: normal, platform: XP, platformName: XP, rotatable: false, setWindowRect: true, takesHeapSnapshot: true, takesScreenshot: true, unexpectedAlertBehaviour: , unhandledPromptBehavior: , version: 74.0.3729.108, webStorageEnabled: true}
Session ID: 3ae4312797a1dc2b99c82d06d49b9969
*** Element info: {Using=xpath, value=//div[@class = 'd-flex justify-content-between flex-wrap flex-lg-nowrap']//a[contains(text(),'New Scenario +' or text(),'Nowy Scenariusz +')]}
2019-04-26 14:51:45  [INFO] :  Log to PF Keycloak
2019-04-26 14:52:06  [PASS] :  Log to PF Keykloak
2019-04-26 14:52:06  [INFO] :  Alert closed.
2019-04-26 14:52:26  [FAIL] :  org.openqa.selenium.NoSuchElementException: no such element: Unable to locate element: {"method":"xpath","selector":"//div[@class = 'd-flex justify-content-between flex-wrap flex-lg-nowrap']//a[contains(text(),'New Scenario +')]"}
  (Session info: chrome=74.0.3729.108)
  (Driver info: chromedriver=2.37.544315 (730aa6a5fdba159ac9f4c1e8cbc59bf1b5ce12b7),platform=Windows NT 10.0.17763 x86_64) (WARNING: The server did not provide any stacktrace information)
Command duration or timeout: 0 milliseconds
For documentation on this error, please visit: http://seleniumhq.org/exceptions/no_such_element.html
Build info: version: '3.14.0', revision: 'aacccce0', time: '2018-08-02T20:05:20.749Z'
System info: host: 'DESKTOP-7VPINAG', ip: '192.168.10.164', os.name: 'Windows 10', os.arch: 'amd64', os.version: '10.0', java.version: '11.0.2'
Driver info: org.openqa.selenium.chrome.ChromeDriver
Capabilities {acceptInsecureCerts: false, acceptSslCerts: false, applicationCacheEnabled: false, browserConnectionEnabled: false, browserName: chrome, chrome: {chromedriverVersion: 2.37.544315 (730aa6a5fdba15..., userDataDir: C:\Users\Mateusz\AppData\Lo...}, cssSelectorsEnabled: true, databaseEnabled: false, handlesAlerts: true, hasTouchScreen: false, javascriptEnabled: true, locationContextEnabled: true, mobileEmulationEnabled: false, nativeEvents: true, networkConnectionEnabled: false, pageLoadStrategy: normal, platform: XP, platformName: XP, rotatable: false, setWindowRect: true, takesHeapSnapshot: true, takesScreenshot: true, unexpectedAlertBehaviour: , unhandledPromptBehavior: , version: 74.0.3729.108, webStorageEnabled: true}
Session ID: 09925ad0b2904c4dc65cc39d2111c6e5
*** Element info: {Using=xpath, value=//div[@class = 'd-flex justify-content-between flex-wrap flex-lg-nowrap']//a[contains(text(),'New Scenario +')]}
2019-04-26 14:53:08  [INFO] :  Log to PF Keycloak
2019-04-26 14:53:28  [PASS] :  Log to PF Keykloak
2019-04-26 14:53:28  [INFO] :  Alert closed.
2019-04-26 14:53:48  [FAIL] :  org.openqa.selenium.NoSuchElementException: no such element: Unable to locate element: {"method":"xpath","selector":"//a[contains(text(),'New Scenario +')]"}
  (Session info: chrome=74.0.3729.108)
  (Driver info: chromedriver=2.37.544315 (730aa6a5fdba159ac9f4c1e8cbc59bf1b5ce12b7),platform=Windows NT 10.0.17763 x86_64) (WARNING: The server did not provide any stacktrace information)
Command duration or timeout: 0 milliseconds
For documentation on this error, please visit: http://seleniumhq.org/exceptions/no_such_element.html
Build info: version: '3.14.0', revision: 'aacccce0', time: '2018-08-02T20:05:20.749Z'
System info: host: 'DESKTOP-7VPINAG', ip: '192.168.10.164', os.name: 'Windows 10', os.arch: 'amd64', os.version: '10.0', java.version: '11.0.2'
Driver info: org.openqa.selenium.chrome.ChromeDriver
Capabilities {acceptInsecureCerts: false, acceptSslCerts: false, applicationCacheEnabled: false, browserConnectionEnabled: false, browserName: chrome, chrome: {chromedriverVersion: 2.37.544315 (730aa6a5fdba15..., userDataDir: C:\Users\Mateusz\AppData\Lo...}, cssSelectorsEnabled: true, databaseEnabled: false, handlesAlerts: true, hasTouchScreen: false, javascriptEnabled: true, locationContextEnabled: true, mobileEmulationEnabled: false, nativeEvents: true, networkConnectionEnabled: false, pageLoadStrategy: normal, platform: XP, platformName: XP, rotatable: false, setWindowRect: true, takesHeapSnapshot: true, takesScreenshot: true, unexpectedAlertBehaviour: , unhandledPromptBehavior: , version: 74.0.3729.108, webStorageEnabled: true}
Session ID: e4b17e31adc94a3341d49680a44d1bc7
*** Element info: {Using=xpath, value=//a[contains(text(),'New Scenario +')]}
2019-04-26 14:54:52  [INFO] :  Log to PF Keycloak
2019-04-26 14:55:12  [PASS] :  Log to PF Keykloak
2019-04-26 14:55:12  [INFO] :  Alert closed.
2019-04-26 14:55:22  [PASS] :  Usluga zakonczona ze statusem PASS
2019-04-26 14:55:58  [INFO] :  Log to PF Keycloak
2019-04-26 14:56:18  [PASS] :  Log to PF Keykloak
2019-04-26 14:56:18  [INFO] :  Alert closed.
2019-04-26 14:56:29  [PASS] :  Usluga zakonczona ze statusem PASS
2019-04-26 14:57:21  [INFO] :  Log to PF Keycloak
2019-04-26 14:57:42  [PASS] :  Log to PF Keykloak
2019-04-26 14:57:42  [INFO] :  Alert closed.
2019-04-26 14:57:52  [FAIL] :  org.openqa.selenium.InvalidSelectorException: invalid selector: Unable to locate an element with the xpath expression //ng-component//a[contains(text() = 'New Scenario +')] because of the following error:
SyntaxError: Failed to execute 'evaluate' on 'Document': The string '//ng-component//a[contains(text() = 'New Scenario +')]' is not a valid XPath expression.
  (Session info: chrome=74.0.3729.108)
  (Driver info: chromedriver=2.37.544315 (730aa6a5fdba159ac9f4c1e8cbc59bf1b5ce12b7),platform=Windows NT 10.0.17763 x86_64) (WARNING: The server did not provide any stacktrace information)
Command duration or timeout: 0 milliseconds
For documentation on this error, please visit: http://seleniumhq.org/exceptions/invalid_selector_exception.html
Build info: version: '3.14.0', revision: 'aacccce0', time: '2018-08-02T20:05:20.749Z'
System info: host: 'DESKTOP-7VPINAG', ip: '192.168.10.164', os.name: 'Windows 10', os.arch: 'amd64', os.version: '10.0', java.version: '11.0.2'
Driver info: org.openqa.selenium.chrome.ChromeDriver
Capabilities {acceptInsecureCerts: false, acceptSslCerts: false, applicationCacheEnabled: false, browserConnectionEnabled: false, browserName: chrome, chrome: {chromedriverVersion: 2.37.544315 (730aa6a5fdba15..., userDataDir: C:\Users\Mateusz\AppData\Lo...}, cssSelectorsEnabled: true, databaseEnabled: false, handlesAlerts: true, hasTouchScreen: false, javascriptEnabled: true, locationContextEnabled: true, mobileEmulationEnabled: false, nativeEvents: true, networkConnectionEnabled: false, pageLoadStrategy: normal, platform: XP, platformName: XP, rotatable: false, setWindowRect: true, takesHeapSnapshot: true, takesScreenshot: true, unexpectedAlertBehaviour: , unhandledPromptBehavior: , version: 74.0.3729.108, webStorageEnabled: true}
Session ID: 1ca0e6e91a4b7f4287776b4cd9a3f074
*** Element info: {Using=xpath, value=//ng-component//a[contains(text() = 'New Scenario +')]}
2019-04-26 14:58:49  [INFO] :  Log to PF Keycloak
2019-04-26 14:59:09  [PASS] :  Log to PF Keykloak
2019-04-26 14:59:09  [INFO] :  Alert closed.
2019-04-26 14:59:30  [FAIL] :  org.openqa.selenium.NoSuchElementException: no such element: Unable to locate element: {"method":"xpath","selector":"//ng-component//a[contains(text(),'New Scenario +')]"}
  (Session info: chrome=74.0.3729.108)
  (Driver info: chromedriver=2.37.544315 (730aa6a5fdba159ac9f4c1e8cbc59bf1b5ce12b7),platform=Windows NT 10.0.17763 x86_64) (WARNING: The server did not provide any stacktrace information)
Command duration or timeout: 0 milliseconds
For documentation on this error, please visit: http://seleniumhq.org/exceptions/no_such_element.html
Build info: version: '3.14.0', revision: 'aacccce0', time: '2018-08-02T20:05:20.749Z'
System info: host: 'DESKTOP-7VPINAG', ip: '192.168.10.164', os.name: 'Windows 10', os.arch: 'amd64', os.version: '10.0', java.version: '11.0.2'
Driver info: org.openqa.selenium.chrome.ChromeDriver
Capabilities {acceptInsecureCerts: false, acceptSslCerts: false, applicationCacheEnabled: false, browserConnectionEnabled: false, browserName: chrome, chrome: {chromedriverVersion: 2.37.544315 (730aa6a5fdba15..., userDataDir: C:\Users\Mateusz\AppData\Lo...}, cssSelectorsEnabled: true, databaseEnabled: false, handlesAlerts: true, hasTouchScreen: false, javascriptEnabled: true, locationContextEnabled: true, mobileEmulationEnabled: false, nativeEvents: true, networkConnectionEnabled: false, pageLoadStrategy: normal, platform: XP, platformName: XP, rotatable: false, setWindowRect: true, takesHeapSnapshot: true, takesScreenshot: true, unexpectedAlertBehaviour: , unhandledPromptBehavior: , version: 74.0.3729.108, webStorageEnabled: true}
Session ID: 86c6959f86013ed06ce6cb10a702057f
*** Element info: {Using=xpath, value=//ng-component//a[contains(text(),'New Scenario +')]}
2019-04-26 15:02:20  [INFO] :  Log to PF Keycloak
2019-04-26 15:02:40  [PASS] :  Log to PF Keykloak
2019-04-26 15:02:40  [INFO] :  Alert closed.
2019-04-26 15:03:00  [FAIL] :  org.openqa.selenium.NoSuchElementException: no such element: Unable to locate element: {"method":"xpath","selector":"//a[contains(text(),'New Scenario&nbsp;+')]"}
  (Session info: chrome=74.0.3729.108)
  (Driver info: chromedriver=2.37.544315 (730aa6a5fdba159ac9f4c1e8cbc59bf1b5ce12b7),platform=Windows NT 10.0.17763 x86_64) (WARNING: The server did not provide any stacktrace information)
Command duration or timeout: 0 milliseconds
For documentation on this error, please visit: http://seleniumhq.org/exceptions/no_such_element.html
Build info: version: '3.14.0', revision: 'aacccce0', time: '2018-08-02T20:05:20.749Z'
System info: host: 'DESKTOP-7VPINAG', ip: '192.168.10.164', os.name: 'Windows 10', os.arch: 'amd64', os.version: '10.0', java.version: '11.0.2'
Driver info: org.openqa.selenium.chrome.ChromeDriver
Capabilities {acceptInsecureCerts: false, acceptSslCerts: false, applicationCacheEnabled: false, browserConnectionEnabled: false, browserName: chrome, chrome: {chromedriverVersion: 2.37.544315 (730aa6a5fdba15..., userDataDir: C:\Users\Mateusz\AppData\Lo...}, cssSelectorsEnabled: true, databaseEnabled: false, handlesAlerts: true, hasTouchScreen: false, javascriptEnabled: true, locationContextEnabled: true, mobileEmulationEnabled: false, nativeEvents: true, networkConnectionEnabled: false, pageLoadStrategy: normal, platform: XP, platformName: XP, rotatable: false, setWindowRect: true, takesHeapSnapshot: true, takesScreenshot: true, unexpectedAlertBehaviour: , unhandledPromptBehavior: , version: 74.0.3729.108, webStorageEnabled: true}
Session ID: 1ba11ed33ee811d22a0406e8cffcd16a
*** Element info: {Using=xpath, value=//a[contains(text(),'New Scenario&nbsp;+')]}
2019-04-26 15:03:30  [INFO] :  Log to PF Keycloak
2019-04-26 15:03:53  [PASS] :  Log to PF Keykloak
2019-04-26 15:03:53  [INFO] :  Alert closed.
2019-04-26 15:04:13  [FAIL] :  org.openqa.selenium.NoSuchElementException: no such element: Unable to locate element: {"method":"xpath","selector":"//a[contains(text(),'New Scenario +')]"}
  (Session info: chrome=74.0.3729.108)
  (Driver info: chromedriver=2.37.544315 (730aa6a5fdba159ac9f4c1e8cbc59bf1b5ce12b7),platform=Windows NT 10.0.17763 x86_64) (WARNING: The server did not provide any stacktrace information)
Command duration or timeout: 0 milliseconds
For documentation on this error, please visit: http://seleniumhq.org/exceptions/no_such_element.html
Build info: version: '3.14.0', revision: 'aacccce0', time: '2018-08-02T20:05:20.749Z'
System info: host: 'DESKTOP-7VPINAG', ip: '192.168.10.164', os.name: 'Windows 10', os.arch: 'amd64', os.version: '10.0', java.version: '11.0.2'
Driver info: org.openqa.selenium.chrome.ChromeDriver
Capabilities {acceptInsecureCerts: false, acceptSslCerts: false, applicationCacheEnabled: false, browserConnectionEnabled: false, browserName: chrome, chrome: {chromedriverVersion: 2.37.544315 (730aa6a5fdba15..., userDataDir: C:\Users\Mateusz\AppData\Lo...}, cssSelectorsEnabled: true, databaseEnabled: false, handlesAlerts: true, hasTouchScreen: false, javascriptEnabled: true, locationContextEnabled: true, mobileEmulationEnabled: false, nativeEvents: true, networkConnectionEnabled: false, pageLoadStrategy: normal, platform: XP, platformName: XP, rotatable: false, setWindowRect: true, takesHeapSnapshot: true, takesScreenshot: true, unexpectedAlertBehaviour: , unhandledPromptBehavior: , version: 74.0.3729.108, webStorageEnabled: true}
Session ID: 7027ab32750ef442b591d1bee8cc11ea
*** Element info: {Using=xpath, value=//a[contains(text(),'New Scenario +')]}
2019-04-26 15:05:07  [INFO] :  Log to PF Keycloak
2019-04-26 15:05:27  [PASS] :  Log to PF Keykloak
2019-04-26 15:05:27  [INFO] :  Alert closed.
2019-04-26 15:05:38  [PASS] :  Usluga zakonczona ze statusem PASS
2019-04-26 15:06:17  [INFO] :  Log to PF Keycloak
2019-04-26 15:06:37  [PASS] :  Log to PF Keykloak
2019-04-26 15:06:37  [INFO] :  Alert closed.
2019-04-26 15:06:47  [PASS] :  Usluga zakonczona ze statusem PASS
2019-05-06 08:41:54  [INFO] :  Log to PF Keycloak
2019-05-06 08:42:16  [PASS] :  Log to PF Keykloak
2019-05-06 08:42:16  [INFO] :  Alert closed.
2019-05-06 08:42:27  [INFO] :  Is log correct?
2019-05-06 08:42:27  [PASS] :  Log correct.
2019-05-06 08:42:27  [PASS] :  Usluga zakonczona ze statusem PASS
2019-05-06 10:37:30  [INFO] :  Try log in to PF Keycloak
2019-05-06 10:37:47  [FAIL] :  java.lang.NullPointerException
2019-05-06 10:39:31  [INFO] :  Try log in to PF Keycloak
2019-05-06 10:39:52  [PASS] :  Log in to PF Keykloak correct.
2019-05-06 10:39:52  [INFO] :  Try to close alert.
2019-05-06 10:40:02  [PASS] :  No alerts.
2019-05-06 10:40:02  [INFO] :  Is log correct?
2019-05-06 10:40:02  [FAIL] :  java.lang.NullPointerException
2019-05-06 10:40:58  [INFO] :  Try log in to PF Keycloak
2019-05-06 10:41:19  [PASS] :  Log in to PF Keykloak correct.
2019-05-06 10:41:19  [INFO] :  Try to close alert.
2019-05-06 10:41:29  [PASS] :  No alerts.
2019-05-06 10:41:29  [INFO] :  Is log correct?
2019-05-06 10:41:29  [PASS] :  Log correct.
2019-05-06 10:41:29  [PASS] :  Usluga zakonczona ze statusem PASS
2019-05-06 10:41:45  [INFO] :  Try log in to PF Keycloak
2019-05-06 10:42:08  [PASS] :  Log in to PF Keykloak correct.
2019-05-06 10:42:08  [INFO] :  Try to close alert.
2019-05-06 10:42:08  [PASS] :  No alerts.
2019-05-06 10:42:08  [INFO] :  Is log correct?
2019-05-06 10:42:09  [PASS] :  Log correct.
2019-05-06 10:42:09  [PASS] :  Usluga zakonczona ze statusem PASS
2019-05-06 10:58:47  [INFO] :  Try log in to PF Keycloak
2019-05-06 10:59:09  [PASS] :  Log in to PF Keykloak correct.
2019-05-06 10:59:09  [INFO] :  Try to close alert.
2019-05-06 10:59:09  [PASS] :  No alerts.
2019-05-06 10:59:09  [INFO] :  Is log correct?
2019-05-06 10:59:10  [PASS] :  Log correct.
2019-05-06 10:59:10  [PASS] :  Usluga zakonczona ze statusem PASS
2019-05-06 12:57:21  [INFO] :  Try log in to PF Keycloak
2019-05-06 12:57:47  [PASS] :  Log in to PF Keykloak correct.
2019-05-06 12:57:47  [INFO] :  Try to close alert.
2019-05-06 12:57:47  [PASS] :  No alerts.
2019-05-06 12:57:47  [INFO] :  Is log correct?
2019-05-06 12:57:48  [PASS] :  Log correct.
2019-05-06 12:57:48  [PASS] :  Usluga zakonczona ze statusem PASS
2019-05-06 12:59:03  [INFO] :  Try log in to PF Keycloak
2019-05-31 08:43:16  [INFO] :  Try log in to PF Keycloak
2019-05-31 08:43:55  [FAIL] :  org.openqa.selenium.NoSuchWindowException: no such window: target window already closed
from unknown error: web view not found
  (Session info: chrome=74.0.3729.169)
  (Driver info: chromedriver=2.37.544315 (730aa6a5fdba159ac9f4c1e8cbc59bf1b5ce12b7),platform=Windows NT 10.0.17763 x86_64) (WARNING: The server did not provide any stacktrace information)
Command duration or timeout: 0 milliseconds
Build info: version: '3.14.0', revision: 'aacccce0', time: '2018-08-02T20:05:20.749Z'
System info: host: 'DESKTOP-7VPINAG', ip: '192.168.10.164', os.name: 'Windows 10', os.arch: 'amd64', os.version: '10.0', java.version: '11.0.2'
Driver info: org.openqa.selenium.chrome.ChromeDriver
Capabilities {acceptInsecureCerts: false, acceptSslCerts: false, applicationCacheEnabled: false, browserConnectionEnabled: false, browserName: chrome, chrome: {chromedriverVersion: 2.37.544315 (730aa6a5fdba15..., userDataDir: C:\Users\Mateusz\AppData\Lo...}, cssSelectorsEnabled: true, databaseEnabled: false, handlesAlerts: true, hasTouchScreen: false, javascriptEnabled: true, locationContextEnabled: true, mobileEmulationEnabled: false, nativeEvents: true, networkConnectionEnabled: false, pageLoadStrategy: normal, platform: XP, platformName: XP, rotatable: false, setWindowRect: true, takesHeapSnapshot: true, takesScreenshot: true, unexpectedAlertBehaviour: , unhandledPromptBehavior: , version: 74.0.3729.169, webStorageEnabled: true}
Session ID: 8396f73cdf392e512031498712948053
*** Element info: {Using=id, value=username}
2019-05-31 08:43:56  [FAIL] :  org.openqa.selenium.NoSuchWindowException: no such window: target window already closed
from unknown error: web view not found
  (Session info: chrome=74.0.3729.169)
  (Driver info: chromedriver=2.37.544315 (730aa6a5fdba159ac9f4c1e8cbc59bf1b5ce12b7),platform=Windows NT 10.0.17763 x86_64) (WARNING: The server did not provide any stacktrace information)
Command duration or timeout: 0 milliseconds
Build info: version: '3.14.0', revision: 'aacccce0', time: '2018-08-02T20:05:20.749Z'
System info: host: 'DESKTOP-7VPINAG', ip: '192.168.10.164', os.name: 'Windows 10', os.arch: 'amd64', os.version: '10.0', java.version: '11.0.2'
Driver info: org.openqa.selenium.chrome.ChromeDriver
Capabilities {acceptInsecureCerts: false, acceptSslCerts: false, applicationCacheEnabled: false, browserConnectionEnabled: false, browserName: chrome, chrome: {chromedriverVersion: 2.37.544315 (730aa6a5fdba15..., userDataDir: C:\Users\Mateusz\AppData\Lo...}, cssSelectorsEnabled: true, databaseEnabled: false, handlesAlerts: true, hasTouchScreen: false, javascriptEnabled: true, locationContextEnabled: true, mobileEmulationEnabled: false, nativeEvents: true, networkConnectionEnabled: false, pageLoadStrategy: normal, platform: XP, platformName: XP, rotatable: false, setWindowRect: true, takesHeapSnapshot: true, takesScreenshot: true, unexpectedAlertBehaviour: , unhandledPromptBehavior: , version: 74.0.3729.169, webStorageEnabled: true}
Session ID: 8396f73cdf392e512031498712948053
2019-05-31 08:48:09  [INFO] :  Try log in to PF Keycloak
2019-05-31 08:48:48  [FAIL] :  org.openqa.selenium.NoSuchWindowException: no such window: target window already closed
from unknown error: web view not found
  (Session info: chrome=74.0.3729.169)
  (Driver info: chromedriver=2.37.544315 (730aa6a5fdba159ac9f4c1e8cbc59bf1b5ce12b7),platform=Windows NT 10.0.17763 x86_64) (WARNING: The server did not provide any stacktrace information)
Command duration or timeout: 0 milliseconds
Build info: version: '3.14.0', revision: 'aacccce0', time: '2018-08-02T20:05:20.749Z'
System info: host: 'DESKTOP-7VPINAG', ip: '192.168.10.164', os.name: 'Windows 10', os.arch: 'amd64', os.version: '10.0', java.version: '11.0.2'
Driver info: org.openqa.selenium.chrome.ChromeDriver
Capabilities {acceptInsecureCerts: false, acceptSslCerts: false, applicationCacheEnabled: false, browserConnectionEnabled: false, browserName: chrome, chrome: {chromedriverVersion: 2.37.544315 (730aa6a5fdba15..., userDataDir: C:\Users\Mateusz\AppData\Lo...}, cssSelectorsEnabled: true, databaseEnabled: false, handlesAlerts: true, hasTouchScreen: false, javascriptEnabled: true, locationContextEnabled: true, mobileEmulationEnabled: false, nativeEvents: true, networkConnectionEnabled: false, pageLoadStrategy: normal, platform: XP, platformName: XP, rotatable: false, setWindowRect: true, takesHeapSnapshot: true, takesScreenshot: true, unexpectedAlertBehaviour: , unhandledPromptBehavior: , version: 74.0.3729.169, webStorageEnabled: true}
Session ID: e86131ec3ffe7033fc84a65fd21f9a76
*** Element info: {Using=id, value=username}
2019-05-31 08:48:48  [FAIL] :  org.openqa.selenium.NoSuchWindowException: no such window: target window already closed
from unknown error: web view not found
  (Session info: chrome=74.0.3729.169)
  (Driver info: chromedriver=2.37.544315 (730aa6a5fdba159ac9f4c1e8cbc59bf1b5ce12b7),platform=Windows NT 10.0.17763 x86_64) (WARNING: The server did not provide any stacktrace information)
Command duration or timeout: 0 milliseconds
Build info: version: '3.14.0', revision: 'aacccce0', time: '2018-08-02T20:05:20.749Z'
System info: host: 'DESKTOP-7VPINAG', ip: '192.168.10.164', os.name: 'Windows 10', os.arch: 'amd64', os.version: '10.0', java.version: '11.0.2'
Driver info: org.openqa.selenium.chrome.ChromeDriver
Capabilities {acceptInsecureCerts: false, acceptSslCerts: false, applicationCacheEnabled: false, browserConnectionEnabled: false, browserName: chrome, chrome: {chromedriverVersion: 2.37.544315 (730aa6a5fdba15..., userDataDir: C:\Users\Mateusz\AppData\Lo...}, cssSelectorsEnabled: true, databaseEnabled: false, handlesAlerts: true, hasTouchScreen: false, javascriptEnabled: true, locationContextEnabled: true, mobileEmulationEnabled: false, nativeEvents: true, networkConnectionEnabled: false, pageLoadStrategy: normal, platform: XP, platformName: XP, rotatable: false, setWindowRect: true, takesHeapSnapshot: true, takesScreenshot: true, unexpectedAlertBehaviour: , unhandledPromptBehavior: , version: 74.0.3729.169, webStorageEnabled: true}
Session ID: e86131ec3ffe7033fc84a65fd21f9a76
2019-06-04 14:28:45  [INFO] :  Try log in to PF Keycloak
2019-06-04 14:28:51  [PASS] :  Log in to PF Keykloak correct.
2019-06-04 14:28:51  [INFO] :  Try to close alert.
2019-06-04 14:29:09  [PASS] :  No alerts.
2019-06-04 14:29:09  [INFO] :  Is log correct?
2019-06-04 14:29:39  [FAIL] :  org.openqa.selenium.NoSuchWindowException: no such window: target window already closed
from unknown error: web view not found
  (Session info: chrome=74.0.3729.169)
  (Driver info: chromedriver=2.37.544315 (730aa6a5fdba159ac9f4c1e8cbc59bf1b5ce12b7),platform=Windows NT 10.0.17763 x86_64) (WARNING: The server did not provide any stacktrace information)
Command duration or timeout: 0 milliseconds
Build info: version: '3.14.0', revision: 'aacccce0', time: '2018-08-02T20:05:20.749Z'
System info: host: 'DESKTOP-HDOB921', ip: '192.168.0.171', os.name: 'Windows 10', os.arch: 'amd64', os.version: '10.0', java.version: '11.0.1'
Driver info: org.openqa.selenium.chrome.ChromeDriver
Capabilities {acceptInsecureCerts: false, acceptSslCerts: false, applicationCacheEnabled: false, browserConnectionEnabled: false, browserName: chrome, chrome: {chromedriverVersion: 2.37.544315 (730aa6a5fdba15..., userDataDir: C:\Users\adria\AppData\Loca...}, cssSelectorsEnabled: true, databaseEnabled: false, handlesAlerts: true, hasTouchScreen: false, javascriptEnabled: true, locationContextEnabled: true, mobileEmulationEnabled: false, nativeEvents: true, networkConnectionEnabled: false, pageLoadStrategy: normal, platform: XP, platformName: XP, rotatable: false, setWindowRect: true, takesHeapSnapshot: true, takesScreenshot: true, unexpectedAlertBehaviour: , unhandledPromptBehavior: , version: 74.0.3729.169, webStorageEnabled: true}
Session ID: e842c87dc99d70d800a5b397781177ea
*** Element info: {Using=xpath, value=//a[contains(.,'New Scenario')]}
2019-06-04 14:29:40  [FAIL] :  org.openqa.selenium.NoSuchWindowException: no such window: target window already closed
from unknown error: web view not found
  (Session info: chrome=74.0.3729.169)
  (Driver info: chromedriver=2.37.544315 (730aa6a5fdba159ac9f4c1e8cbc59bf1b5ce12b7),platform=Windows NT 10.0.17763 x86_64) (WARNING: The server did not provide any stacktrace information)
Command duration or timeout: 0 milliseconds
Build info: version: '3.14.0', revision: 'aacccce0', time: '2018-08-02T20:05:20.749Z'
System info: host: 'DESKTOP-HDOB921', ip: '192.168.0.171', os.name: 'Windows 10', os.arch: 'amd64', os.version: '10.0', java.version: '11.0.1'
Driver info: org.openqa.selenium.chrome.ChromeDriver
Capabilities {acceptInsecureCerts: false, acceptSslCerts: false, applicationCacheEnabled: false, browserConnectionEnabled: false, browserName: chrome, chrome: {chromedriverVersion: 2.37.544315 (730aa6a5fdba15..., userDataDir: C:\Users\adria\AppData\Loca...}, cssSelectorsEnabled: true, databaseEnabled: false, handlesAlerts: true, hasTouchScreen: false, javascriptEnabled: true, locationContextEnabled: true, mobileEmulationEnabled: false, nativeEvents: true, networkConnectionEnabled: false, pageLoadStrategy: normal, platform: XP, platformName: XP, rotatable: false, setWindowRect: true, takesHeapSnapshot: true, takesScreenshot: true, unexpectedAlertBehaviour: , unhandledPromptBehavior: , version: 74.0.3729.169, webStorageEnabled: true}
Session ID: e842c87dc99d70d800a5b397781177ea
2019-06-25 03:34:52  [FAIL] :  java.lang.IllegalArgumentException: Brak parametru: user
2019-06-25 03:36:07  [INFO] :  Open page: https://keycloak-pf02.makeitright.pl/powerfarm/
2019-06-25 03:36:13  [PASS] :  Open page: https://keycloak-pf02.makeitright.pl/powerfarm/
2019-06-25 03:36:13  [INFO] :  Select user: developer
2019-06-25 03:36:13  [PASS] :  Select user: developer
2019-06-25 03:36:13  [INFO] :  Select password
2019-06-25 03:36:13  [PASS] :  Select password
2019-06-25 03:36:13  [INFO] :  Select Login
2019-06-25 03:36:16  [PASS] :  Select Login
2019-06-25 03:36:16  [PASS] :  Usluga zakonczona ze statusem PASS
2019-06-25 10:50:33  [INFO] :  Open page: https://keycloak-pf02.makeitright.pl/powerfarm/
2019-06-25 10:50:37  [PASS] :  Open page: https://keycloak-pf02.makeitright.pl/powerfarm/
2019-06-25 10:50:37  [INFO] :  Select user: developer
2019-06-25 10:50:37  [PASS] :  Select user: developer
2019-06-25 10:50:37  [INFO] :  Select password
2019-06-25 10:50:37  [PASS] :  Select password
2019-06-25 10:50:37  [INFO] :  Select Login
2019-06-25 10:50:39  [PASS] :  Select Login
2019-06-25 10:50:39  [PASS] :  Usluga zakonczona ze statusem PASS
2019-06-25 11:01:37  [INFO] :  Open page: https://keycloak-pf02.makeitright.pl/powerfarm/
2019-06-25 11:01:42  [PASS] :  Open page: https://keycloak-pf02.makeitright.pl/powerfarm/
2019-06-25 11:01:42  [INFO] :  Select user: developer
2019-06-25 11:01:42  [PASS] :  Select user: developer
2019-06-25 11:01:42  [INFO] :  Select password
2019-06-25 11:01:42  [PASS] :  Select password
2019-06-25 11:01:42  [INFO] :  Select Login
2019-06-25 11:01:45  [PASS] :  Select Login
2019-06-25 11:01:45  [PASS] :  Usluga zakonczona ze statusem PASS
2019-06-25 11:06:30  [INFO] :  Open page: https://keycloak-pf02.makeitright.pl/powerfarm/
2019-06-25 11:06:34  [PASS] :  Open page: https://keycloak-pf02.makeitright.pl/powerfarm/
2019-06-25 11:06:34  [INFO] :  Select user: developer
2019-06-25 11:06:34  [PASS] :  Select user: developer
2019-06-25 11:06:34  [INFO] :  Select password
2019-06-25 11:06:34  [PASS] :  Select password
2019-06-25 11:06:34  [INFO] :  Select Login
2019-06-25 11:06:37  [PASS] :  Select Login
2019-06-25 11:06:37  [PASS] :  Usluga zakonczona ze statusem PASS
2019-06-27 10:11:25  [INFO] :  Open page: https://keycloak-pf02.makeitright.pl/powerfarm/
2019-06-27 10:11:29  [PASS] :  Open page: https://keycloak-pf02.makeitright.pl/powerfarm/
2019-06-27 10:11:29  [INFO] :  Select user: developer
2019-06-27 10:11:29  [PASS] :  Select user: developer
2019-06-27 10:11:29  [INFO] :  Select password
2019-06-27 10:11:30  [PASS] :  Select password
2019-06-27 10:11:30  [INFO] :  Select Login
2019-06-27 10:11:32  [PASS] :  Select Login
2019-06-27 10:11:32  [PASS] :  Usluga zakonczona ze statusem PASS
2019-06-27 10:25:29  [INFO] :  Open page: https://keycloak-pf02.makeitright.pl/powerfarm/
2019-06-27 10:25:35  [PASS] :  Open page: https://keycloak-pf02.makeitright.pl/powerfarm/
2019-06-27 10:25:35  [INFO] :  Select user: developer
2019-06-27 10:25:35  [PASS] :  Select user: developer
2019-06-27 10:25:35  [INFO] :  Select password
2019-06-27 10:25:35  [PASS] :  Select password
2019-06-27 10:25:35  [INFO] :  Select Login
2019-06-27 10:25:37  [PASS] :  Select Login
2019-06-27 10:25:37  [PASS] :  Usluga zakonczona ze statusem PASS
2019-06-27 10:38:32  [INFO] :  Open page: https://keycloak-pf02.makeitright.pl/powerfarm/
2019-06-27 10:38:36  [PASS] :  Open page: https://keycloak-pf02.makeitright.pl/powerfarm/
2019-06-27 10:38:36  [INFO] :  Select user: developer
2019-06-27 10:38:36  [PASS] :  Select user: developer
2019-06-27 10:38:36  [INFO] :  Select password
2019-06-27 10:38:36  [PASS] :  Select password
2019-06-27 10:38:36  [INFO] :  Select Login
2019-06-27 10:38:38  [PASS] :  Select Login
2019-06-27 10:38:38  [PASS] :  Usluga zakonczona ze statusem PASS
2019-06-27 10:56:24  [INFO] :  Open page: https://keycloak-pf02.makeitright.pl/powerfarm/
2019-06-27 10:56:30  [PASS] :  Open page: https://keycloak-pf02.makeitright.pl/powerfarm/
2019-06-27 10:56:30  [INFO] :  Select user: developer
2019-06-27 10:56:30  [PASS] :  Select user: developer
2019-06-27 10:56:30  [INFO] :  Select password
2019-06-27 10:56:30  [PASS] :  Select password
2019-06-27 10:56:30  [INFO] :  Select Login
2019-06-27 10:56:32  [PASS] :  Select Login
2019-06-27 10:56:32  [PASS] :  Usluga zakonczona ze statusem PASS
2019-06-27 11:54:13  [INFO] :  Open page: https://keycloak-pf02.makeitright.pl/powerfarm/
2019-06-27 11:54:18  [PASS] :  Open page: https://keycloak-pf02.makeitright.pl/powerfarm/
2019-06-27 11:54:18  [INFO] :  Select user: developer
2019-06-27 11:54:18  [PASS] :  Select user: developer
2019-06-27 11:54:18  [INFO] :  Select password
2019-06-27 11:54:18  [PASS] :  Select password
2019-06-27 11:54:18  [INFO] :  Select Login
2019-06-27 11:54:20  [PASS] :  Select Login
2019-06-27 11:54:20  [PASS] :  Usluga zakonczona ze statusem PASS
2019-07-02 09:16:52  [INFO] :  Open page: https://keycloak-pf02.makeitright.pl/powerfarm/
2019-07-02 09:16:56  [PASS] :  Open page: https://keycloak-pf02.makeitright.pl/powerfarm/
2019-07-02 09:16:56  [INFO] :  Select user: developer
2019-07-02 09:16:56  [PASS] :  Select user: developer
2019-07-02 09:16:56  [INFO] :  Select password
2019-07-02 09:16:56  [PASS] :  Select password
2019-07-02 09:16:56  [INFO] :  Select Login
2019-07-02 09:16:58  [PASS] :  Select Login
2019-07-02 09:16:59  [PASS] :  Usluga zakonczona ze statusem PASS
2019-07-02 09:17:33  [INFO] :  Open page: https://keycloak-pf02.makeitright.pl/powerfarm/
2019-07-02 09:17:37  [PASS] :  Open page: https://keycloak-pf02.makeitright.pl/powerfarm/
2019-07-02 09:17:37  [INFO] :  Select user: developer
2019-07-02 09:17:37  [PASS] :  Select user: developer
2019-07-02 09:17:37  [INFO] :  Select password
2019-07-02 09:17:37  [PASS] :  Select password
2019-07-02 09:17:37  [INFO] :  Select Login
2019-07-02 09:17:39  [PASS] :  Select Login
2019-07-02 09:17:39  [PASS] :  Usluga zakonczona ze statusem PASS
2019-07-02 11:46:54  [INFO] :  Open page: https://keycloak-pf02.makeitright.pl/powerfarm/
2019-07-02 11:46:59  [PASS] :  Open page: https://keycloak-pf02.makeitright.pl/powerfarm/
2019-07-02 11:46:59  [INFO] :  Select user: developer
2019-07-02 11:46:59  [PASS] :  Select user: developer
2019-07-02 11:46:59  [INFO] :  Select password
2019-07-02 11:46:59  [PASS] :  Select password
2019-07-02 11:46:59  [INFO] :  Select Login
2019-07-02 11:47:01  [PASS] :  Select Login
2019-07-02 11:47:01  [PASS] :  Usluga zakonczona ze statusem PASS
2019-07-03 11:57:33  [INFO] :  Open page: https://keycloak-pf02.makeitright.pl/powerfarm/
2019-07-03 11:57:38  [PASS] :  Open page: https://keycloak-pf02.makeitright.pl/powerfarm/
2019-07-03 11:57:38  [INFO] :  Select user: developer
2019-07-03 11:57:38  [PASS] :  Select user: developer
2019-07-03 11:57:38  [INFO] :  Select password
2019-07-03 11:57:38  [PASS] :  Select password
2019-07-03 11:57:38  [INFO] :  Select Login
2019-07-03 11:57:40  [PASS] :  Select Login
2019-07-03 11:57:40  [INFO] :  Log correct
2019-07-03 11:57:41  [PASS] :  Log correct
2019-07-03 11:57:41  [PASS] :  Usluga zakonczona ze statusem PASS
2019-09-09 12:35:06  [INFO] :  Open page: https://keycloak-pf02.makeitright.pl/powerfarm/
2019-09-09 12:35:09  [PASS] :  Open page: https://keycloak-pf02.makeitright.pl/powerfarm/
2019-09-09 12:35:09  [INFO] :  Select user: developer
2019-09-09 12:35:09  [PASS] :  Select user: developer
2019-09-09 12:35:09  [INFO] :  Select password
2019-09-09 12:35:09  [FAIL] :  org.openqa.selenium.WebDriverException: unknown error: keys should be a string
  (Session info: chrome=76.0.3809.132)
  (Driver info: chromedriver=2.37.544315 (730aa6a5fdba159ac9f4c1e8cbc59bf1b5ce12b7),platform=Windows NT 10.0.17763 x86_64) (WARNING: The server did not provide any stacktrace information)
Command duration or timeout: 0 milliseconds
Build info: version: '3.14.0', revision: 'aacccce0', time: '2018-08-02T20:05:20.749Z'
System info: host: 'DESKTOP-7VPINAG', ip: '10.222.16.105', os.name: 'Windows 10', os.arch: 'amd64', os.version: '10.0', java.version: '11.0.2'
Driver info: org.openqa.selenium.chrome.ChromeDriver
Capabilities {acceptInsecureCerts: false, acceptSslCerts: false, applicationCacheEnabled: false, browserConnectionEnabled: false, browserName: chrome, chrome: {chromedriverVersion: 2.37.544315 (730aa6a5fdba15..., userDataDir: C:\Users\Mateusz\AppData\Lo...}, cssSelectorsEnabled: true, databaseEnabled: false, handlesAlerts: true, hasTouchScreen: false, javascriptEnabled: true, locationContextEnabled: true, mobileEmulationEnabled: false, nativeEvents: true, networkConnectionEnabled: false, pageLoadStrategy: normal, platform: XP, platformName: XP, rotatable: false, setWindowRect: true, takesHeapSnapshot: true, takesScreenshot: true, unexpectedAlertBehaviour: , unhandledPromptBehavior: , version: 76.0.3809.132, webStorageEnabled: true}
Session ID: 821feecf0f7de016243d36077851763e
2019-09-09 12:36:24  [INFO] :  Open page: https://keycloak-pf02.makeitright.pl/powerfarm/
2019-09-09 12:36:26  [PASS] :  Open page: https://keycloak-pf02.makeitright.pl/powerfarm/
2019-09-09 12:36:26  [INFO] :  Select user: developer
2019-09-09 12:36:26  [PASS] :  Select user: developer
2019-09-09 12:36:26  [INFO] :  Select password
2019-09-09 12:36:27  [FAIL] :  org.openqa.selenium.WebDriverException: unknown error: keys should be a string
  (Session info: chrome=76.0.3809.132)
  (Driver info: chromedriver=2.37.544315 (730aa6a5fdba159ac9f4c1e8cbc59bf1b5ce12b7),platform=Windows NT 10.0.17763 x86_64) (WARNING: The server did not provide any stacktrace information)
Command duration or timeout: 0 milliseconds
Build info: version: '3.14.0', revision: 'aacccce0', time: '2018-08-02T20:05:20.749Z'
System info: host: 'DESKTOP-7VPINAG', ip: '10.222.16.105', os.name: 'Windows 10', os.arch: 'amd64', os.version: '10.0', java.version: '11.0.2'
Driver info: org.openqa.selenium.chrome.ChromeDriver
Capabilities {acceptInsecureCerts: false, acceptSslCerts: false, applicationCacheEnabled: false, browserConnectionEnabled: false, browserName: chrome, chrome: {chromedriverVersion: 2.37.544315 (730aa6a5fdba15..., userDataDir: C:\Users\Mateusz\AppData\Lo...}, cssSelectorsEnabled: true, databaseEnabled: false, handlesAlerts: true, hasTouchScreen: false, javascriptEnabled: true, locationContextEnabled: true, mobileEmulationEnabled: false, nativeEvents: true, networkConnectionEnabled: false, pageLoadStrategy: normal, platform: XP, platformName: XP, rotatable: false, setWindowRect: true, takesHeapSnapshot: true, takesScreenshot: true, unexpectedAlertBehaviour: , unhandledPromptBehavior: , version: 76.0.3809.132, webStorageEnabled: true}
Session ID: 230e2030efbb289513d1cdcbbf8dbbf3
2019-09-09 12:37:49  [INFO] :  Open page: https://keycloak-pf02.makeitright.pl/powerfarm/
2019-09-09 12:37:52  [PASS] :  Open page: https://keycloak-pf02.makeitright.pl/powerfarm/
2019-09-09 12:37:52  [INFO] :  Select user: developer
2019-09-09 12:37:52  [PASS] :  Select user: developer
2019-09-09 12:37:52  [INFO] :  Select password
2019-09-09 12:37:52  [FAIL] :  org.openqa.selenium.WebDriverException: unknown error: keys should be a string
  (Session info: chrome=76.0.3809.132)
  (Driver info: chromedriver=2.37.544315 (730aa6a5fdba159ac9f4c1e8cbc59bf1b5ce12b7),platform=Windows NT 10.0.17763 x86_64) (WARNING: The server did not provide any stacktrace information)
Command duration or timeout: 0 milliseconds
Build info: version: '3.14.0', revision: 'aacccce0', time: '2018-08-02T20:05:20.749Z'
System info: host: 'DESKTOP-7VPINAG', ip: '10.222.16.105', os.name: 'Windows 10', os.arch: 'amd64', os.version: '10.0', java.version: '11.0.2'
Driver info: org.openqa.selenium.chrome.ChromeDriver
Capabilities {acceptInsecureCerts: false, acceptSslCerts: false, applicationCacheEnabled: false, browserConnectionEnabled: false, browserName: chrome, chrome: {chromedriverVersion: 2.37.544315 (730aa6a5fdba15..., userDataDir: C:\Users\Mateusz\AppData\Lo...}, cssSelectorsEnabled: true, databaseEnabled: false, handlesAlerts: true, hasTouchScreen: false, javascriptEnabled: true, locationContextEnabled: true, mobileEmulationEnabled: false, nativeEvents: true, networkConnectionEnabled: false, pageLoadStrategy: normal, platform: XP, platformName: XP, rotatable: false, setWindowRect: true, takesHeapSnapshot: true, takesScreenshot: true, unexpectedAlertBehaviour: , unhandledPromptBehavior: , version: 76.0.3809.132, webStorageEnabled: true}
Session ID: bef46bb5e19e23e516b31b72d9f6ff58
2019-09-09 12:40:32  [INFO] :  Open page: https://keycloak-pf02.makeitright.pl/powerfarm/
2019-09-09 12:40:34  [PASS] :  Open page: https://keycloak-pf02.makeitright.pl/powerfarm/
2019-09-09 12:40:34  [INFO] :  Select user: developer
2019-09-09 12:40:34  [PASS] :  Select user: developer
2019-09-09 12:40:34  [INFO] :  Select password
2019-09-09 12:40:35  [PASS] :  Select password
2019-09-09 12:40:35  [INFO] :  Select Login
2019-09-09 12:40:35  [PASS] :  Select Login
2019-09-09 12:40:35  [INFO] :  Log correct
2019-09-09 12:40:36  [PASS] :  Log correct
2019-09-09 12:40:36  [PASS] :  Usluga zakonczona ze statusem PASS
2019-10-04 08:44:19  [INFO] :  Open page: https://keycloak-pf02.makeitright.pl/powerfarm/
2019-10-04 08:44:20  [PASS] :  Open page: https://keycloak-pf02.makeitright.pl/powerfarm/
2019-10-04 08:44:20  [INFO] :  Select user: developer
2019-10-04 08:44:21  [PASS] :  Select user: developer
2019-10-04 08:44:21  [INFO] :  Select password
2019-10-04 08:44:21  [PASS] :  Select password
2019-10-04 08:44:21  [INFO] :  Select Login
2019-10-04 08:44:21  [PASS] :  Select Login
2019-10-04 08:44:21  [INFO] :  Log correct
2019-10-04 08:44:29  [FAIL] :  java.lang.NullPointerException
2019-10-04 08:44:29  [FAIL] :  org.openqa.selenium.NoSuchWindowException: no such window: target window already closed
from unknown error: web view not found
  (Session info: chrome=77.0.3865.90)
Build info: version: '3.14.0', revision: 'aacccce0', time: '2018-08-02T20:05:20.749Z'
System info: host: 'MacBook-Pro-Kamil.local', ip: 'fe80:0:0:0:10d7:822d:7783:1ea7%en0', os.name: 'Mac OS X', os.arch: 'x86_64', os.version: '10.14.6', java.version: '11.0.2'
Driver info: org.openqa.selenium.chrome.ChromeDriver
Capabilities {acceptInsecureCerts: false, browserName: chrome, browserVersion: 77.0.3865.90, chrome: {chromedriverVersion: 77.0.3865.40 (f484704e052e0..., userDataDir: /var/folders/b9/d1xyh9tx6tx...}, goog:chromeOptions: {debuggerAddress: localhost:52059}, javascriptEnabled: true, networkConnectionEnabled: false, pageLoadStrategy: normal, platform: MAC, platformName: MAC, proxy: Proxy(), setWindowRect: true, strictFileInteractability: false, timeouts: {implicit: 0, pageLoad: 300000, script: 30000}, unhandledPromptBehavior: dismiss and notify}
Session ID: 3689d34e027878ac3d9e85479c9aa885
2019-10-04 08:45:31  [INFO] :  Open page: https://keycloak-pf02.makeitright.pl/powerfarm/
2019-10-04 08:45:32  [PASS] :  Open page: https://keycloak-pf02.makeitright.pl/powerfarm/
2019-10-04 08:45:32  [INFO] :  Select user: developer
2019-10-04 08:45:32  [PASS] :  Select user: developer
2019-10-04 08:45:32  [INFO] :  Select password
2019-10-04 08:45:33  [PASS] :  Select password
2019-10-04 08:45:33  [INFO] :  Select Login
2019-10-04 08:45:33  [PASS] :  Select Login
2019-10-04 08:45:33  [INFO] :  Log correct
2019-10-04 08:46:35  [INFO] :  Open page: https://keycloak-pf02.makeitright.pl/powerfarm/
2019-10-04 08:46:36  [PASS] :  Open page: https://keycloak-pf02.makeitright.pl/powerfarm/
2019-10-04 08:46:36  [INFO] :  Select user: developer
2019-10-04 08:46:36  [PASS] :  Select user: developer
2019-10-04 08:46:36  [INFO] :  Select password
2019-10-04 08:46:36  [PASS] :  Select password
2019-10-04 08:46:36  [INFO] :  Select Login
2019-10-04 08:46:37  [PASS] :  Select Login
2019-10-04 08:46:37  [INFO] :  Log correct
2019-10-04 08:46:40  [FAIL] :  java.lang.NullPointerException
2019-10-04 08:46:40  [FAIL] :  org.openqa.selenium.NoSuchWindowException: no such window: target window already closed
from unknown error: web view not found
  (Session info: chrome=77.0.3865.90)
Build info: version: '3.14.0', revision: 'aacccce0', time: '2018-08-02T20:05:20.749Z'
System info: host: 'MacBook-Pro-Kamil.local', ip: 'fe80:0:0:0:10d7:822d:7783:1ea7%en0', os.name: 'Mac OS X', os.arch: 'x86_64', os.version: '10.14.6', java.version: '11.0.2'
Driver info: org.openqa.selenium.chrome.ChromeDriver
Capabilities {acceptInsecureCerts: false, browserName: chrome, browserVersion: 77.0.3865.90, chrome: {chromedriverVersion: 77.0.3865.40 (f484704e052e0..., userDataDir: /var/folders/b9/d1xyh9tx6tx...}, goog:chromeOptions: {debuggerAddress: localhost:52192}, javascriptEnabled: true, networkConnectionEnabled: false, pageLoadStrategy: normal, platform: MAC, platformName: MAC, proxy: Proxy(), setWindowRect: true, strictFileInteractability: false, timeouts: {implicit: 0, pageLoad: 300000, script: 30000}, unhandledPromptBehavior: dismiss and notify}
Session ID: c580223dbfe65c79664b62023bb49bbc
2019-10-04 08:46:46  [PASS] :  Log correct
2019-10-04 08:46:46  [FAIL] :  java.lang.AssertionError: expected [true] but found [false]
2019-10-04 08:47:29  [INFO] :  Open page: https://keycloak-pf02.makeitright.pl/powerfarm/
2019-10-04 08:47:31  [PASS] :  Open page: https://keycloak-pf02.makeitright.pl/powerfarm/
2019-10-04 08:47:31  [INFO] :  Select user: developer
2019-10-04 08:47:31  [PASS] :  Select user: developer
2019-10-04 08:47:31  [INFO] :  Select password
2019-10-04 08:47:31  [PASS] :  Select password
2019-10-04 08:47:31  [INFO] :  Select Login
2019-10-04 08:47:32  [PASS] :  Select Login
2019-10-04 08:47:32  [INFO] :  Log correct
2019-10-04 08:48:45  [PASS] :  Log correct
2019-10-04 08:48:45  [FAIL] :  java.lang.AssertionError: expected [true] but found [false]
2019-10-04 09:02:37  [INFO] :  Open page: https://keycloak-pf02.makeitright.pl/powerfarm/
2019-10-04 09:02:39  [PASS] :  Open page: https://keycloak-pf02.makeitright.pl/powerfarm/
2019-10-04 09:02:39  [INFO] :  Select user: developer
2019-10-04 09:02:39  [PASS] :  Select user: developer
2019-10-04 09:02:39  [INFO] :  Select password
2019-10-04 09:02:39  [PASS] :  Select password
2019-10-04 09:02:39  [INFO] :  Select Login
2019-10-04 09:02:40  [PASS] :  Select Login
2019-10-04 09:02:40  [INFO] :  Log correct
2019-10-04 09:03:52  [PASS] :  Log correct
2019-10-04 09:03:52  [FAIL] :  java.lang.AssertionError: expected [true] but found [false]
2019-10-04 09:07:16  [INFO] :  Open page: https://keycloak-pf02.makeitright.pl/powerfarm/
2019-10-04 09:07:17  [PASS] :  Open page: https://keycloak-pf02.makeitright.pl/powerfarm/
2019-10-04 09:07:17  [INFO] :  Select user: developer
2019-10-04 09:07:17  [PASS] :  Select user: developer
2019-10-04 09:07:17  [INFO] :  Select password
2019-10-04 09:07:17  [PASS] :  Select password
2019-10-04 09:07:17  [INFO] :  Select Login
2019-10-04 09:07:18  [PASS] :  Select Login
2019-10-04 09:07:18  [INFO] :  Log correct
2019-10-04 09:07:21  [FAIL] :  java.lang.NullPointerException
2019-10-04 09:07:22  [FAIL] :  org.openqa.selenium.NoSuchWindowException: no such window: target window already closed
from unknown error: web view not found
  (Session info: chrome=77.0.3865.90)
Build info: version: '3.14.0', revision: 'aacccce0', time: '2018-08-02T20:05:20.749Z'
System info: host: 'MacBook-Pro-Kamil.local', ip: 'fe80:0:0:0:10d7:822d:7783:1ea7%en0', os.name: 'Mac OS X', os.arch: 'x86_64', os.version: '10.14.6', java.version: '11.0.2'
Driver info: org.openqa.selenium.chrome.ChromeDriver
Capabilities {acceptInsecureCerts: false, browserName: chrome, browserVersion: 77.0.3865.90, chrome: {chromedriverVersion: 77.0.3865.40 (f484704e052e0..., userDataDir: /var/folders/b9/d1xyh9tx6tx...}, goog:chromeOptions: {debuggerAddress: localhost:52635}, javascriptEnabled: true, networkConnectionEnabled: false, pageLoadStrategy: normal, platform: MAC, platformName: MAC, proxy: Proxy(), setWindowRect: true, strictFileInteractability: false, timeouts: {implicit: 0, pageLoad: 300000, script: 30000}, unhandledPromptBehavior: dismiss and notify}
Session ID: 4eefd962b85bf8b5b21bc7919ee5e8e8
2019-10-04 09:14:05  [INFO] :  Open page: https://keycloak-pf02.makeitright.pl/powerfarm/
2019-10-04 09:14:06  [PASS] :  Open page: https://keycloak-pf02.makeitright.pl/powerfarm/
2019-10-04 09:14:06  [INFO] :  Select user: developer
2019-10-04 09:14:06  [PASS] :  Select user: developer
2019-10-04 09:14:06  [INFO] :  Select password
2019-10-04 09:14:06  [PASS] :  Select password
2019-10-04 09:14:06  [INFO] :  Select Login
2019-10-04 09:14:07  [PASS] :  Select Login
2019-10-04 09:14:07  [INFO] :  Log correct
2019-10-04 09:15:20  [PASS] :  Log correct
2019-10-04 09:15:20  [FAIL] :  java.lang.AssertionError: expected [true] but found [false]
2019-10-04 11:56:44  [INFO] :  Open page: https://keycloak-pf02.makeitright.pl/powerfarm/
2019-10-04 11:56:45  [PASS] :  Open page: https://keycloak-pf02.makeitright.pl/powerfarm/
2019-10-04 11:56:45  [INFO] :  Select user: developer
2019-10-04 11:56:45  [PASS] :  Select user: developer
2019-10-04 11:56:45  [INFO] :  Select password
2019-10-04 11:56:45  [PASS] :  Select password
2019-10-04 11:56:45  [INFO] :  Select Login
2019-10-04 11:56:46  [PASS] :  Select Login
2019-10-07 08:15:22  [INFO] :  Open page: https://keycloak-pf02.makeitright.pl/powerfarm/
2019-10-07 08:15:23  [PASS] :  Open page: https://keycloak-pf02.makeitright.pl/powerfarm/
2019-10-07 08:15:23  [INFO] :  Select user: developer
2019-10-07 08:15:23  [PASS] :  Select user: developer
2019-10-07 08:15:23  [INFO] :  Select password
2019-10-07 08:15:24  [PASS] :  Select password
2019-10-07 08:15:24  [INFO] :  Select Login
2019-10-07 08:15:24  [PASS] :  Select Login
2019-10-07 08:16:12  [INFO] :  Open page: https://keycloak-pf02.makeitright.pl/powerfarm/
2019-10-07 08:16:13  [PASS] :  Open page: https://keycloak-pf02.makeitright.pl/powerfarm/
2019-10-07 08:16:13  [INFO] :  Select user: developer
2019-10-07 08:16:13  [PASS] :  Select user: developer
2019-10-07 08:16:13  [INFO] :  Select password
2019-10-07 08:16:13  [PASS] :  Select password
2019-10-07 08:16:13  [INFO] :  Select Login
2019-10-07 08:16:14  [PASS] :  Select Login
2019-10-07 08:16:28  [INFO] :  Log correct
2019-10-07 08:16:28  [PASS] :  Log correct
2019-10-07 08:16:28  [INFO] :  try to click on Schedule List
2019-10-07 08:16:30  [PASS] :  Schedule List clicked.
2019-10-07 08:16:30  [INFO] :  search for 1a83de07-84f4-c25d-1b8b-735afac4eea5 on Scheadule List
2019-10-07 08:34:13  [INFO] :  Open page: https://keycloak-pf02.makeitright.pl/powerfarm/
2019-10-07 08:34:15  [PASS] :  Open page: https://keycloak-pf02.makeitright.pl/powerfarm/
2019-10-07 08:34:15  [INFO] :  Select user: developer
2019-10-07 08:34:15  [PASS] :  Select user: developer
2019-10-07 08:34:15  [INFO] :  Select password
2019-10-07 08:34:15  [PASS] :  Select password
2019-10-07 08:34:15  [INFO] :  Select Login
2019-10-07 08:34:16  [PASS] :  Select Login
2019-10-07 08:34:16  [INFO] :  Log correct
2019-10-07 08:34:17  [PASS] :  Log correct
2019-10-07 08:34:17  [INFO] :  try to click on Schedule List
2019-10-07 08:34:17  [PASS] :  Schedule List clicked.
2019-10-07 08:34:17  [INFO] :  search for 1a83de07-84f4-c25d-1b8b-735afac4eea5 on Scheadule List
2019-10-07 08:34:17  [ERROR] :  Order is in status: Execution
2019-10-07 08:34:17  [FAIL] :  java.lang.AssertionError: Order paused expected [true] but found [false]
2019-10-07 08:38:06  [INFO] :  Open page: https://keycloak-pf02.makeitright.pl/powerfarm/
2019-10-07 08:38:07  [PASS] :  Open page: https://keycloak-pf02.makeitright.pl/powerfarm/
2019-10-07 08:38:07  [INFO] :  Select user: developer
2019-10-07 08:38:07  [PASS] :  Select user: developer
2019-10-07 08:38:07  [INFO] :  Select password
2019-10-07 08:38:08  [PASS] :  Select password
2019-10-07 08:38:08  [INFO] :  Select Login
2019-10-07 08:38:08  [PASS] :  Select Login
2019-10-07 08:38:08  [INFO] :  Log correct
2019-10-07 08:38:09  [PASS] :  Log correct
2019-10-07 08:38:09  [INFO] :  try to click on Schedule List
2019-10-07 08:38:10  [PASS] :  Schedule List clicked.
2019-10-07 08:38:10  [INFO] :  search for 1a83de07-84f4-c25d-1b8b-735afac4eea5 on Scheadule List
2019-10-07 08:38:10  [FAIL] :  org.openqa.selenium.StaleElementReferenceException: stale element reference: element is not attached to the page document
  (Session info: chrome=77.0.3865.90)
For documentation on this error, please visit: http://seleniumhq.org/exceptions/stale_element_reference.html
Build info: version: '3.14.0', revision: 'aacccce0', time: '2018-08-02T20:05:20.749Z'
System info: host: 'MacBook-Pro-Kamil.local', ip: 'fe80:0:0:0:10d7:822d:7783:1ea7%en0', os.name: 'Mac OS X', os.arch: 'x86_64', os.version: '10.14.6', java.version: '11.0.2'
Driver info: org.openqa.selenium.chrome.ChromeDriver
Capabilities {acceptInsecureCerts: false, browserName: chrome, browserVersion: 77.0.3865.90, chrome: {chromedriverVersion: 77.0.3865.40 (f484704e052e0..., userDataDir: /var/folders/b9/d1xyh9tx6tx...}, goog:chromeOptions: {debuggerAddress: localhost:61557}, javascriptEnabled: true, networkConnectionEnabled: false, pageLoadStrategy: normal, platform: MAC, platformName: MAC, proxy: Proxy(), setWindowRect: true, strictFileInteractability: false, timeouts: {implicit: 0, pageLoad: 300000, script: 30000}, unhandledPromptBehavior: dismiss and notify}
Session ID: dc57a01318b097e9fc69e5f8c267dd6f
*** Element info: {Using=class name, value=ng-star-inserted}
2019-10-07 08:38:46  [INFO] :  Open page: https://keycloak-pf02.makeitright.pl/powerfarm/
2019-10-07 08:38:48  [PASS] :  Open page: https://keycloak-pf02.makeitright.pl/powerfarm/
2019-10-07 08:38:48  [INFO] :  Select user: developer
2019-10-07 08:38:48  [PASS] :  Select user: developer
2019-10-07 08:38:48  [INFO] :  Select password
2019-10-07 08:38:48  [PASS] :  Select password
2019-10-07 08:38:48  [INFO] :  Select Login
2019-10-07 08:38:49  [PASS] :  Select Login
2019-10-07 08:38:49  [INFO] :  Log correct
2019-10-07 08:38:49  [PASS] :  Log correct
2019-10-07 08:38:49  [INFO] :  try to click on Schedule List
2019-10-07 08:38:50  [PASS] :  Schedule List clicked.
2019-10-07 08:38:50  [INFO] :  search for 1a83de07-84f4-c25d-1b8b-735afac4eea5 on Scheadule List
2019-10-07 08:38:50  [FAIL] :  org.openqa.selenium.StaleElementReferenceException: stale element reference: element is not attached to the page document
  (Session info: chrome=77.0.3865.90)
For documentation on this error, please visit: http://seleniumhq.org/exceptions/stale_element_reference.html
Build info: version: '3.14.0', revision: 'aacccce0', time: '2018-08-02T20:05:20.749Z'
System info: host: 'MacBook-Pro-Kamil.local', ip: 'fe80:0:0:0:10d7:822d:7783:1ea7%en0', os.name: 'Mac OS X', os.arch: 'x86_64', os.version: '10.14.6', java.version: '11.0.2'
Driver info: org.openqa.selenium.chrome.ChromeDriver
Capabilities {acceptInsecureCerts: false, browserName: chrome, browserVersion: 77.0.3865.90, chrome: {chromedriverVersion: 77.0.3865.40 (f484704e052e0..., userDataDir: /var/folders/b9/d1xyh9tx6tx...}, goog:chromeOptions: {debuggerAddress: localhost:61607}, javascriptEnabled: true, networkConnectionEnabled: false, pageLoadStrategy: normal, platform: MAC, platformName: MAC, proxy: Proxy(), setWindowRect: true, strictFileInteractability: false, timeouts: {implicit: 0, pageLoad: 300000, script: 30000}, unhandledPromptBehavior: dismiss and notify}
Session ID: bbf059ddb0a0a25d39026629afb00a54
2019-10-07 08:41:00  [INFO] :  Open page: https://keycloak-pf02.makeitright.pl/powerfarm/
2019-10-07 08:41:01  [PASS] :  Open page: https://keycloak-pf02.makeitright.pl/powerfarm/
2019-10-07 08:41:01  [INFO] :  Select user: developer
2019-10-07 08:41:01  [PASS] :  Select user: developer
2019-10-07 08:41:01  [INFO] :  Select password
2019-10-07 08:41:01  [PASS] :  Select password
2019-10-07 08:41:01  [INFO] :  Select Login
2019-10-07 08:41:02  [PASS] :  Select Login
2019-10-07 08:41:02  [INFO] :  Log correct
2019-10-07 08:41:03  [PASS] :  Log correct
2019-10-07 08:41:03  [INFO] :  try to click on Schedule List
2019-10-07 08:41:03  [PASS] :  Schedule List clicked.
2019-10-07 08:41:03  [INFO] :  search for 1a83de07-84f4-c25d-1b8b-735afac4eea5 on Scheadule List
2019-10-07 08:41:51  [FAIL] :  org.openqa.selenium.StaleElementReferenceException: stale element reference: element is not attached to the page document
  (Session info: chrome=77.0.3865.90)
For documentation on this error, please visit: http://seleniumhq.org/exceptions/stale_element_reference.html
Build info: version: '3.14.0', revision: 'aacccce0', time: '2018-08-02T20:05:20.749Z'
System info: host: 'MacBook-Pro-Kamil.local', ip: 'fe80:0:0:0:10d7:822d:7783:1ea7%en0', os.name: 'Mac OS X', os.arch: 'x86_64', os.version: '10.14.6', java.version: '11.0.2'
Driver info: org.openqa.selenium.chrome.ChromeDriver
Capabilities {acceptInsecureCerts: false, browserName: chrome, browserVersion: 77.0.3865.90, chrome: {chromedriverVersion: 77.0.3865.40 (f484704e052e0..., userDataDir: /var/folders/b9/d1xyh9tx6tx...}, goog:chromeOptions: {debuggerAddress: localhost:61676}, javascriptEnabled: true, networkConnectionEnabled: false, pageLoadStrategy: normal, platform: MAC, platformName: MAC, proxy: Proxy(), setWindowRect: true, strictFileInteractability: false, timeouts: {implicit: 0, pageLoad: 300000, script: 30000}, unhandledPromptBehavior: dismiss and notify}
Session ID: 1e0023541575c8c0b6e88f5e596f2ca3
*** Element info: {Using=class name, value=ng-star-inserted}
2019-10-07 08:44:12  [INFO] :  Open page: https://keycloak-pf02.makeitright.pl/powerfarm/
2019-10-07 08:44:13  [PASS] :  Open page: https://keycloak-pf02.makeitright.pl/powerfarm/
2019-10-07 08:44:13  [INFO] :  Select user: developer
2019-10-07 08:44:13  [PASS] :  Select user: developer
2019-10-07 08:44:13  [INFO] :  Select password
2019-10-07 08:44:14  [PASS] :  Select password
2019-10-07 08:44:14  [INFO] :  Select Login
2019-10-07 08:44:14  [PASS] :  Select Login
2019-10-07 08:44:14  [INFO] :  Log correct
2019-10-07 08:44:15  [PASS] :  Log correct
2019-10-07 08:44:15  [INFO] :  try to click on Schedule List
2019-10-07 08:44:15  [PASS] :  Schedule List clicked.
2019-10-07 08:44:15  [INFO] :  search for 1a83de07-84f4-c25d-1b8b-735afac4eea5 on Scheadule List
2019-10-07 08:44:16  [FAIL] :  org.openqa.selenium.StaleElementReferenceException: stale element reference: element is not attached to the page document
  (Session info: chrome=77.0.3865.90)
For documentation on this error, please visit: http://seleniumhq.org/exceptions/stale_element_reference.html
Build info: version: '3.14.0', revision: 'aacccce0', time: '2018-08-02T20:05:20.749Z'
System info: host: 'MacBook-Pro-Kamil.local', ip: 'fe80:0:0:0:10d7:822d:7783:1ea7%en0', os.name: 'Mac OS X', os.arch: 'x86_64', os.version: '10.14.6', java.version: '11.0.2'
Driver info: org.openqa.selenium.chrome.ChromeDriver
Capabilities {acceptInsecureCerts: false, browserName: chrome, browserVersion: 77.0.3865.90, chrome: {chromedriverVersion: 77.0.3865.40 (f484704e052e0..., userDataDir: /var/folders/b9/d1xyh9tx6tx...}, goog:chromeOptions: {debuggerAddress: localhost:61762}, javascriptEnabled: true, networkConnectionEnabled: false, pageLoadStrategy: normal, platform: MAC, platformName: MAC, proxy: Proxy(), setWindowRect: true, strictFileInteractability: false, timeouts: {implicit: 0, pageLoad: 300000, script: 30000}, unhandledPromptBehavior: dismiss and notify}
Session ID: 655c33b443d56c92b01fff167ccb6019
*** Element info: {Using=class name, value=progress}
2019-10-07 08:44:36  [INFO] :  Open page: https://keycloak-pf02.makeitright.pl/powerfarm/
2019-10-07 08:44:38  [PASS] :  Open page: https://keycloak-pf02.makeitright.pl/powerfarm/
2019-10-07 08:44:38  [INFO] :  Select user: developer
2019-10-07 08:44:38  [PASS] :  Select user: developer
2019-10-07 08:44:38  [INFO] :  Select password
2019-10-07 08:44:38  [PASS] :  Select password
2019-10-07 08:44:38  [INFO] :  Select Login
2019-10-07 08:44:39  [PASS] :  Select Login
2019-10-07 08:44:39  [INFO] :  Log correct
2019-10-07 08:44:40  [PASS] :  Log correct
2019-10-07 08:44:40  [INFO] :  try to click on Schedule List
2019-10-07 08:44:40  [PASS] :  Schedule List clicked.
2019-10-07 08:44:40  [INFO] :  search for 1a83de07-84f4-c25d-1b8b-735afac4eea5 on Scheadule List
2019-10-07 08:44:40  [ERROR] :  Order is in status: Paused
2019-10-07 08:44:40  [FAIL] :  java.lang.AssertionError: Order still not paused expected [true] but found [false]
2019-10-07 08:45:27  [INFO] :  Open page: https://keycloak-pf02.makeitright.pl/powerfarm/
2019-10-07 08:45:28  [PASS] :  Open page: https://keycloak-pf02.makeitright.pl/powerfarm/
2019-10-07 08:45:28  [INFO] :  Select user: developer
2019-10-07 08:45:28  [PASS] :  Select user: developer
2019-10-07 08:45:28  [INFO] :  Select password
2019-10-07 08:45:28  [PASS] :  Select password
2019-10-07 08:45:28  [INFO] :  Select Login
2019-10-07 08:45:29  [PASS] :  Select Login
2019-10-07 08:45:29  [INFO] :  Log correct
2019-10-07 08:45:30  [PASS] :  Log correct
2019-10-07 08:45:30  [INFO] :  try to click on Schedule List
2019-10-07 08:45:30  [PASS] :  Schedule List clicked.
2019-10-07 08:45:30  [INFO] :  search for 1a83de07-84f4-c25d-1b8b-735afac4eea5 on Scheadule List
2019-10-07 08:45:30  [ERROR] :  Order is in status: Paused
2019-10-07 08:45:30  [FAIL] :  java.lang.AssertionError: Order still not paused expected [true] but found [false]
2019-10-07 08:46:04  [INFO] :  Open page: https://keycloak-pf02.makeitright.pl/powerfarm/
2019-10-07 08:46:05  [PASS] :  Open page: https://keycloak-pf02.makeitright.pl/powerfarm/
2019-10-07 08:46:05  [INFO] :  Select user: developer
2019-10-07 08:46:06  [PASS] :  Select user: developer
2019-10-07 08:46:06  [INFO] :  Select password
2019-10-07 08:46:06  [PASS] :  Select password
2019-10-07 08:46:06  [INFO] :  Select Login
2019-10-07 08:46:06  [PASS] :  Select Login
2019-10-07 08:46:07  [INFO] :  Log correct
2019-10-07 08:46:07  [PASS] :  Log correct
2019-10-07 08:46:07  [INFO] :  try to click on Schedule List
2019-10-07 08:46:08  [PASS] :  Schedule List clicked.
2019-10-07 08:46:08  [INFO] :  search for 1a83de07-84f4-c25d-1b8b-735afac4eea5 on Scheadule List
2019-10-07 08:46:16  [FAIL] :  org.openqa.selenium.StaleElementReferenceException: stale element reference: element is not attached to the page document
  (Session info: chrome=77.0.3865.90)
For documentation on this error, please visit: http://seleniumhq.org/exceptions/stale_element_reference.html
Build info: version: '3.14.0', revision: 'aacccce0', time: '2018-08-02T20:05:20.749Z'
System info: host: 'MacBook-Pro-Kamil.local', ip: 'fe80:0:0:0:10d7:822d:7783:1ea7%en0', os.name: 'Mac OS X', os.arch: 'x86_64', os.version: '10.14.6', java.version: '11.0.2'
Driver info: org.openqa.selenium.chrome.ChromeDriver
Capabilities {acceptInsecureCerts: false, browserName: chrome, browserVersion: 77.0.3865.90, chrome: {chromedriverVersion: 77.0.3865.40 (f484704e052e0..., userDataDir: /var/folders/b9/d1xyh9tx6tx...}, goog:chromeOptions: {debuggerAddress: localhost:61911}, javascriptEnabled: true, networkConnectionEnabled: false, pageLoadStrategy: normal, platform: MAC, platformName: MAC, proxy: Proxy(), setWindowRect: true, strictFileInteractability: false, timeouts: {implicit: 0, pageLoad: 300000, script: 30000}, unhandledPromptBehavior: dismiss and notify}
Session ID: 6c6bacb23aaedce077ed33103605aeea
*** Element info: {Using=xpath, value=/html/body/app-root/main/ng-component/div/div[2]/div[2]/ngb-tabset/div/div[2]/app-periodic-list/section/div[2]/section[3]/app-periodic-order/div[2]/div[3]/section/div/button}
2019-10-07 08:51:01  [INFO] :  Open page: https://keycloak-pf02.makeitright.pl/powerfarm/
2019-10-07 08:51:02  [PASS] :  Open page: https://keycloak-pf02.makeitright.pl/powerfarm/
2019-10-07 08:51:02  [INFO] :  Select user: developer
2019-10-07 08:51:02  [PASS] :  Select user: developer
2019-10-07 08:51:02  [INFO] :  Select password
2019-10-07 08:51:02  [PASS] :  Select password
2019-10-07 08:51:02  [INFO] :  Select Login
2019-10-07 08:51:03  [PASS] :  Select Login
2019-10-07 08:51:03  [INFO] :  Log correct
2019-10-07 08:51:04  [PASS] :  Log correct
2019-10-07 08:51:04  [INFO] :  try to click on Schedule List
2019-10-07 08:51:04  [PASS] :  Schedule List clicked.
2019-10-07 08:51:04  [INFO] :  search for 1a83de07-84f4-c25d-1b8b-735afac4eea5 on Scheadule List
2019-10-07 08:53:50  [FAIL] :  org.openqa.selenium.StaleElementReferenceException: stale element reference: element is not attached to the page document
  (Session info: chrome=77.0.3865.90)
For documentation on this error, please visit: http://seleniumhq.org/exceptions/stale_element_reference.html
Build info: version: '3.14.0', revision: 'aacccce0', time: '2018-08-02T20:05:20.749Z'
System info: host: 'MacBook-Pro-Kamil.local', ip: 'fe80:0:0:0:10d7:822d:7783:1ea7%en0', os.name: 'Mac OS X', os.arch: 'x86_64', os.version: '10.14.6', java.version: '11.0.2'
Driver info: org.openqa.selenium.chrome.ChromeDriver
Capabilities {acceptInsecureCerts: false, browserName: chrome, browserVersion: 77.0.3865.90, chrome: {chromedriverVersion: 77.0.3865.40 (f484704e052e0..., userDataDir: /var/folders/b9/d1xyh9tx6tx...}, goog:chromeOptions: {debuggerAddress: localhost:62005}, javascriptEnabled: true, networkConnectionEnabled: false, pageLoadStrategy: normal, platform: MAC, platformName: MAC, proxy: Proxy(), setWindowRect: true, strictFileInteractability: false, timeouts: {implicit: 0, pageLoad: 300000, script: 30000}, unhandledPromptBehavior: dismiss and notify}
Session ID: c5c18f3415081b06ae3d65d6d77e3d83
*** Element info: {Using=xpath, value=//section/div/button}
2019-10-07 08:57:00  [INFO] :  Open page: https://keycloak-pf02.makeitright.pl/powerfarm/
2019-10-07 08:57:01  [PASS] :  Open page: https://keycloak-pf02.makeitright.pl/powerfarm/
2019-10-07 08:57:01  [INFO] :  Select user: developer
2019-10-07 08:57:02  [PASS] :  Select user: developer
2019-10-07 08:57:02  [INFO] :  Select password
2019-10-07 08:57:02  [PASS] :  Select password
2019-10-07 08:57:02  [INFO] :  Select Login
2019-10-07 08:57:03  [PASS] :  Select Login
2019-10-07 08:57:03  [INFO] :  Log correct
2019-10-07 08:57:03  [PASS] :  Log correct
2019-10-07 08:57:03  [INFO] :  try to click on Schedule List
2019-10-07 08:57:04  [PASS] :  Schedule List clicked.
2019-10-07 08:57:04  [INFO] :  search for 1a83de07-84f4-c25d-1b8b-735afac4eea5 on Scheadule List
2019-10-07 08:57:26  [FAIL] :  org.openqa.selenium.StaleElementReferenceException: stale element reference: element is not attached to the page document
  (Session info: chrome=77.0.3865.90)
For documentation on this error, please visit: http://seleniumhq.org/exceptions/stale_element_reference.html
Build info: version: '3.14.0', revision: 'aacccce0', time: '2018-08-02T20:05:20.749Z'
System info: host: 'MacBook-Pro-Kamil.local', ip: 'fe80:0:0:0:10d7:822d:7783:1ea7%en0', os.name: 'Mac OS X', os.arch: 'x86_64', os.version: '10.14.6', java.version: '11.0.2'
Driver info: org.openqa.selenium.chrome.ChromeDriver
Capabilities {acceptInsecureCerts: false, browserName: chrome, browserVersion: 77.0.3865.90, chrome: {chromedriverVersion: 77.0.3865.40 (f484704e052e0..., userDataDir: /var/folders/b9/d1xyh9tx6tx...}, goog:chromeOptions: {debuggerAddress: localhost:62116}, javascriptEnabled: true, networkConnectionEnabled: false, pageLoadStrategy: normal, platform: MAC, platformName: MAC, proxy: Proxy(), setWindowRect: true, strictFileInteractability: false, timeouts: {implicit: 0, pageLoad: 300000, script: 30000}, unhandledPromptBehavior: dismiss and notify}
Session ID: e3c54a12d25a84d6eced801a719e3022
*** Element info: {Using=xpath, value=//section/div/button}
2019-10-07 09:34:49  [INFO] :  Open page: https://keycloak-pf02.makeitright.pl/powerfarm/
2019-10-07 09:34:50  [PASS] :  Open page: https://keycloak-pf02.makeitright.pl/powerfarm/
2019-10-07 09:34:50  [INFO] :  Select user: developer
2019-10-07 09:34:51  [PASS] :  Select user: developer
2019-10-07 09:34:51  [INFO] :  Select password
2019-10-07 09:34:51  [PASS] :  Select password
2019-10-07 09:34:51  [INFO] :  Select Login
2019-10-07 09:34:51  [PASS] :  Select Login
2019-10-07 09:34:51  [INFO] :  Log correct
2019-10-07 09:34:52  [PASS] :  Log correct
2019-10-07 09:34:52  [INFO] :  try to click on Schedule List
2019-10-07 09:34:52  [PASS] :  Schedule List clicked.
2019-10-07 09:34:52  [INFO] :  search for 1a83de07-84f4-c25d-1b8b-735afac4eea5 on Scheadule List
2019-10-07 09:35:17  [FAIL] :  org.openqa.selenium.StaleElementReferenceException: stale element reference: element is not attached to the page document
  (Session info: chrome=77.0.3865.90)
For documentation on this error, please visit: http://seleniumhq.org/exceptions/stale_element_reference.html
Build info: version: '3.14.0', revision: 'aacccce0', time: '2018-08-02T20:05:20.749Z'
System info: host: 'MacBook-Pro-Kamil.local', ip: 'fe80:0:0:0:10d7:822d:7783:1ea7%en0', os.name: 'Mac OS X', os.arch: 'x86_64', os.version: '10.14.6', java.version: '11.0.2'
Driver info: org.openqa.selenium.chrome.ChromeDriver
Capabilities {acceptInsecureCerts: false, browserName: chrome, browserVersion: 77.0.3865.90, chrome: {chromedriverVersion: 77.0.3865.40 (f484704e052e0..., userDataDir: /var/folders/b9/d1xyh9tx6tx...}, goog:chromeOptions: {debuggerAddress: localhost:63475}, javascriptEnabled: true, networkConnectionEnabled: false, pageLoadStrategy: normal, platform: MAC, platformName: MAC, proxy: Proxy(), setWindowRect: true, strictFileInteractability: false, timeouts: {implicit: 0, pageLoad: 300000, script: 30000}, unhandledPromptBehavior: dismiss and notify}
Session ID: 39277e13d3429be7e2997fc0f6ff344a
*** Element info: {Using=xpath, value=//section/div/button}
2019-10-07 09:37:09  [INFO] :  Open page: https://keycloak-pf02.makeitright.pl/powerfarm/
2019-10-07 09:37:11  [PASS] :  Open page: https://keycloak-pf02.makeitright.pl/powerfarm/
2019-10-07 09:37:11  [INFO] :  Select user: developer
2019-10-07 09:37:11  [PASS] :  Select user: developer
2019-10-07 09:37:11  [INFO] :  Select password
2019-10-07 09:37:11  [PASS] :  Select password
2019-10-07 09:37:11  [INFO] :  Select Login
2019-10-07 09:37:12  [PASS] :  Select Login
2019-10-07 09:37:12  [INFO] :  Log correct
2019-10-07 09:37:12  [PASS] :  Log correct
2019-10-07 09:37:12  [INFO] :  try to click on Schedule List
2019-10-07 09:37:13  [PASS] :  Schedule List clicked.
2019-10-07 09:37:13  [INFO] :  search for 1a83de07-84f4-c25d-1b8b-735afac4eea5 on Scheadule List
2019-10-07 09:37:18  [FAIL] :  org.openqa.selenium.StaleElementReferenceException: stale element reference: element is not attached to the page document
  (Session info: chrome=77.0.3865.90)
For documentation on this error, please visit: http://seleniumhq.org/exceptions/stale_element_reference.html
Build info: version: '3.14.0', revision: 'aacccce0', time: '2018-08-02T20:05:20.749Z'
System info: host: 'MacBook-Pro-Kamil.local', ip: 'fe80:0:0:0:10d7:822d:7783:1ea7%en0', os.name: 'Mac OS X', os.arch: 'x86_64', os.version: '10.14.6', java.version: '11.0.2'
Driver info: org.openqa.selenium.chrome.ChromeDriver
Capabilities {acceptInsecureCerts: false, browserName: chrome, browserVersion: 77.0.3865.90, chrome: {chromedriverVersion: 77.0.3865.40 (f484704e052e0..., userDataDir: /var/folders/b9/d1xyh9tx6tx...}, goog:chromeOptions: {debuggerAddress: localhost:63552}, javascriptEnabled: true, networkConnectionEnabled: false, pageLoadStrategy: normal, platform: MAC, platformName: MAC, proxy: Proxy(), setWindowRect: true, strictFileInteractability: false, timeouts: {implicit: 0, pageLoad: 300000, script: 30000}, unhandledPromptBehavior: dismiss and notify}
Session ID: 5bc24c29a68113aa5dff10ac75158e22
*** Element info: {Using=xpath, value=//section/div/button}
2019-10-07 09:41:50  [INFO] :  Open page: https://keycloak-pf02.makeitright.pl/powerfarm/
2019-10-07 09:41:51  [PASS] :  Open page: https://keycloak-pf02.makeitright.pl/powerfarm/
2019-10-07 09:41:51  [INFO] :  Select user: developer
2019-10-07 09:41:52  [PASS] :  Select user: developer
2019-10-07 09:41:52  [INFO] :  Select password
2019-10-07 09:41:52  [PASS] :  Select password
2019-10-07 09:41:52  [INFO] :  Select Login
2019-10-07 09:41:53  [PASS] :  Select Login
2019-10-07 09:41:53  [INFO] :  Log correct
2019-10-07 09:41:53  [PASS] :  Log correct
2019-10-07 09:41:53  [INFO] :  try to click on Schedule List
2019-10-07 09:41:53  [PASS] :  Schedule List clicked.
2019-10-07 09:41:53  [INFO] :  search for 1a83de07-84f4-c25d-1b8b-735afac4eea5 on Scheadule List
2019-10-07 09:45:13  [INFO] :  Open page: https://keycloak-pf02.makeitright.pl/powerfarm/
2019-10-07 09:45:14  [PASS] :  Open page: https://keycloak-pf02.makeitright.pl/powerfarm/
2019-10-07 09:45:14  [INFO] :  Select user: developer
2019-10-07 09:45:14  [PASS] :  Select user: developer
2019-10-07 09:45:14  [INFO] :  Select password
2019-10-07 09:45:14  [PASS] :  Select password
2019-10-07 09:45:14  [INFO] :  Select Login
2019-10-07 09:45:15  [PASS] :  Select Login
2019-10-07 09:45:15  [INFO] :  Log correct
2019-10-07 09:45:16  [PASS] :  Log correct
2019-10-07 09:45:16  [INFO] :  try to click on Schedule List
2019-10-07 09:45:16  [PASS] :  Schedule List clicked.
2019-10-07 09:45:16  [INFO] :  search for 1a83de07-84f4-c25d-1b8b-735afac4eea5 on Scheadule List
2019-10-07 09:45:20  [FAIL] :  org.openqa.selenium.StaleElementReferenceException: stale element reference: element is not attached to the page document
  (Session info: chrome=77.0.3865.90)
For documentation on this error, please visit: http://seleniumhq.org/exceptions/stale_element_reference.html
Build info: version: '3.14.0', revision: 'aacccce0', time: '2018-08-02T20:05:20.749Z'
System info: host: 'MacBook-Pro-Kamil.local', ip: 'fe80:0:0:0:10d7:822d:7783:1ea7%en0', os.name: 'Mac OS X', os.arch: 'x86_64', os.version: '10.14.6', java.version: '11.0.2'
Driver info: org.openqa.selenium.chrome.ChromeDriver
Capabilities {acceptInsecureCerts: false, browserName: chrome, browserVersion: 77.0.3865.90, chrome: {chromedriverVersion: 77.0.3865.40 (f484704e052e0..., userDataDir: /var/folders/b9/d1xyh9tx6tx...}, goog:chromeOptions: {debuggerAddress: localhost:63755}, javascriptEnabled: true, networkConnectionEnabled: false, pageLoadStrategy: normal, platform: MAC, platformName: MAC, proxy: Proxy(), setWindowRect: true, strictFileInteractability: false, timeouts: {implicit: 0, pageLoad: 300000, script: 30000}, unhandledPromptBehavior: dismiss and notify}
Session ID: f1e72b88ad53e615f3ed77173fac95a1
*** Element info: {Using=xpath, value=/button}
2019-10-07 09:47:32  [INFO] :  Open page: https://keycloak-pf02.makeitright.pl/powerfarm/
2019-10-07 09:47:33  [PASS] :  Open page: https://keycloak-pf02.makeitright.pl/powerfarm/
2019-10-07 09:47:33  [INFO] :  Select user: developer
2019-10-07 09:47:34  [PASS] :  Select user: developer
2019-10-07 09:47:34  [INFO] :  Select password
2019-10-07 09:47:34  [PASS] :  Select password
2019-10-07 09:47:34  [INFO] :  Select Login
2019-10-07 09:47:34  [PASS] :  Select Login
2019-10-07 09:47:34  [INFO] :  Log correct
2019-10-07 09:47:35  [PASS] :  Log correct
2019-10-07 09:47:35  [INFO] :  try to click on Schedule List
2019-10-07 09:47:35  [PASS] :  Schedule List clicked.
2019-10-07 09:47:35  [INFO] :  search for 1a83de07-84f4-c25d-1b8b-735afac4eea5 on Scheadule List
2019-10-07 09:48:13  [FAIL] :  org.openqa.selenium.StaleElementReferenceException: stale element reference: element is not attached to the page document
  (Session info: chrome=77.0.3865.90)
For documentation on this error, please visit: http://seleniumhq.org/exceptions/stale_element_reference.html
Build info: version: '3.14.0', revision: 'aacccce0', time: '2018-08-02T20:05:20.749Z'
System info: host: 'MacBook-Pro-Kamil.local', ip: 'fe80:0:0:0:10d7:822d:7783:1ea7%en0', os.name: 'Mac OS X', os.arch: 'x86_64', os.version: '10.14.6', java.version: '11.0.2'
Driver info: org.openqa.selenium.chrome.ChromeDriver
Capabilities {acceptInsecureCerts: false, browserName: chrome, browserVersion: 77.0.3865.90, chrome: {chromedriverVersion: 77.0.3865.40 (f484704e052e0..., userDataDir: /var/folders/b9/d1xyh9tx6tx...}, goog:chromeOptions: {debuggerAddress: localhost:63853}, javascriptEnabled: true, networkConnectionEnabled: false, pageLoadStrategy: normal, platform: MAC, platformName: MAC, proxy: Proxy(), setWindowRect: true, strictFileInteractability: false, timeouts: {implicit: 0, pageLoad: 300000, script: 30000}, unhandledPromptBehavior: dismiss and notify}
Session ID: 3cef16f99a6e29dc3ae79305f914b27b
*** Element info: {Using=xpath, value=/app-periodic-order/div[2]/div[3]/section/div/button}
2019-10-07 12:31:41  [INFO] :  Open page: https://keycloak-pf02.makeitright.pl/powerfarm/
2019-10-07 12:31:42  [PASS] :  Open page: https://keycloak-pf02.makeitright.pl/powerfarm/
2019-10-07 12:31:42  [INFO] :  Select user: developer
2019-10-07 12:31:43  [PASS] :  Select user: developer
2019-10-07 12:31:43  [INFO] :  Select password
2019-10-07 12:31:43  [PASS] :  Select password
2019-10-07 12:31:43  [INFO] :  Select Login
2019-10-07 12:31:44  [PASS] :  Select Login
2019-10-07 12:31:44  [INFO] :  Log correct
2019-10-07 12:31:44  [PASS] :  Log correct
2019-10-07 12:31:44  [INFO] :  try to click on Schedule List
2019-10-07 12:31:45  [PASS] :  Schedule List clicked.
2019-10-07 12:31:45  [INFO] :  search for 1a83de07-84f4-c25d-1b8b-735afac4eea5 on Scheadule List
2019-10-07 12:32:07  [FAIL] :  org.openqa.selenium.StaleElementReferenceException: stale element reference: element is not attached to the page document
  (Session info: chrome=77.0.3865.90)
For documentation on this error, please visit: http://seleniumhq.org/exceptions/stale_element_reference.html
Build info: version: '3.14.0', revision: 'aacccce0', time: '2018-08-02T20:05:20.749Z'
System info: host: 'MacBook-Pro-Kamil.local', ip: 'fe80:0:0:0:10d7:822d:7783:1ea7%en0', os.name: 'Mac OS X', os.arch: 'x86_64', os.version: '10.14.6', java.version: '11.0.2'
Driver info: org.openqa.selenium.chrome.ChromeDriver
Capabilities {acceptInsecureCerts: false, browserName: chrome, browserVersion: 77.0.3865.90, chrome: {chromedriverVersion: 77.0.3865.40 (f484704e052e0..., userDataDir: /var/folders/b9/d1xyh9tx6tx...}, goog:chromeOptions: {debuggerAddress: localhost:55975}, javascriptEnabled: true, networkConnectionEnabled: false, pageLoadStrategy: normal, platform: MAC, platformName: MAC, proxy: Proxy(), setWindowRect: true, strictFileInteractability: false, timeouts: {implicit: 0, pageLoad: 300000, script: 30000}, unhandledPromptBehavior: dismiss and notify}
Session ID: ca1d67c61fe13244dfd835fd573d91f4
*** Element info: {Using=xpath, value=//app-periodic-order/div[2]/div[3]/section/div/button}
2019-10-07 12:34:12  [INFO] :  Open page: https://keycloak-pf02.makeitright.pl/powerfarm/
2019-10-07 12:34:13  [PASS] :  Open page: https://keycloak-pf02.makeitright.pl/powerfarm/
2019-10-07 12:34:13  [INFO] :  Select user: developer
2019-10-07 12:34:13  [PASS] :  Select user: developer
2019-10-07 12:34:13  [INFO] :  Select password
2019-10-07 12:34:14  [PASS] :  Select password
2019-10-07 12:34:14  [INFO] :  Select Login
2019-10-07 12:34:14  [PASS] :  Select Login
2019-10-07 12:34:14  [INFO] :  Log correct
2019-10-07 12:34:15  [PASS] :  Log correct
2019-10-07 12:34:15  [INFO] :  try to click on Schedule List
2019-10-07 12:34:15  [PASS] :  Schedule List clicked.
2019-10-07 12:34:15  [INFO] :  search for 1a83de07-84f4-c25d-1b8b-735afac4eea5 on Scheadule List
2019-10-07 12:34:43  [FAIL] :  org.openqa.selenium.StaleElementReferenceException: stale element reference: element is not attached to the page document
  (Session info: chrome=77.0.3865.90)
For documentation on this error, please visit: http://seleniumhq.org/exceptions/stale_element_reference.html
Build info: version: '3.14.0', revision: 'aacccce0', time: '2018-08-02T20:05:20.749Z'
System info: host: 'MacBook-Pro-Kamil.local', ip: 'fe80:0:0:0:10d7:822d:7783:1ea7%en0', os.name: 'Mac OS X', os.arch: 'x86_64', os.version: '10.14.6', java.version: '11.0.2'
Driver info: org.openqa.selenium.chrome.ChromeDriver
Capabilities {acceptInsecureCerts: false, browserName: chrome, browserVersion: 77.0.3865.90, chrome: {chromedriverVersion: 77.0.3865.40 (f484704e052e0..., userDataDir: /var/folders/b9/d1xyh9tx6tx...}, goog:chromeOptions: {debuggerAddress: localhost:56676}, javascriptEnabled: true, networkConnectionEnabled: false, pageLoadStrategy: normal, platform: MAC, platformName: MAC, proxy: Proxy(), setWindowRect: true, strictFileInteractability: false, timeouts: {implicit: 0, pageLoad: 300000, script: 30000}, unhandledPromptBehavior: dismiss and notify}
Session ID: 4bad650433f9b42ea1abc203ae01c992
*** Element info: {Using=xpath, value=.//app-periodic-order/div[2]/div[3]/section/div/button}
2019-10-07 12:39:47  [INFO] :  Open page: https://keycloak-pf02.makeitright.pl/powerfarm/
2019-10-07 12:39:49  [PASS] :  Open page: https://keycloak-pf02.makeitright.pl/powerfarm/
2019-10-07 12:39:49  [INFO] :  Select user: developer
2019-10-07 12:39:49  [PASS] :  Select user: developer
2019-10-07 12:39:49  [INFO] :  Select password
2019-10-07 12:39:49  [PASS] :  Select password
2019-10-07 12:39:49  [INFO] :  Select Login
2019-10-07 12:39:50  [PASS] :  Select Login
2019-10-07 12:39:50  [INFO] :  Log correct
2019-10-07 12:39:51  [PASS] :  Log correct
2019-10-07 12:39:51  [INFO] :  try to click on Schedule List
2019-10-07 12:39:51  [PASS] :  Schedule List clicked.
2019-10-07 12:39:51  [INFO] :  search for 1a83de07-84f4-c25d-1b8b-735afac4eea5 on Scheadule List
2019-10-07 12:39:58  [FAIL] :  org.openqa.selenium.StaleElementReferenceException: stale element reference: element is not attached to the page document
  (Session info: chrome=77.0.3865.90)
For documentation on this error, please visit: http://seleniumhq.org/exceptions/stale_element_reference.html
Build info: version: '3.14.0', revision: 'aacccce0', time: '2018-08-02T20:05:20.749Z'
System info: host: 'MacBook-Pro-Kamil.local', ip: 'fe80:0:0:0:10d7:822d:7783:1ea7%en0', os.name: 'Mac OS X', os.arch: 'x86_64', os.version: '10.14.6', java.version: '11.0.2'
Driver info: org.openqa.selenium.chrome.ChromeDriver
Capabilities {acceptInsecureCerts: false, browserName: chrome, browserVersion: 77.0.3865.90, chrome: {chromedriverVersion: 77.0.3865.40 (f484704e052e0..., userDataDir: /var/folders/b9/d1xyh9tx6tx...}, goog:chromeOptions: {debuggerAddress: localhost:58219}, javascriptEnabled: true, networkConnectionEnabled: false, pageLoadStrategy: normal, platform: MAC, platformName: MAC, proxy: Proxy(), setWindowRect: true, strictFileInteractability: false, timeouts: {implicit: 0, pageLoad: 300000, script: 30000}, unhandledPromptBehavior: dismiss and notify}
Session ID: 8eb87dcaf50fc3d4624c11d51fd89045
*** Element info: {Using=xpath, value=app-periodic-order/div[2]/div[3]/section/div/button}
2019-10-07 12:43:28  [INFO] :  Open page: https://keycloak-pf02.makeitright.pl/powerfarm/
2019-10-07 12:43:30  [PASS] :  Open page: https://keycloak-pf02.makeitright.pl/powerfarm/
2019-10-07 12:43:30  [INFO] :  Select user: developer
2019-10-07 12:43:30  [PASS] :  Select user: developer
2019-10-07 12:43:30  [INFO] :  Select password
2019-10-07 12:43:31  [PASS] :  Select password
2019-10-07 12:43:31  [INFO] :  Select Login
2019-10-07 12:43:31  [PASS] :  Select Login
2019-10-07 12:43:31  [INFO] :  Log correct
2019-10-07 12:43:32  [PASS] :  Log correct
2019-10-07 12:43:32  [INFO] :  try to click on Schedule List
2019-10-07 12:43:32  [PASS] :  Schedule List clicked.
2019-10-07 12:43:32  [INFO] :  search for 1a83de07-84f4-c25d-1b8b-735afac4eea5 on Scheadule List
2019-10-07 12:43:56  [FAIL] :  org.openqa.selenium.StaleElementReferenceException: stale element reference: element is not attached to the page document
  (Session info: chrome=77.0.3865.90)
For documentation on this error, please visit: http://seleniumhq.org/exceptions/stale_element_reference.html
Build info: version: '3.14.0', revision: 'aacccce0', time: '2018-08-02T20:05:20.749Z'
System info: host: 'MacBook-Pro-Kamil.local', ip: 'fe80:0:0:0:10d7:822d:7783:1ea7%en0', os.name: 'Mac OS X', os.arch: 'x86_64', os.version: '10.14.6', java.version: '11.0.2'
Driver info: org.openqa.selenium.chrome.ChromeDriver
Capabilities {acceptInsecureCerts: false, browserName: chrome, browserVersion: 77.0.3865.90, chrome: {chromedriverVersion: 77.0.3865.40 (f484704e052e0..., userDataDir: /var/folders/b9/d1xyh9tx6tx...}, goog:chromeOptions: {debuggerAddress: localhost:59222}, javascriptEnabled: true, networkConnectionEnabled: false, pageLoadStrategy: normal, platform: MAC, platformName: MAC, proxy: Proxy(), setWindowRect: true, strictFileInteractability: false, timeouts: {implicit: 0, pageLoad: 300000, script: 30000}, unhandledPromptBehavior: dismiss and notify}
Session ID: 288bd5023ac96d0a6ad33fa2632f05de
*** Element info: {Using=xpath, value=./app-periodic-order/div[2]/div[3]/section/div/button}
2019-10-07 12:49:41  [INFO] :  Open page: https://keycloak-pf02.makeitright.pl/powerfarm/
2019-10-07 12:49:43  [PASS] :  Open page: https://keycloak-pf02.makeitright.pl/powerfarm/
2019-10-07 12:49:43  [INFO] :  Select user: developer
2019-10-07 12:49:43  [PASS] :  Select user: developer
2019-10-07 12:49:43  [INFO] :  Select password
2019-10-07 12:49:43  [PASS] :  Select password
2019-10-07 12:49:43  [INFO] :  Select Login
2019-10-07 12:49:44  [PASS] :  Select Login
2019-10-07 12:49:44  [INFO] :  Log correct
2019-10-07 12:49:44  [PASS] :  Log correct
2019-10-07 12:49:44  [INFO] :  try to click on Schedule List
2019-10-07 12:49:45  [PASS] :  Schedule List clicked.
2019-10-07 12:49:45  [INFO] :  search for 1a83de07-84f4-c25d-1b8b-735afac4eea5 on Scheadule List
2019-10-07 12:51:09  [FAIL] :  org.openqa.selenium.StaleElementReferenceException: stale element reference: element is not attached to the page document
  (Session info: chrome=77.0.3865.90)
For documentation on this error, please visit: http://seleniumhq.org/exceptions/stale_element_reference.html
Build info: version: '3.14.0', revision: 'aacccce0', time: '2018-08-02T20:05:20.749Z'
System info: host: 'MacBook-Pro-Kamil.local', ip: 'fe80:0:0:0:10d7:822d:7783:1ea7%en0', os.name: 'Mac OS X', os.arch: 'x86_64', os.version: '10.14.6', java.version: '11.0.2'
Driver info: org.openqa.selenium.chrome.ChromeDriver
Capabilities {acceptInsecureCerts: false, browserName: chrome, browserVersion: 77.0.3865.90, chrome: {chromedriverVersion: 77.0.3865.40 (f484704e052e0..., userDataDir: /var/folders/b9/d1xyh9tx6tx...}, goog:chromeOptions: {debuggerAddress: localhost:60818}, javascriptEnabled: true, networkConnectionEnabled: false, pageLoadStrategy: normal, platform: MAC, platformName: MAC, proxy: Proxy(), setWindowRect: true, strictFileInteractability: false, timeouts: {implicit: 0, pageLoad: 300000, script: 30000}, unhandledPromptBehavior: dismiss and notify}
Session ID: 69dd5bfb39510ec310fa9708f533bf0d
*** Element info: {Using=xpath, value=./app-periodic-order/div[2]/div[3]/section/div/button}
2019-10-07 12:51:35  [INFO] :  Open page: https://keycloak-pf02.makeitright.pl/powerfarm/
2019-10-07 12:51:36  [PASS] :  Open page: https://keycloak-pf02.makeitright.pl/powerfarm/
2019-10-07 12:51:36  [INFO] :  Select user: developer
2019-10-07 12:51:37  [PASS] :  Select user: developer
2019-10-07 12:51:37  [INFO] :  Select password
2019-10-07 12:51:37  [PASS] :  Select password
2019-10-07 12:51:37  [INFO] :  Select Login
2019-10-07 12:51:37  [PASS] :  Select Login
2019-10-07 12:51:37  [INFO] :  Log correct
2019-10-07 12:51:38  [PASS] :  Log correct
2019-10-07 12:51:38  [INFO] :  try to click on Schedule List
2019-10-07 12:51:38  [PASS] :  Schedule List clicked.
2019-10-07 12:51:38  [INFO] :  search for 1a83de07-84f4-c25d-1b8b-735afac4eea5 on Scheadule List
2019-10-07 12:51:49  [FAIL] :  org.openqa.selenium.StaleElementReferenceException: stale element reference: element is not attached to the page document
  (Session info: chrome=77.0.3865.90)
For documentation on this error, please visit: http://seleniumhq.org/exceptions/stale_element_reference.html
Build info: version: '3.14.0', revision: 'aacccce0', time: '2018-08-02T20:05:20.749Z'
System info: host: 'MacBook-Pro-Kamil.local', ip: 'fe80:0:0:0:10d7:822d:7783:1ea7%en0', os.name: 'Mac OS X', os.arch: 'x86_64', os.version: '10.14.6', java.version: '11.0.2'
Driver info: org.openqa.selenium.chrome.ChromeDriver
Capabilities {acceptInsecureCerts: false, browserName: chrome, browserVersion: 77.0.3865.90, chrome: {chromedriverVersion: 77.0.3865.40 (f484704e052e0..., userDataDir: /var/folders/b9/d1xyh9tx6tx...}, goog:chromeOptions: {debuggerAddress: localhost:61329}, javascriptEnabled: true, networkConnectionEnabled: false, pageLoadStrategy: normal, platform: MAC, platformName: MAC, proxy: Proxy(), setWindowRect: true, strictFileInteractability: false, timeouts: {implicit: 0, pageLoad: 300000, script: 30000}, unhandledPromptBehavior: dismiss and notify}
Session ID: d4d37ffea15f78284259fd683bb8ecb4
*** Element info: {Using=xpath, value=app-periodic-order/div[2]/div[3]/section/div/button}
2019-10-07 12:52:42  [INFO] :  Open page: https://keycloak-pf02.makeitright.pl/powerfarm/
2019-10-07 12:52:44  [PASS] :  Open page: https://keycloak-pf02.makeitright.pl/powerfarm/
2019-10-07 12:52:44  [INFO] :  Select user: developer
2019-10-07 12:52:44  [PASS] :  Select user: developer
2019-10-07 12:52:44  [INFO] :  Select password
2019-10-07 12:52:44  [PASS] :  Select password
2019-10-07 12:52:44  [INFO] :  Select Login
2019-10-07 12:52:45  [PASS] :  Select Login
2019-10-07 12:52:45  [INFO] :  Log correct
2019-10-07 12:52:46  [PASS] :  Log correct
2019-10-07 12:52:46  [INFO] :  try to click on Schedule List
2019-10-07 12:52:46  [PASS] :  Schedule List clicked.
2019-10-07 12:52:46  [INFO] :  search for 1a83de07-84f4-c25d-1b8b-735afac4eea5 on Scheadule List
2019-10-07 12:52:50  [FAIL] :  org.openqa.selenium.StaleElementReferenceException: stale element reference: element is not attached to the page document
  (Session info: chrome=77.0.3865.90)
For documentation on this error, please visit: http://seleniumhq.org/exceptions/stale_element_reference.html
Build info: version: '3.14.0', revision: 'aacccce0', time: '2018-08-02T20:05:20.749Z'
System info: host: 'MacBook-Pro-Kamil.local', ip: 'fe80:0:0:0:10d7:822d:7783:1ea7%en0', os.name: 'Mac OS X', os.arch: 'x86_64', os.version: '10.14.6', java.version: '11.0.2'
Driver info: org.openqa.selenium.chrome.ChromeDriver
Capabilities {acceptInsecureCerts: false, browserName: chrome, browserVersion: 77.0.3865.90, chrome: {chromedriverVersion: 77.0.3865.40 (f484704e052e0..., userDataDir: /var/folders/b9/d1xyh9tx6tx...}, goog:chromeOptions: {debuggerAddress: localhost:61672}, javascriptEnabled: true, networkConnectionEnabled: false, pageLoadStrategy: normal, platform: MAC, platformName: MAC, proxy: Proxy(), setWindowRect: true, strictFileInteractability: false, timeouts: {implicit: 0, pageLoad: 300000, script: 30000}, unhandledPromptBehavior: dismiss and notify}
Session ID: 5602243b37e95feef60c91271c259a89
*** Element info: {Using=link text, value=Paused}
2019-10-07 12:56:26  [INFO] :  Open page: https://keycloak-pf02.makeitright.pl/powerfarm/
2019-10-07 12:56:27  [PASS] :  Open page: https://keycloak-pf02.makeitright.pl/powerfarm/
2019-10-07 12:56:27  [INFO] :  Select user: developer
2019-10-07 12:56:27  [PASS] :  Select user: developer
2019-10-07 12:56:27  [INFO] :  Select password
2019-10-07 12:56:27  [PASS] :  Select password
2019-10-07 12:56:27  [INFO] :  Select Login
2019-10-07 12:56:28  [PASS] :  Select Login
2019-10-07 12:56:28  [INFO] :  Log correct
2019-10-07 12:56:28  [PASS] :  Log correct
2019-10-07 12:56:28  [INFO] :  try to click on Schedule List
2019-10-07 12:56:29  [PASS] :  Schedule List clicked.
2019-10-07 12:56:29  [INFO] :  search for 1a83de07-84f4-c25d-1b8b-735afac4eea5 on Scheadule List
2019-10-07 12:56:33  [FAIL] :  org.openqa.selenium.StaleElementReferenceException: stale element reference: element is not attached to the page document
  (Session info: chrome=77.0.3865.90)
For documentation on this error, please visit: http://seleniumhq.org/exceptions/stale_element_reference.html
Build info: version: '3.14.0', revision: 'aacccce0', time: '2018-08-02T20:05:20.749Z'
System info: host: 'MacBook-Pro-Kamil.local', ip: 'fe80:0:0:0:10d7:822d:7783:1ea7%en0', os.name: 'Mac OS X', os.arch: 'x86_64', os.version: '10.14.6', java.version: '11.0.2'
Driver info: org.openqa.selenium.chrome.ChromeDriver
Capabilities {acceptInsecureCerts: false, browserName: chrome, browserVersion: 77.0.3865.90, chrome: {chromedriverVersion: 77.0.3865.40 (f484704e052e0..., userDataDir: /var/folders/b9/d1xyh9tx6tx...}, goog:chromeOptions: {debuggerAddress: localhost:62620}, javascriptEnabled: true, networkConnectionEnabled: false, pageLoadStrategy: normal, platform: MAC, platformName: MAC, proxy: Proxy(), setWindowRect: true, strictFileInteractability: false, timeouts: {implicit: 0, pageLoad: 300000, script: 30000}, unhandledPromptBehavior: dismiss and notify}
Session ID: 0bcd0350ab836d8b797dc396401511a0
*** Element info: {Using=xpath, value=//section[@id='1a83de07-84f4-c25d-1b8b-735afac4eea5']/app-periodic-order/div[2]/div[3]/section/div/button}
2019-10-07 12:57:41  [INFO] :  Open page: https://keycloak-pf02.makeitright.pl/powerfarm/
2019-10-07 12:57:42  [PASS] :  Open page: https://keycloak-pf02.makeitright.pl/powerfarm/
2019-10-07 12:57:42  [INFO] :  Select user: developer
2019-10-07 12:57:42  [PASS] :  Select user: developer
2019-10-07 12:57:42  [INFO] :  Select password
2019-10-07 12:57:43  [PASS] :  Select password
2019-10-07 12:57:43  [INFO] :  Select Login
2019-10-07 12:57:43  [PASS] :  Select Login
2019-10-07 12:57:43  [INFO] :  Log correct
2019-10-07 12:57:44  [PASS] :  Log correct
2019-10-07 12:57:44  [INFO] :  try to click on Schedule List
2019-10-07 12:57:44  [PASS] :  Schedule List clicked.
2019-10-07 12:57:44  [INFO] :  search for 1a83de07-84f4-c25d-1b8b-735afac4eea5 on Scheadule List
2019-10-07 12:57:45  [FAIL] :  org.openqa.selenium.StaleElementReferenceException: stale element reference: element is not attached to the page document
  (Session info: chrome=77.0.3865.90)
For documentation on this error, please visit: http://seleniumhq.org/exceptions/stale_element_reference.html
Build info: version: '3.14.0', revision: 'aacccce0', time: '2018-08-02T20:05:20.749Z'
System info: host: 'MacBook-Pro-Kamil.local', ip: 'fe80:0:0:0:10d7:822d:7783:1ea7%en0', os.name: 'Mac OS X', os.arch: 'x86_64', os.version: '10.14.6', java.version: '11.0.2'
Driver info: org.openqa.selenium.chrome.ChromeDriver
Capabilities {acceptInsecureCerts: false, browserName: chrome, browserVersion: 77.0.3865.90, chrome: {chromedriverVersion: 77.0.3865.40 (f484704e052e0..., userDataDir: /var/folders/b9/d1xyh9tx6tx...}, goog:chromeOptions: {debuggerAddress: localhost:62973}, javascriptEnabled: true, networkConnectionEnabled: false, pageLoadStrategy: normal, platform: MAC, platformName: MAC, proxy: Proxy(), setWindowRect: true, strictFileInteractability: false, timeouts: {implicit: 0, pageLoad: 300000, script: 30000}, unhandledPromptBehavior: dismiss and notify}
Session ID: 77d45989117ea3c132303035f5a79a0a
2019-10-07 12:59:06  [INFO] :  Open page: https://keycloak-pf02.makeitright.pl/powerfarm/
2019-10-07 12:59:08  [PASS] :  Open page: https://keycloak-pf02.makeitright.pl/powerfarm/
2019-10-07 12:59:08  [INFO] :  Select user: developer
2019-10-07 12:59:08  [PASS] :  Select user: developer
2019-10-07 12:59:08  [INFO] :  Select password
2019-10-07 12:59:08  [PASS] :  Select password
2019-10-07 12:59:08  [INFO] :  Select Login
2019-10-07 12:59:09  [PASS] :  Select Login
2019-10-07 12:59:09  [INFO] :  Log correct
2019-10-07 12:59:10  [PASS] :  Log correct
2019-10-07 12:59:10  [INFO] :  try to click on Schedule List
2019-10-07 12:59:10  [PASS] :  Schedule List clicked.
2019-10-07 12:59:10  [INFO] :  search for 1a83de07-84f4-c25d-1b8b-735afac4eea5 on Scheadule List
2019-10-07 13:00:55  [INFO] :  Open page: https://keycloak-pf02.makeitright.pl/powerfarm/
2019-10-07 13:00:57  [PASS] :  Open page: https://keycloak-pf02.makeitright.pl/powerfarm/
2019-10-07 13:00:57  [INFO] :  Select user: developer
2019-10-07 13:00:57  [PASS] :  Select user: developer
2019-10-07 13:00:57  [INFO] :  Select password
2019-10-07 13:00:57  [PASS] :  Select password
2019-10-07 13:00:57  [INFO] :  Select Login
2019-10-07 13:00:58  [PASS] :  Select Login
2019-10-07 13:00:58  [INFO] :  Log correct
2019-10-07 13:00:59  [PASS] :  Log correct
2019-10-07 13:00:59  [INFO] :  try to click on Schedule List
2019-10-07 13:01:01  [PASS] :  Schedule List clicked.
2019-10-07 13:01:01  [INFO] :  search for 1a83de07-84f4-c25d-1b8b-735afac4eea5 on Scheadule List
2019-10-07 13:01:02  [ERROR] :  Status is not Paused!
2019-10-07 13:01:02  [FAIL] :  java.lang.AssertionError: Order still not paused expected [true] but found [false]
2019-10-07 13:08:39  [INFO] :  Open page: https://keycloak-pf02.makeitright.pl/powerfarm/
2019-10-07 13:08:41  [PASS] :  Open page: https://keycloak-pf02.makeitright.pl/powerfarm/
2019-10-07 13:08:41  [INFO] :  Select user: developer
2019-10-07 13:08:41  [PASS] :  Select user: developer
2019-10-07 13:08:41  [INFO] :  Select password
2019-10-07 13:08:41  [PASS] :  Select password
2019-10-07 13:08:41  [INFO] :  Select Login
2019-10-07 13:08:42  [PASS] :  Select Login
2019-10-07 13:08:42  [INFO] :  Log correct
2019-10-07 13:08:42  [PASS] :  Log correct
2019-10-07 13:08:42  [INFO] :  try to click on Schedule List
2019-10-07 13:08:42  [PASS] :  Schedule List clicked.
2019-10-07 13:08:42  [INFO] :  search for 1a83de07-84f4-c25d-1b8b-735afac4eea5 on Scheadule List
2019-10-07 13:08:43  [FAIL] :  org.openqa.selenium.StaleElementReferenceException: stale element reference: element is not attached to the page document
  (Session info: chrome=77.0.3865.90)
For documentation on this error, please visit: http://seleniumhq.org/exceptions/stale_element_reference.html
Build info: version: '3.14.0', revision: 'aacccce0', time: '2018-08-02T20:05:20.749Z'
System info: host: 'MacBook-Pro-Kamil.local', ip: 'fe80:0:0:0:10d7:822d:7783:1ea7%en0', os.name: 'Mac OS X', os.arch: 'x86_64', os.version: '10.14.6', java.version: '11.0.2'
Driver info: org.openqa.selenium.chrome.ChromeDriver
Capabilities {acceptInsecureCerts: false, browserName: chrome, browserVersion: 77.0.3865.90, chrome: {chromedriverVersion: 77.0.3865.40 (f484704e052e0..., userDataDir: /var/folders/b9/d1xyh9tx6tx...}, goog:chromeOptions: {debuggerAddress: localhost:49763}, javascriptEnabled: true, networkConnectionEnabled: false, pageLoadStrategy: normal, platform: MAC, platformName: MAC, proxy: Proxy(), setWindowRect: true, strictFileInteractability: false, timeouts: {implicit: 0, pageLoad: 300000, script: 30000}, unhandledPromptBehavior: dismiss and notify}
Session ID: 964c940fd762cb05ab9188f3d45cf839
*** Element info: {Using=class name, value=progress}
2019-10-07 13:11:23  [INFO] :  Open page: https://keycloak-pf02.makeitright.pl/powerfarm/
2019-10-07 13:11:24  [PASS] :  Open page: https://keycloak-pf02.makeitright.pl/powerfarm/
2019-10-07 13:11:24  [INFO] :  Select user: developer
2019-10-07 13:11:24  [PASS] :  Select user: developer
2019-10-07 13:11:24  [INFO] :  Select password
2019-10-07 13:11:24  [PASS] :  Select password
2019-10-07 13:11:24  [INFO] :  Select Login
2019-10-07 13:11:25  [PASS] :  Select Login
2019-10-07 13:11:25  [INFO] :  Log correct
2019-10-07 13:11:25  [PASS] :  Log correct
2019-10-07 13:11:25  [INFO] :  try to click on Schedule List
2019-10-07 13:11:26  [PASS] :  Schedule List clicked.
2019-10-07 13:11:26  [INFO] :  search for 1a83de07-84f4-c25d-1b8b-735afac4eea5 on Scheadule List
2019-10-07 13:11:26  [FAIL] :  org.openqa.selenium.StaleElementReferenceException: stale element reference: element is not attached to the page document
  (Session info: chrome=77.0.3865.90)
For documentation on this error, please visit: http://seleniumhq.org/exceptions/stale_element_reference.html
Build info: version: '3.14.0', revision: 'aacccce0', time: '2018-08-02T20:05:20.749Z'
System info: host: 'MacBook-Pro-Kamil.local', ip: 'fe80:0:0:0:10d7:822d:7783:1ea7%en0', os.name: 'Mac OS X', os.arch: 'x86_64', os.version: '10.14.6', java.version: '11.0.2'
Driver info: org.openqa.selenium.chrome.ChromeDriver
Capabilities {acceptInsecureCerts: false, browserName: chrome, browserVersion: 77.0.3865.90, chrome: {chromedriverVersion: 77.0.3865.40 (f484704e052e0..., userDataDir: /var/folders/b9/d1xyh9tx6tx...}, goog:chromeOptions: {debuggerAddress: localhost:50481}, javascriptEnabled: true, networkConnectionEnabled: false, pageLoadStrategy: normal, platform: MAC, platformName: MAC, proxy: Proxy(), setWindowRect: true, strictFileInteractability: false, timeouts: {implicit: 0, pageLoad: 300000, script: 30000}, unhandledPromptBehavior: dismiss and notify}
Session ID: 250cceb8f3a21b253f8066ef53f0ea3c
2019-10-07 13:12:23  [INFO] :  Open page: https://keycloak-pf02.makeitright.pl/powerfarm/
2019-10-07 13:12:26  [PASS] :  Open page: https://keycloak-pf02.makeitright.pl/powerfarm/
2019-10-07 13:12:26  [INFO] :  Select user: developer
2019-10-07 13:12:26  [PASS] :  Select user: developer
2019-10-07 13:12:26  [INFO] :  Select password
2019-10-07 13:12:26  [PASS] :  Select password
2019-10-07 13:12:26  [INFO] :  Select Login
2019-10-07 13:12:27  [PASS] :  Select Login
2019-10-07 13:12:27  [INFO] :  Log correct
2019-10-07 13:12:27  [PASS] :  Log correct
2019-10-07 13:12:27  [INFO] :  try to click on Schedule List
2019-10-07 13:12:27  [PASS] :  Schedule List clicked.
2019-10-07 13:12:27  [INFO] :  search for 1a83de07-84f4-c25d-1b8b-735afac4eea5 on Scheadule List
2019-10-07 13:12:28  [FAIL] :  org.openqa.selenium.StaleElementReferenceException: stale element reference: element is not attached to the page document
  (Session info: chrome=77.0.3865.90)
For documentation on this error, please visit: http://seleniumhq.org/exceptions/stale_element_reference.html
Build info: version: '3.14.0', revision: 'aacccce0', time: '2018-08-02T20:05:20.749Z'
System info: host: 'MacBook-Pro-Kamil.local', ip: 'fe80:0:0:0:10d7:822d:7783:1ea7%en0', os.name: 'Mac OS X', os.arch: 'x86_64', os.version: '10.14.6', java.version: '11.0.2'
Driver info: org.openqa.selenium.chrome.ChromeDriver
Capabilities {acceptInsecureCerts: false, browserName: chrome, browserVersion: 77.0.3865.90, chrome: {chromedriverVersion: 77.0.3865.40 (f484704e052e0..., userDataDir: /var/folders/b9/d1xyh9tx6tx...}, goog:chromeOptions: {debuggerAddress: localhost:50769}, javascriptEnabled: true, networkConnectionEnabled: false, pageLoadStrategy: normal, platform: MAC, platformName: MAC, proxy: Proxy(), setWindowRect: true, strictFileInteractability: false, timeouts: {implicit: 0, pageLoad: 300000, script: 30000}, unhandledPromptBehavior: dismiss and notify}
Session ID: 97908734aecc0025ef216e506fa0c687
2019-10-07 13:13:41  [INFO] :  Open page: https://keycloak-pf02.makeitright.pl/powerfarm/
2019-10-07 13:13:42  [PASS] :  Open page: https://keycloak-pf02.makeitright.pl/powerfarm/
2019-10-07 13:13:42  [INFO] :  Select user: developer
2019-10-07 13:13:42  [PASS] :  Select user: developer
2019-10-07 13:13:42  [INFO] :  Select password
2019-10-07 13:13:42  [PASS] :  Select password
2019-10-07 13:13:42  [INFO] :  Select Login
2019-10-07 13:13:43  [PASS] :  Select Login
2019-10-07 13:13:43  [INFO] :  Log correct
2019-10-07 13:13:43  [PASS] :  Log correct
2019-10-07 13:13:43  [INFO] :  try to click on Schedule List
2019-10-07 13:13:44  [PASS] :  Schedule List clicked.
2019-10-07 13:13:44  [INFO] :  search for 1a83de07-84f4-c25d-1b8b-735afac4eea5 on Scheadule List
2019-10-07 13:13:45  [FAIL] :  org.openqa.selenium.StaleElementReferenceException: stale element reference: element is not attached to the page document
  (Session info: chrome=77.0.3865.90)
For documentation on this error, please visit: http://seleniumhq.org/exceptions/stale_element_reference.html
Build info: version: '3.14.0', revision: 'aacccce0', time: '2018-08-02T20:05:20.749Z'
System info: host: 'MacBook-Pro-Kamil.local', ip: 'fe80:0:0:0:10d7:822d:7783:1ea7%en0', os.name: 'Mac OS X', os.arch: 'x86_64', os.version: '10.14.6', java.version: '11.0.2'
Driver info: org.openqa.selenium.chrome.ChromeDriver
Capabilities {acceptInsecureCerts: false, browserName: chrome, browserVersion: 77.0.3865.90, chrome: {chromedriverVersion: 77.0.3865.40 (f484704e052e0..., userDataDir: /var/folders/b9/d1xyh9tx6tx...}, goog:chromeOptions: {debuggerAddress: localhost:51129}, javascriptEnabled: true, networkConnectionEnabled: false, pageLoadStrategy: normal, platform: MAC, platformName: MAC, proxy: Proxy(), setWindowRect: true, strictFileInteractability: false, timeouts: {implicit: 0, pageLoad: 300000, script: 30000}, unhandledPromptBehavior: dismiss and notify}
Session ID: f572566e0c0d2d9098f3ca3c43f5dc3c
2019-10-07 13:15:27  [INFO] :  Open page: https://keycloak-pf02.makeitright.pl/powerfarm/
2019-10-07 13:15:28  [PASS] :  Open page: https://keycloak-pf02.makeitright.pl/powerfarm/
2019-10-07 13:15:28  [INFO] :  Select user: developer
2019-10-07 13:15:28  [PASS] :  Select user: developer
2019-10-07 13:15:28  [INFO] :  Select password
2019-10-07 13:15:29  [PASS] :  Select password
2019-10-07 13:15:29  [INFO] :  Select Login
2019-10-07 13:15:29  [PASS] :  Select Login
2019-10-07 13:15:29  [INFO] :  Log correct
2019-10-07 13:15:30  [PASS] :  Log correct
2019-10-07 13:15:30  [INFO] :  try to click on Schedule List
2019-10-07 13:15:30  [PASS] :  Schedule List clicked.
2019-10-07 13:15:30  [INFO] :  search for 1a83de07-84f4-c25d-1b8b-735afac4eea5 on Scheadule List
2019-10-07 13:16:32  [INFO] :  Open page: https://keycloak-pf02.makeitright.pl/powerfarm/
2019-10-07 13:16:33  [PASS] :  Open page: https://keycloak-pf02.makeitright.pl/powerfarm/
2019-10-07 13:16:33  [INFO] :  Select user: developer
2019-10-07 13:16:33  [PASS] :  Select user: developer
2019-10-07 13:16:33  [INFO] :  Select password
2019-10-07 13:16:33  [PASS] :  Select password
2019-10-07 13:16:33  [INFO] :  Select Login
2019-10-07 13:16:34  [PASS] :  Select Login
2019-10-07 13:16:34  [INFO] :  Log correct
2019-10-07 13:16:34  [PASS] :  Log correct
2019-10-07 13:16:34  [INFO] :  try to click on Schedule List
2019-10-07 13:16:35  [PASS] :  Schedule List clicked.
2019-10-07 13:16:35  [INFO] :  search for 1a83de07-84f4-c25d-1b8b-735afac4eea5 on Scheadule List
2019-10-07 13:16:35  [FAIL] :  org.openqa.selenium.StaleElementReferenceException: stale element reference: element is not attached to the page document
  (Session info: chrome=77.0.3865.90)
For documentation on this error, please visit: http://seleniumhq.org/exceptions/stale_element_reference.html
Build info: version: '3.14.0', revision: 'aacccce0', time: '2018-08-02T20:05:20.749Z'
System info: host: 'MacBook-Pro-Kamil.local', ip: 'fe80:0:0:0:10d7:822d:7783:1ea7%en0', os.name: 'Mac OS X', os.arch: 'x86_64', os.version: '10.14.6', java.version: '11.0.2'
Driver info: org.openqa.selenium.chrome.ChromeDriver
Capabilities {acceptInsecureCerts: false, browserName: chrome, browserVersion: 77.0.3865.90, chrome: {chromedriverVersion: 77.0.3865.40 (f484704e052e0..., userDataDir: /var/folders/b9/d1xyh9tx6tx...}, goog:chromeOptions: {debuggerAddress: localhost:51895}, javascriptEnabled: true, networkConnectionEnabled: false, pageLoadStrategy: normal, platform: MAC, platformName: MAC, proxy: Proxy(), setWindowRect: true, strictFileInteractability: false, timeouts: {implicit: 0, pageLoad: 300000, script: 30000}, unhandledPromptBehavior: dismiss and notify}
Session ID: 01f73625f94b42a0b355d43a9d827610
2019-10-07 13:40:22  [INFO] :  Open page: https://keycloak-pf02.makeitright.pl/powerfarm/
2019-10-07 13:40:23  [PASS] :  Open page: https://keycloak-pf02.makeitright.pl/powerfarm/
2019-10-07 13:40:23  [INFO] :  Select user: developer
2019-10-07 13:40:23  [PASS] :  Select user: developer
2019-10-07 13:40:23  [INFO] :  Select password
2019-10-07 13:40:23  [PASS] :  Select password
2019-10-07 13:40:23  [INFO] :  Select Login
2019-10-07 13:40:24  [PASS] :  Select Login
2019-10-07 13:40:24  [INFO] :  Log correct
2019-10-07 13:40:25  [PASS] :  Log correct
2019-10-07 13:40:25  [INFO] :  try to click on Schedule List
2019-10-07 13:40:25  [PASS] :  Schedule List clicked.
2019-10-07 13:40:25  [INFO] :  search for 1a83de07-84f4-c25d-1b8b-735afac4eea5 on Scheadule List
2019-10-07 13:40:26  [FAIL] :  org.openqa.selenium.StaleElementReferenceException: stale element reference: element is not attached to the page document
  (Session info: chrome=77.0.3865.90)
For documentation on this error, please visit: http://seleniumhq.org/exceptions/stale_element_reference.html
Build info: version: '3.14.0', revision: 'aacccce0', time: '2018-08-02T20:05:20.749Z'
System info: host: 'MacBook-Pro-Kamil.local', ip: 'fe80:0:0:0:10d7:822d:7783:1ea7%en0', os.name: 'Mac OS X', os.arch: 'x86_64', os.version: '10.14.6', java.version: '11.0.2'
Driver info: org.openqa.selenium.chrome.ChromeDriver
Capabilities {acceptInsecureCerts: false, browserName: chrome, browserVersion: 77.0.3865.90, chrome: {chromedriverVersion: 77.0.3865.40 (f484704e052e0..., userDataDir: /var/folders/b9/d1xyh9tx6tx...}, goog:chromeOptions: {debuggerAddress: localhost:57446}, javascriptEnabled: true, networkConnectionEnabled: false, pageLoadStrategy: normal, platform: MAC, platformName: MAC, proxy: Proxy(), setWindowRect: true, strictFileInteractability: false, timeouts: {implicit: 0, pageLoad: 300000, script: 30000}, unhandledPromptBehavior: dismiss and notify}
Session ID: 5ecc611a1fc27633b18c3dad49099c4f
2019-10-07 13:41:24  [INFO] :  Open page: https://keycloak-pf02.makeitright.pl/powerfarm/
2019-10-07 13:41:26  [PASS] :  Open page: https://keycloak-pf02.makeitright.pl/powerfarm/
2019-10-07 13:41:26  [INFO] :  Select user: developer
2019-10-07 13:41:26  [PASS] :  Select user: developer
2019-10-07 13:41:26  [INFO] :  Select password
2019-10-07 13:41:26  [PASS] :  Select password
2019-10-07 13:41:26  [INFO] :  Select Login
2019-10-07 13:41:27  [PASS] :  Select Login
2019-10-07 13:41:27  [INFO] :  Log correct
2019-10-07 13:41:27  [PASS] :  Log correct
2019-10-07 13:41:27  [INFO] :  try to click on Schedule List
2019-10-07 13:41:28  [PASS] :  Schedule List clicked.
2019-10-07 13:41:28  [INFO] :  search for 1a83de07-84f4-c25d-1b8b-735afac4eea5 on Scheadule List
2019-10-07 13:41:29  [FAIL] :  org.openqa.selenium.StaleElementReferenceException: stale element reference: element is not attached to the page document
  (Session info: chrome=77.0.3865.90)
For documentation on this error, please visit: http://seleniumhq.org/exceptions/stale_element_reference.html
Build info: version: '3.14.0', revision: 'aacccce0', time: '2018-08-02T20:05:20.749Z'
System info: host: 'MacBook-Pro-Kamil.local', ip: 'fe80:0:0:0:10d7:822d:7783:1ea7%en0', os.name: 'Mac OS X', os.arch: 'x86_64', os.version: '10.14.6', java.version: '11.0.2'
Driver info: org.openqa.selenium.chrome.ChromeDriver
Capabilities {acceptInsecureCerts: false, browserName: chrome, browserVersion: 77.0.3865.90, chrome: {chromedriverVersion: 77.0.3865.40 (f484704e052e0..., userDataDir: /var/folders/b9/d1xyh9tx6tx...}, goog:chromeOptions: {debuggerAddress: localhost:57498}, javascriptEnabled: true, networkConnectionEnabled: false, pageLoadStrategy: normal, platform: MAC, platformName: MAC, proxy: Proxy(), setWindowRect: true, strictFileInteractability: false, timeouts: {implicit: 0, pageLoad: 300000, script: 30000}, unhandledPromptBehavior: dismiss and notify}
Session ID: da19786c49cf78fbb9ee2e1b467c1bcd
*** Element info: {Using=class name, value=progress}
2019-10-07 13:43:27  [INFO] :  Open page: https://keycloak-pf02.makeitright.pl/powerfarm/
2019-10-07 13:43:28  [PASS] :  Open page: https://keycloak-pf02.makeitright.pl/powerfarm/
2019-10-07 13:43:28  [INFO] :  Select user: developer
2019-10-07 13:43:29  [PASS] :  Select user: developer
2019-10-07 13:43:29  [INFO] :  Select password
2019-10-07 13:43:29  [PASS] :  Select password
2019-10-07 13:43:29  [INFO] :  Select Login
2019-10-07 13:43:30  [PASS] :  Select Login
2019-10-07 13:43:30  [INFO] :  Log correct
2019-10-07 13:43:30  [PASS] :  Log correct
2019-10-07 13:43:30  [INFO] :  try to click on Schedule List
2019-10-07 13:43:30  [PASS] :  Schedule List clicked.
2019-10-07 13:43:30  [INFO] :  search for 1a83de07-84f4-c25d-1b8b-735afac4eea5 on Scheadule List
2019-10-07 13:43:55  [INFO] :  Open page: https://keycloak-pf02.makeitright.pl/powerfarm/
2019-10-07 13:43:56  [PASS] :  Open page: https://keycloak-pf02.makeitright.pl/powerfarm/
2019-10-07 13:43:56  [INFO] :  Select user: developer
2019-10-07 13:43:57  [PASS] :  Select user: developer
2019-10-07 13:43:57  [INFO] :  Select password
2019-10-07 13:43:57  [PASS] :  Select password
2019-10-07 13:43:57  [INFO] :  Select Login
2019-10-07 13:43:58  [PASS] :  Select Login
2019-10-07 13:43:58  [INFO] :  Log correct
2019-10-07 13:43:58  [PASS] :  Log correct
2019-10-07 13:43:58  [INFO] :  try to click on Schedule List
2019-10-07 13:43:58  [PASS] :  Schedule List clicked.
2019-10-07 13:43:58  [INFO] :  search for 1a83de07-84f4-c25d-1b8b-735afac4eea5 on Scheadule List
2019-10-07 13:44:18  [INFO] :  Open page: https://keycloak-pf02.makeitright.pl/powerfarm/
2019-10-07 13:44:19  [PASS] :  Open page: https://keycloak-pf02.makeitright.pl/powerfarm/
2019-10-07 13:44:19  [INFO] :  Select user: developer
2019-10-07 13:44:19  [PASS] :  Select user: developer
2019-10-07 13:44:19  [INFO] :  Select password
2019-10-07 13:44:19  [PASS] :  Select password
2019-10-07 13:44:19  [INFO] :  Select Login
2019-10-07 13:44:20  [PASS] :  Select Login
2019-10-07 13:44:20  [INFO] :  Log correct
2019-10-07 13:44:21  [PASS] :  Log correct
2019-10-07 13:44:21  [INFO] :  try to click on Schedule List
2019-10-07 13:44:22  [PASS] :  Schedule List clicked.
2019-10-07 13:44:22  [INFO] :  search for 1a83de07-84f4-c25d-1b8b-735afac4eea5 on Scheadule List
2019-10-07 13:48:33  [INFO] :  Open page: https://keycloak-pf02.makeitright.pl/powerfarm/
2019-10-07 13:48:35  [PASS] :  Open page: https://keycloak-pf02.makeitright.pl/powerfarm/
2019-10-07 13:48:35  [INFO] :  Select user: developer
2019-10-07 13:48:35  [PASS] :  Select user: developer
2019-10-07 13:48:35  [INFO] :  Select password
2019-10-07 13:48:36  [PASS] :  Select password
2019-10-07 13:48:36  [INFO] :  Select Login
2019-10-07 13:48:36  [PASS] :  Select Login
2019-10-07 13:48:36  [INFO] :  Log correct
2019-10-07 13:48:37  [PASS] :  Log correct
2019-10-07 13:48:37  [INFO] :  try to click on Schedule List
2019-10-07 13:48:37  [PASS] :  Schedule List clicked.
2019-10-07 13:48:37  [INFO] :  search for 1a83de07-84f4-c25d-1b8b-735afac4eea5 on Scheadule List
2019-10-07 13:48:38  [ERROR] :  Order is in status: Execution
2019-10-07 13:48:38  [FAIL] :  java.lang.AssertionError: Order still paused expected [true] but found [false]
2019-10-07 13:48:42  [INFO] :  Open page: https://keycloak-pf02.makeitright.pl/powerfarm/
2019-10-07 13:48:45  [PASS] :  Open page: https://keycloak-pf02.makeitright.pl/powerfarm/
2019-10-07 13:48:45  [INFO] :  Select user: developer
2019-10-07 13:48:46  [PASS] :  Select user: developer
2019-10-07 13:48:46  [INFO] :  Select password
2019-10-07 13:48:46  [PASS] :  Select password
2019-10-07 13:48:46  [INFO] :  Select Login
2019-10-07 13:48:49  [PASS] :  Select Login
2019-10-07 13:48:49  [INFO] :  Log correct
2019-10-07 13:48:50  [PASS] :  Log correct
2019-10-07 13:48:50  [INFO] :  try to click on Schedule List
2019-10-07 13:48:50  [PASS] :  Schedule List clicked.
2019-10-07 13:48:50  [INFO] :  search for 1a83de07-84f4-c25d-1b8b-735afac4eea5 on Scheadule List
2019-10-07 13:55:19  [INFO] :  Open page: https://keycloak-pf02.makeitright.pl/powerfarm/
2019-10-07 13:55:20  [PASS] :  Open page: https://keycloak-pf02.makeitright.pl/powerfarm/
2019-10-07 13:55:20  [INFO] :  Select user: developer
2019-10-07 13:55:20  [PASS] :  Select user: developer
2019-10-07 13:55:20  [INFO] :  Select password
2019-10-07 13:55:21  [PASS] :  Select password
2019-10-07 13:55:21  [INFO] :  Select Login
2019-10-07 13:55:21  [PASS] :  Select Login
2019-10-07 13:55:21  [INFO] :  Log correct
2019-10-07 13:55:22  [PASS] :  Log correct
2019-10-07 13:55:22  [INFO] :  try to click on Schedule List
2019-10-07 13:55:22  [PASS] :  Schedule List clicked.
2019-10-07 13:55:22  [INFO] :  search for 1a83de07-84f4-c25d-1b8b-735afac4eea5 on Scheadule List
2019-10-07 13:55:23  [ERROR] :  Status is not Paused!
2019-10-07 13:55:23  [FAIL] :  java.lang.AssertionError: Order still paused expected [true] but found [false]
2019-10-07 13:55:51  [INFO] :  Open page: https://keycloak-pf02.makeitright.pl/powerfarm/
2019-10-07 13:55:52  [PASS] :  Open page: https://keycloak-pf02.makeitright.pl/powerfarm/
2019-10-07 13:55:52  [INFO] :  Select user: developer
2019-10-07 13:55:53  [PASS] :  Select user: developer
2019-10-07 13:55:53  [INFO] :  Select password
2019-10-07 13:55:53  [PASS] :  Select password
2019-10-07 13:55:53  [INFO] :  Select Login
2019-10-07 13:55:53  [PASS] :  Select Login
2019-10-07 13:55:53  [INFO] :  Log correct
2019-10-07 13:55:54  [PASS] :  Log correct
2019-10-07 13:55:54  [INFO] :  try to click on Schedule List
2019-10-07 13:55:54  [PASS] :  Schedule List clicked.
2019-10-07 13:55:54  [INFO] :  search for 1a83de07-84f4-c25d-1b8b-735afac4eea5 on Scheadule List
2019-10-07 13:55:55  [FAIL] :  org.openqa.selenium.StaleElementReferenceException: stale element reference: element is not attached to the page document
  (Session info: chrome=77.0.3865.90)
For documentation on this error, please visit: http://seleniumhq.org/exceptions/stale_element_reference.html
Build info: version: '3.14.0', revision: 'aacccce0', time: '2018-08-02T20:05:20.749Z'
System info: host: 'MacBook-Pro-Kamil.local', ip: 'fe80:0:0:0:10d7:822d:7783:1ea7%en0', os.name: 'Mac OS X', os.arch: 'x86_64', os.version: '10.14.6', java.version: '11.0.2'
Driver info: org.openqa.selenium.chrome.ChromeDriver
Capabilities {acceptInsecureCerts: false, browserName: chrome, browserVersion: 77.0.3865.90, chrome: {chromedriverVersion: 77.0.3865.40 (f484704e052e0..., userDataDir: /var/folders/b9/d1xyh9tx6tx...}, goog:chromeOptions: {debuggerAddress: localhost:57942}, javascriptEnabled: true, networkConnectionEnabled: false, pageLoadStrategy: normal, platform: MAC, platformName: MAC, proxy: Proxy(), setWindowRect: true, strictFileInteractability: false, timeouts: {implicit: 0, pageLoad: 300000, script: 30000}, unhandledPromptBehavior: dismiss and notify}
Session ID: 704816cadd44287fa43136a0bbb766e7
*** Element info: {Using=class name, value=progress}
2019-10-07 14:00:58  [INFO] :  Open page: https://keycloak-pf02.makeitright.pl/powerfarm/
2019-10-07 14:00:59  [PASS] :  Open page: https://keycloak-pf02.makeitright.pl/powerfarm/
2019-10-07 14:00:59  [INFO] :  Select user: developer
2019-10-07 14:00:59  [PASS] :  Select user: developer
2019-10-07 14:00:59  [INFO] :  Select password
2019-10-07 14:00:59  [PASS] :  Select password
2019-10-07 14:00:59  [INFO] :  Select Login
2019-10-07 14:01:00  [PASS] :  Select Login
2019-10-07 14:01:00  [INFO] :  Log correct
2019-10-07 14:01:00  [PASS] :  Log correct
2019-10-07 14:01:00  [INFO] :  try to click on Schedule List
2019-10-07 14:01:01  [PASS] :  Schedule List clicked.
2019-10-07 14:01:01  [INFO] :  search for 1a83de07-84f4-c25d-1b8b-735afac4eea5 on Scheadule List
2019-10-07 14:01:01  [FAIL] :  java.lang.NullPointerException
2019-10-07 14:02:19  [INFO] :  Open page: https://keycloak-pf02.makeitright.pl/powerfarm/
2019-10-07 14:02:20  [PASS] :  Open page: https://keycloak-pf02.makeitright.pl/powerfarm/
2019-10-07 14:02:20  [INFO] :  Select user: developer
2019-10-07 14:02:21  [PASS] :  Select user: developer
2019-10-07 14:02:21  [INFO] :  Select password
2019-10-07 14:02:21  [PASS] :  Select password
2019-10-07 14:02:21  [INFO] :  Select Login
2019-10-07 14:02:21  [PASS] :  Select Login
2019-10-07 14:02:21  [INFO] :  Log correct
2019-10-07 14:02:22  [PASS] :  Log correct
2019-10-07 14:02:22  [INFO] :  try to click on Schedule List
2019-10-07 14:02:22  [PASS] :  Schedule List clicked.
2019-10-07 14:02:22  [INFO] :  search for 1a83de07-84f4-c25d-1b8b-735afac4eea5 on Scheadule List
2019-10-07 14:02:23  [FAIL] :  java.lang.NullPointerException
2019-10-08 08:32:57  [INFO] :  Open page: https://keycloak-pf02.makeitright.pl/powerfarm/
2019-10-08 08:32:58  [PASS] :  Open page: https://keycloak-pf02.makeitright.pl/powerfarm/
2019-10-08 08:32:58  [INFO] :  Select user: developer
2019-10-08 08:32:59  [PASS] :  Select user: developer
2019-10-08 08:32:59  [INFO] :  Select password
2019-10-08 08:32:59  [PASS] :  Select password
2019-10-08 08:32:59  [INFO] :  Select Login
2019-10-08 08:33:00  [PASS] :  Select Login
2019-10-08 08:33:00  [INFO] :  Log correct
2019-10-08 08:33:00  [PASS] :  Log correct
2019-10-08 08:33:00  [INFO] :  try to click on Schedule List
2019-10-08 08:33:01  [PASS] :  Schedule List clicked.
2019-10-08 08:33:01  [INFO] :  search for 1a83de07-84f4-c25d-1b8b-735afac4eea5 on Scheadule List
2019-10-08 08:33:01  [FAIL] :  java.lang.NullPointerException
2019-10-08 08:35:53  [INFO] :  Open page: https://keycloak-pf02.makeitright.pl/powerfarm/
2019-10-08 08:35:54  [PASS] :  Open page: https://keycloak-pf02.makeitright.pl/powerfarm/
2019-10-08 08:35:54  [INFO] :  Select user: developer
2019-10-08 08:35:54  [PASS] :  Select user: developer
2019-10-08 08:35:54  [INFO] :  Select password
2019-10-08 08:35:54  [PASS] :  Select password
2019-10-08 08:35:54  [INFO] :  Select Login
2019-10-08 08:35:55  [PASS] :  Select Login
2019-10-08 08:35:55  [INFO] :  Log correct
2019-10-08 08:35:56  [PASS] :  Log correct
2019-10-08 08:35:56  [INFO] :  try to click on Schedule List
2019-10-08 08:35:57  [PASS] :  Schedule List clicked.
2019-10-08 08:35:57  [INFO] :  search for 1a83de07-84f4-c25d-1b8b-735afac4eea5 on Scheadule List
2019-10-08 08:35:57  [FAIL] :  java.lang.NullPointerException
2019-10-08 08:41:44  [INFO] :  Open page: https://keycloak-pf02.makeitright.pl/powerfarm/
2019-10-08 08:41:45  [PASS] :  Open page: https://keycloak-pf02.makeitright.pl/powerfarm/
2019-10-08 08:41:45  [INFO] :  Select user: developer
2019-10-08 08:41:45  [PASS] :  Select user: developer
2019-10-08 08:41:45  [INFO] :  Select password
2019-10-08 08:41:46  [PASS] :  Select password
2019-10-08 08:41:46  [INFO] :  Select Login
2019-10-08 08:41:46  [PASS] :  Select Login
2019-10-08 08:41:46  [INFO] :  Log correct
2019-10-08 08:41:47  [PASS] :  Log correct
2019-10-08 08:41:47  [INFO] :  try to click on Schedule List
2019-10-08 08:41:47  [PASS] :  Schedule List clicked.
2019-10-08 08:41:47  [INFO] :  search for 1a83de07-84f4-c25d-1b8b-735afac4eea5 on Scheadule List
2019-10-08 08:41:51  [FAIL] :  java.lang.NullPointerException
2019-10-08 08:42:48  [INFO] :  Open page: https://keycloak-pf02.makeitright.pl/powerfarm/
2019-10-08 08:42:50  [PASS] :  Open page: https://keycloak-pf02.makeitright.pl/powerfarm/
2019-10-08 08:42:50  [INFO] :  Select user: developer
2019-10-08 08:42:50  [PASS] :  Select user: developer
2019-10-08 08:42:50  [INFO] :  Select password
2019-10-08 08:42:50  [PASS] :  Select password
2019-10-08 08:42:50  [INFO] :  Select Login
2019-10-08 08:42:51  [PASS] :  Select Login
2019-10-08 08:42:51  [INFO] :  Log correct
2019-10-08 08:42:52  [PASS] :  Log correct
2019-10-08 08:42:52  [INFO] :  try to click on Schedule List
2019-10-08 08:42:52  [PASS] :  Schedule List clicked.
2019-10-08 08:42:52  [INFO] :  search for 1a83de07-84f4-c25d-1b8b-735afac4eea5 on Scheadule List
2019-10-08 08:42:59  [FAIL] :  java.lang.NullPointerException
2019-10-08 08:43:44  [INFO] :  Open page: https://keycloak-pf02.makeitright.pl/powerfarm/
2019-10-08 08:43:45  [PASS] :  Open page: https://keycloak-pf02.makeitright.pl/powerfarm/
2019-10-08 08:43:45  [INFO] :  Select user: developer
2019-10-08 08:43:46  [PASS] :  Select user: developer
2019-10-08 08:43:46  [INFO] :  Select password
2019-10-08 08:43:46  [PASS] :  Select password
2019-10-08 08:43:46  [INFO] :  Select Login
2019-10-08 08:43:46  [PASS] :  Select Login
2019-10-08 08:43:46  [INFO] :  Log correct
2019-10-08 08:43:47  [PASS] :  Log correct
2019-10-08 08:43:47  [INFO] :  try to click on Schedule List
2019-10-08 08:43:47  [PASS] :  Schedule List clicked.
2019-10-08 08:43:47  [INFO] :  search for 1a83de07-84f4-c25d-1b8b-735afac4eea5 on Scheadule List
2019-10-08 08:43:57  [FAIL] :  org.openqa.selenium.StaleElementReferenceException: stale element reference: element is not attached to the page document
  (Session info: chrome=77.0.3865.90)
For documentation on this error, please visit: http://seleniumhq.org/exceptions/stale_element_reference.html
Build info: version: '3.14.0', revision: 'aacccce0', time: '2018-08-02T20:05:20.749Z'
System info: host: 'MacBook-Pro-Kamil.local', ip: 'fe80:0:0:0:10d7:822d:7783:1ea7%en0', os.name: 'Mac OS X', os.arch: 'x86_64', os.version: '10.14.6', java.version: '11.0.2'
Driver info: org.openqa.selenium.chrome.ChromeDriver
Capabilities {acceptInsecureCerts: false, browserName: chrome, browserVersion: 77.0.3865.90, chrome: {chromedriverVersion: 77.0.3865.40 (f484704e052e0..., userDataDir: /var/folders/b9/d1xyh9tx6tx...}, goog:chromeOptions: {debuggerAddress: localhost:60468}, javascriptEnabled: true, networkConnectionEnabled: false, pageLoadStrategy: normal, platform: MAC, platformName: MAC, proxy: Proxy(), setWindowRect: true, strictFileInteractability: false, timeouts: {implicit: 0, pageLoad: 300000, script: 30000}, unhandledPromptBehavior: dismiss and notify}
Session ID: 399a7798accb9c724d3b2c4d41571449
*** Element info: {Using=class name, value=progress}
2019-10-08 08:47:15  [INFO] :  Open page: https://keycloak-pf02.makeitright.pl/powerfarm/
2019-10-08 08:47:17  [PASS] :  Open page: https://keycloak-pf02.makeitright.pl/powerfarm/
2019-10-08 08:47:17  [INFO] :  Select user: developer
2019-10-08 08:47:17  [PASS] :  Select user: developer
2019-10-08 08:47:17  [INFO] :  Select password
2019-10-08 08:47:17  [PASS] :  Select password
2019-10-08 08:47:17  [INFO] :  Select Login
2019-10-08 08:47:18  [PASS] :  Select Login
2019-10-08 08:47:18  [INFO] :  Log correct
2019-10-08 08:47:19  [PASS] :  Log correct
2019-10-08 08:47:19  [INFO] :  try to click on Schedule List
2019-10-08 08:47:19  [PASS] :  Schedule List clicked.
2019-10-08 08:47:19  [INFO] :  search for 1a83de07-84f4-c25d-1b8b-735afac4eea5 on Scheadule List
2019-10-08 08:47:31  [PASS] :  Status changed
2019-10-08 08:47:31  [PASS] :  Process paused
2019-10-08 08:47:31  [PASS] :  Usluga zakonczona ze statusem PASS
2019-10-08 08:49:33  [INFO] :  Open page: https://keycloak-pf02.makeitright.pl/powerfarm/
2019-10-08 08:49:34  [PASS] :  Open page: https://keycloak-pf02.makeitright.pl/powerfarm/
2019-10-08 08:49:34  [INFO] :  Select user: developer
2019-10-08 08:49:34  [PASS] :  Select user: developer
2019-10-08 08:49:34  [INFO] :  Select password
2019-10-08 08:49:34  [PASS] :  Select password
2019-10-08 08:49:34  [INFO] :  Select Login
2019-10-08 08:49:35  [PASS] :  Select Login
2019-10-08 08:49:35  [INFO] :  Log correct
2019-10-08 08:49:36  [PASS] :  Log correct
2019-10-08 08:49:36  [INFO] :  try to click on Schedule List
2019-10-08 08:49:36  [PASS] :  Schedule List clicked.
2019-10-08 08:49:36  [INFO] :  search for 1a83de07-84f4-c25d-1b8b-735afac4eea5 on Scheadule List
2019-10-08 08:49:37  [ERROR] :  Status is not Paused!
2019-10-08 08:49:37  [FAIL] :  java.lang.AssertionError: Order still paused expected [true] but found [false]
2019-10-08 08:50:19  [INFO] :  Open page: https://keycloak-pf02.makeitright.pl/powerfarm/
2019-10-08 08:50:20  [PASS] :  Open page: https://keycloak-pf02.makeitright.pl/powerfarm/
2019-10-08 08:50:20  [INFO] :  Select user: developer
2019-10-08 08:50:20  [PASS] :  Select user: developer
2019-10-08 08:50:21  [INFO] :  Select password
2019-10-08 08:50:21  [PASS] :  Select password
2019-10-08 08:50:21  [INFO] :  Select Login
2019-10-08 08:50:21  [PASS] :  Select Login
2019-10-08 08:50:21  [INFO] :  Log correct
2019-10-08 08:50:22  [PASS] :  Log correct
2019-10-08 08:50:22  [INFO] :  try to click on Schedule List
2019-10-08 08:50:22  [PASS] :  Schedule List clicked.
2019-10-08 08:50:22  [INFO] :  search for 1a83de07-84f4-c25d-1b8b-735afac4eea5 on Scheadule List
2019-10-08 08:50:23  [ERROR] :  Status is not Paused!
2019-10-08 08:50:23  [FAIL] :  java.lang.AssertionError: Order still paused expected [true] but found [false]
2019-10-08 08:51:54  [INFO] :  Open page: https://keycloak-pf02.makeitright.pl/powerfarm/
2019-10-08 08:51:55  [PASS] :  Open page: https://keycloak-pf02.makeitright.pl/powerfarm/
2019-10-08 08:51:55  [INFO] :  Select user: developer
2019-10-08 08:51:55  [PASS] :  Select user: developer
2019-10-08 08:51:55  [INFO] :  Select password
2019-10-08 08:51:56  [PASS] :  Select password
2019-10-08 08:51:56  [INFO] :  Select Login
2019-10-08 08:51:56  [PASS] :  Select Login
2019-10-08 08:51:56  [INFO] :  Log correct
2019-10-08 08:51:57  [PASS] :  Log correct
2019-10-08 08:51:57  [INFO] :  try to click on Schedule List
2019-10-08 08:51:57  [PASS] :  Schedule List clicked.
2019-10-08 08:51:57  [INFO] :  search for 1a83de07-84f4-c25d-1b8b-735afac4eea5 on Scheadule List
2019-10-08 08:51:57  [ERROR] :  Order is in status: Execution
2019-10-08 08:51:57  [FAIL] :  java.lang.AssertionError: Order still paused expected [true] but found [false]
2019-10-08 08:52:12  [INFO] :  Open page: https://keycloak-pf02.makeitright.pl/powerfarm/
2019-10-08 08:52:13  [PASS] :  Open page: https://keycloak-pf02.makeitright.pl/powerfarm/
2019-10-08 08:52:13  [INFO] :  Select user: developer
2019-10-08 08:52:13  [PASS] :  Select user: developer
2019-10-08 08:52:13  [INFO] :  Select password
2019-10-08 08:52:13  [PASS] :  Select password
2019-10-08 08:52:13  [INFO] :  Select Login
2019-10-08 08:52:14  [PASS] :  Select Login
2019-10-08 08:52:14  [INFO] :  Log correct
2019-10-08 08:52:15  [PASS] :  Log correct
2019-10-08 08:52:15  [INFO] :  try to click on Schedule List
2019-10-08 08:52:15  [PASS] :  Schedule List clicked.
2019-10-08 08:52:15  [INFO] :  search for 1a83de07-84f4-c25d-1b8b-735afac4eea5 on Scheadule List
2019-10-08 08:52:17  [FAIL] :  org.openqa.selenium.StaleElementReferenceException: stale element reference: element is not attached to the page document
  (Session info: chrome=77.0.3865.90)
For documentation on this error, please visit: http://seleniumhq.org/exceptions/stale_element_reference.html
Build info: version: '3.14.0', revision: 'aacccce0', time: '2018-08-02T20:05:20.749Z'
System info: host: 'MacBook-Pro-Kamil.local', ip: 'fe80:0:0:0:10d7:822d:7783:1ea7%en0', os.name: 'Mac OS X', os.arch: 'x86_64', os.version: '10.14.6', java.version: '11.0.2'
Driver info: org.openqa.selenium.chrome.ChromeDriver
Capabilities {acceptInsecureCerts: false, browserName: chrome, browserVersion: 77.0.3865.90, chrome: {chromedriverVersion: 77.0.3865.40 (f484704e052e0..., userDataDir: /var/folders/b9/d1xyh9tx6tx...}, goog:chromeOptions: {debuggerAddress: localhost:60760}, javascriptEnabled: true, networkConnectionEnabled: false, pageLoadStrategy: normal, platform: MAC, platformName: MAC, proxy: Proxy(), setWindowRect: true, strictFileInteractability: false, timeouts: {implicit: 0, pageLoad: 300000, script: 30000}, unhandledPromptBehavior: dismiss and notify}
Session ID: 20413c38ae4b970d2077bce95062e1dc
*** Element info: {Using=class name, value=progress-bar}
2019-10-08 08:53:13  [INFO] :  Open page: https://keycloak-pf02.makeitright.pl/powerfarm/
2019-10-08 08:53:15  [PASS] :  Open page: https://keycloak-pf02.makeitright.pl/powerfarm/
2019-10-08 08:53:15  [INFO] :  Select user: developer
2019-10-08 08:53:15  [PASS] :  Select user: developer
2019-10-08 08:53:15  [INFO] :  Select password
2019-10-08 08:53:15  [PASS] :  Select password
2019-10-08 08:53:15  [INFO] :  Select Login
2019-10-08 08:53:16  [PASS] :  Select Login
2019-10-08 08:53:16  [INFO] :  Log correct
2019-10-08 08:53:16  [PASS] :  Log correct
2019-10-08 08:53:16  [INFO] :  try to click on Schedule List
2019-10-08 08:53:16  [PASS] :  Schedule List clicked.
2019-10-08 08:53:16  [INFO] :  search for 1a83de07-84f4-c25d-1b8b-735afac4eea5 on Scheadule List
2019-10-08 08:53:22  [FAIL] :  org.openqa.selenium.StaleElementReferenceException: stale element reference: element is not attached to the page document
  (Session info: chrome=77.0.3865.90)
For documentation on this error, please visit: http://seleniumhq.org/exceptions/stale_element_reference.html
Build info: version: '3.14.0', revision: 'aacccce0', time: '2018-08-02T20:05:20.749Z'
System info: host: 'MacBook-Pro-Kamil.local', ip: 'fe80:0:0:0:10d7:822d:7783:1ea7%en0', os.name: 'Mac OS X', os.arch: 'x86_64', os.version: '10.14.6', java.version: '11.0.2'
Driver info: org.openqa.selenium.chrome.ChromeDriver
Capabilities {acceptInsecureCerts: false, browserName: chrome, browserVersion: 77.0.3865.90, chrome: {chromedriverVersion: 77.0.3865.40 (f484704e052e0..., userDataDir: /var/folders/b9/d1xyh9tx6tx...}, goog:chromeOptions: {debuggerAddress: localhost:60811}, javascriptEnabled: true, networkConnectionEnabled: false, pageLoadStrategy: normal, platform: MAC, platformName: MAC, proxy: Proxy(), setWindowRect: true, strictFileInteractability: false, timeouts: {implicit: 0, pageLoad: 300000, script: 30000}, unhandledPromptBehavior: dismiss and notify}
Session ID: a185da9a2f6aa69622e90a193f9865de
*** Element info: {Using=class name, value=progress-bar}
2019-10-08 08:55:14  [INFO] :  Open page: https://keycloak-pf02.makeitright.pl/powerfarm/
2019-10-08 08:55:15  [PASS] :  Open page: https://keycloak-pf02.makeitright.pl/powerfarm/
2019-10-08 08:55:15  [INFO] :  Select user: developer
2019-10-08 08:55:15  [PASS] :  Select user: developer
2019-10-08 08:55:15  [INFO] :  Select password
2019-10-08 08:55:16  [PASS] :  Select password
2019-10-08 08:55:16  [INFO] :  Select Login
2019-10-08 08:55:16  [PASS] :  Select Login
2019-10-08 08:55:16  [INFO] :  Log correct
2019-10-08 08:55:17  [PASS] :  Log correct
2019-10-08 08:55:17  [INFO] :  try to click on Schedule List
2019-10-08 08:55:17  [PASS] :  Schedule List clicked.
2019-10-08 08:55:17  [INFO] :  search for 1a83de07-84f4-c25d-1b8b-735afac4eea5 on Scheadule List
2019-10-08 08:55:18  [FAIL] :  org.openqa.selenium.StaleElementReferenceException: stale element reference: element is not attached to the page document
  (Session info: chrome=77.0.3865.90)
For documentation on this error, please visit: http://seleniumhq.org/exceptions/stale_element_reference.html
Build info: version: '3.14.0', revision: 'aacccce0', time: '2018-08-02T20:05:20.749Z'
System info: host: 'MacBook-Pro-Kamil.local', ip: 'fe80:0:0:0:10d7:822d:7783:1ea7%en0', os.name: 'Mac OS X', os.arch: 'x86_64', os.version: '10.14.6', java.version: '11.0.2'
Driver info: org.openqa.selenium.chrome.ChromeDriver
Capabilities {acceptInsecureCerts: false, browserName: chrome, browserVersion: 77.0.3865.90, chrome: {chromedriverVersion: 77.0.3865.40 (f484704e052e0..., userDataDir: /var/folders/b9/d1xyh9tx6tx...}, goog:chromeOptions: {debuggerAddress: localhost:60873}, javascriptEnabled: true, networkConnectionEnabled: false, pageLoadStrategy: normal, platform: MAC, platformName: MAC, proxy: Proxy(), setWindowRect: true, strictFileInteractability: false, timeouts: {implicit: 0, pageLoad: 300000, script: 30000}, unhandledPromptBehavior: dismiss and notify}
Session ID: 0a8cd4cc4887e014b45da9697f4d1d70
2019-10-08 08:55:45  [INFO] :  Open page: https://keycloak-pf02.makeitright.pl/powerfarm/
2019-10-08 08:55:46  [PASS] :  Open page: https://keycloak-pf02.makeitright.pl/powerfarm/
2019-10-08 08:55:46  [INFO] :  Select user: developer
2019-10-08 08:55:47  [PASS] :  Select user: developer
2019-10-08 08:55:47  [INFO] :  Select password
2019-10-08 08:55:47  [PASS] :  Select password
2019-10-08 08:55:47  [INFO] :  Select Login
2019-10-08 08:55:47  [PASS] :  Select Login
2019-10-08 08:55:47  [INFO] :  Log correct
2019-10-08 08:55:48  [PASS] :  Log correct
2019-10-08 08:55:48  [INFO] :  try to click on Schedule List
2019-10-08 08:55:48  [PASS] :  Schedule List clicked.
2019-10-08 08:55:48  [INFO] :  search for 1a83de07-84f4-c25d-1b8b-735afac4eea5 on Scheadule List
2019-10-08 08:55:49  [FAIL] :  org.openqa.selenium.StaleElementReferenceException: stale element reference: element is not attached to the page document
  (Session info: chrome=77.0.3865.90)
For documentation on this error, please visit: http://seleniumhq.org/exceptions/stale_element_reference.html
Build info: version: '3.14.0', revision: 'aacccce0', time: '2018-08-02T20:05:20.749Z'
System info: host: 'MacBook-Pro-Kamil.local', ip: 'fe80:0:0:0:10d7:822d:7783:1ea7%en0', os.name: 'Mac OS X', os.arch: 'x86_64', os.version: '10.14.6', java.version: '11.0.2'
Driver info: org.openqa.selenium.chrome.ChromeDriver
Capabilities {acceptInsecureCerts: false, browserName: chrome, browserVersion: 77.0.3865.90, chrome: {chromedriverVersion: 77.0.3865.40 (f484704e052e0..., userDataDir: /var/folders/b9/d1xyh9tx6tx...}, goog:chromeOptions: {debuggerAddress: localhost:60919}, javascriptEnabled: true, networkConnectionEnabled: false, pageLoadStrategy: normal, platform: MAC, platformName: MAC, proxy: Proxy(), setWindowRect: true, strictFileInteractability: false, timeouts: {implicit: 0, pageLoad: 300000, script: 30000}, unhandledPromptBehavior: dismiss and notify}
Session ID: 785391573b794a71b354f4d62af7883d
2019-10-08 08:58:02  [INFO] :  Open page: https://keycloak-pf02.makeitright.pl/powerfarm/
2019-10-08 08:58:03  [PASS] :  Open page: https://keycloak-pf02.makeitright.pl/powerfarm/
2019-10-08 08:58:03  [INFO] :  Select user: developer
2019-10-08 08:58:03  [PASS] :  Select user: developer
2019-10-08 08:58:03  [INFO] :  Select password
2019-10-08 08:58:03  [PASS] :  Select password
2019-10-08 08:58:03  [INFO] :  Select Login
2019-10-08 08:58:04  [PASS] :  Select Login
2019-10-08 08:58:04  [INFO] :  Log correct
2019-10-08 08:58:05  [PASS] :  Log correct
2019-10-08 08:58:05  [INFO] :  try to click on Schedule List
2019-10-08 08:58:05  [PASS] :  Schedule List clicked.
2019-10-08 08:58:05  [INFO] :  search for 1a83de07-84f4-c25d-1b8b-735afac4eea5 on Scheadule List
2019-10-08 08:58:06  [FAIL] :  org.openqa.selenium.StaleElementReferenceException: stale element reference: element is not attached to the page document
  (Session info: chrome=77.0.3865.90)
For documentation on this error, please visit: http://seleniumhq.org/exceptions/stale_element_reference.html
Build info: version: '3.14.0', revision: 'aacccce0', time: '2018-08-02T20:05:20.749Z'
System info: host: 'MacBook-Pro-Kamil.local', ip: 'fe80:0:0:0:10d7:822d:7783:1ea7%en0', os.name: 'Mac OS X', os.arch: 'x86_64', os.version: '10.14.6', java.version: '11.0.2'
Driver info: org.openqa.selenium.chrome.ChromeDriver
Capabilities {acceptInsecureCerts: false, browserName: chrome, browserVersion: 77.0.3865.90, chrome: {chromedriverVersion: 77.0.3865.40 (f484704e052e0..., userDataDir: /var/folders/b9/d1xyh9tx6tx...}, goog:chromeOptions: {debuggerAddress: localhost:60981}, javascriptEnabled: true, networkConnectionEnabled: false, pageLoadStrategy: normal, platform: MAC, platformName: MAC, proxy: Proxy(), setWindowRect: true, strictFileInteractability: false, timeouts: {implicit: 0, pageLoad: 300000, script: 30000}, unhandledPromptBehavior: dismiss and notify}
Session ID: 0a818667b9f63ea9ce5d21cc711d6fef
2019-10-08 08:59:22  [INFO] :  Open page: https://keycloak-pf02.makeitright.pl/powerfarm/
2019-10-08 08:59:23  [PASS] :  Open page: https://keycloak-pf02.makeitright.pl/powerfarm/
2019-10-08 08:59:23  [INFO] :  Select user: developer
2019-10-08 08:59:24  [PASS] :  Select user: developer
2019-10-08 08:59:24  [INFO] :  Select password
2019-10-08 08:59:24  [PASS] :  Select password
2019-10-08 08:59:24  [INFO] :  Select Login
2019-10-08 08:59:25  [PASS] :  Select Login
2019-10-08 08:59:25  [INFO] :  Log correct
2019-10-08 08:59:25  [PASS] :  Log correct
2019-10-08 08:59:25  [INFO] :  try to click on Schedule List
2019-10-08 08:59:25  [PASS] :  Schedule List clicked.
2019-10-08 08:59:25  [INFO] :  search for 1a83de07-84f4-c25d-1b8b-735afac4eea5 on Scheadule List
2019-10-08 08:59:26  [FAIL] :  org.openqa.selenium.StaleElementReferenceException: stale element reference: element is not attached to the page document
  (Session info: chrome=77.0.3865.90)
For documentation on this error, please visit: http://seleniumhq.org/exceptions/stale_element_reference.html
Build info: version: '3.14.0', revision: 'aacccce0', time: '2018-08-02T20:05:20.749Z'
System info: host: 'MacBook-Pro-Kamil.local', ip: 'fe80:0:0:0:10d7:822d:7783:1ea7%en0', os.name: 'Mac OS X', os.arch: 'x86_64', os.version: '10.14.6', java.version: '11.0.2'
Driver info: org.openqa.selenium.chrome.ChromeDriver
Capabilities {acceptInsecureCerts: false, browserName: chrome, browserVersion: 77.0.3865.90, chrome: {chromedriverVersion: 77.0.3865.40 (f484704e052e0..., userDataDir: /var/folders/b9/d1xyh9tx6tx...}, goog:chromeOptions: {debuggerAddress: localhost:61025}, javascriptEnabled: true, networkConnectionEnabled: false, pageLoadStrategy: normal, platform: MAC, platformName: MAC, proxy: Proxy(), setWindowRect: true, strictFileInteractability: false, timeouts: {implicit: 0, pageLoad: 300000, script: 30000}, unhandledPromptBehavior: dismiss and notify}
Session ID: 44959e6c7316f7f0bd048c3cb550d1aa
2019-10-08 09:01:27  [INFO] :  Open page: https://keycloak-pf02.makeitright.pl/powerfarm/
2019-10-08 09:01:28  [PASS] :  Open page: https://keycloak-pf02.makeitright.pl/powerfarm/
2019-10-08 09:01:28  [INFO] :  Select user: developer
2019-10-08 09:01:28  [PASS] :  Select user: developer
2019-10-08 09:01:28  [INFO] :  Select password
2019-10-08 09:01:29  [PASS] :  Select password
2019-10-08 09:01:29  [INFO] :  Select Login
2019-10-08 09:01:29  [PASS] :  Select Login
2019-10-08 09:01:29  [INFO] :  Log correct
2019-10-08 09:01:30  [PASS] :  Log correct
2019-10-08 09:01:30  [INFO] :  try to click on Schedule List
2019-10-08 09:01:30  [PASS] :  Schedule List clicked.
2019-10-08 09:01:30  [INFO] :  search for 1a83de07-84f4-c25d-1b8b-735afac4eea5 on Scheadule List
2019-10-08 09:01:31  [FAIL] :  org.openqa.selenium.InvalidSelectorException: invalid selector: Unable to locate an element with the xpath expression //section[@id='1a83de07-84f4-c25d-1b8b-735afac4eea5]/app-periodic-order/div[2]/div[3]/section/div/button because of the following error:
SyntaxError: Failed to execute 'evaluate' on 'Document': The string '//section[@id='1a83de07-84f4-c25d-1b8b-735afac4eea5]/app-periodic-order/div[2]/div[3]/section/div/button' is not a valid XPath expression.
  (Session info: chrome=77.0.3865.90)
For documentation on this error, please visit: http://seleniumhq.org/exceptions/invalid_selector_exception.html
Build info: version: '3.14.0', revision: 'aacccce0', time: '2018-08-02T20:05:20.749Z'
System info: host: 'MacBook-Pro-Kamil.local', ip: 'fe80:0:0:0:10d7:822d:7783:1ea7%en0', os.name: 'Mac OS X', os.arch: 'x86_64', os.version: '10.14.6', java.version: '11.0.2'
Driver info: org.openqa.selenium.chrome.ChromeDriver
Capabilities {acceptInsecureCerts: false, browserName: chrome, browserVersion: 77.0.3865.90, chrome: {chromedriverVersion: 77.0.3865.40 (f484704e052e0..., userDataDir: /var/folders/b9/d1xyh9tx6tx...}, goog:chromeOptions: {debuggerAddress: localhost:61071}, javascriptEnabled: true, networkConnectionEnabled: false, pageLoadStrategy: normal, platform: MAC, platformName: MAC, proxy: Proxy(), setWindowRect: true, strictFileInteractability: false, timeouts: {implicit: 0, pageLoad: 300000, script: 30000}, unhandledPromptBehavior: dismiss and notify}
Session ID: 7557f22e611e1a2fe9fb7761de06fc71
*** Element info: {Using=xpath, value=//section[@id='1a83de07-84f4-c25d-1b8b-735afac4eea5]/app-periodic-order/div[2]/div[3]/section/div/button}
2019-10-08 09:02:08  [INFO] :  Open page: https://keycloak-pf02.makeitright.pl/powerfarm/
2019-10-08 09:02:09  [PASS] :  Open page: https://keycloak-pf02.makeitright.pl/powerfarm/
2019-10-08 09:02:09  [INFO] :  Select user: developer
2019-10-08 09:02:09  [PASS] :  Select user: developer
2019-10-08 09:02:09  [INFO] :  Select password
2019-10-08 09:02:10  [PASS] :  Select password
2019-10-08 09:02:10  [INFO] :  Select Login
2019-10-08 09:02:10  [PASS] :  Select Login
2019-10-08 09:02:10  [INFO] :  Log correct
2019-10-08 09:02:11  [PASS] :  Log correct
2019-10-08 09:02:11  [INFO] :  try to click on Schedule List
2019-10-08 09:02:11  [PASS] :  Schedule List clicked.
2019-10-08 09:02:11  [INFO] :  search for 1a83de07-84f4-c25d-1b8b-735afac4eea5 on Scheadule List
2019-10-08 09:02:12  [FAIL] :  org.openqa.selenium.StaleElementReferenceException: stale element reference: element is not attached to the page document
  (Session info: chrome=77.0.3865.90)
For documentation on this error, please visit: http://seleniumhq.org/exceptions/stale_element_reference.html
Build info: version: '3.14.0', revision: 'aacccce0', time: '2018-08-02T20:05:20.749Z'
System info: host: 'MacBook-Pro-Kamil.local', ip: 'fe80:0:0:0:10d7:822d:7783:1ea7%en0', os.name: 'Mac OS X', os.arch: 'x86_64', os.version: '10.14.6', java.version: '11.0.2'
Driver info: org.openqa.selenium.chrome.ChromeDriver
Capabilities {acceptInsecureCerts: false, browserName: chrome, browserVersion: 77.0.3865.90, chrome: {chromedriverVersion: 77.0.3865.40 (f484704e052e0..., userDataDir: /var/folders/b9/d1xyh9tx6tx...}, goog:chromeOptions: {debuggerAddress: localhost:61113}, javascriptEnabled: true, networkConnectionEnabled: false, pageLoadStrategy: normal, platform: MAC, platformName: MAC, proxy: Proxy(), setWindowRect: true, strictFileInteractability: false, timeouts: {implicit: 0, pageLoad: 300000, script: 30000}, unhandledPromptBehavior: dismiss and notify}
Session ID: 11518b04e262a62bc3fa3295af34d4a4
2019-10-08 09:02:53  [INFO] :  Open page: https://keycloak-pf02.makeitright.pl/powerfarm/
2019-10-08 09:02:54  [PASS] :  Open page: https://keycloak-pf02.makeitright.pl/powerfarm/
2019-10-08 09:02:54  [INFO] :  Select user: developer
2019-10-08 09:02:54  [PASS] :  Select user: developer
2019-10-08 09:02:54  [INFO] :  Select password
2019-10-08 09:02:54  [PASS] :  Select password
2019-10-08 09:02:54  [INFO] :  Select Login
2019-10-08 09:02:55  [PASS] :  Select Login
2019-10-08 09:02:55  [INFO] :  Log correct
2019-10-08 09:02:56  [PASS] :  Log correct
2019-10-08 09:02:56  [INFO] :  try to click on Schedule List
2019-10-08 09:02:56  [PASS] :  Schedule List clicked.
2019-10-08 09:02:56  [INFO] :  search for 1a83de07-84f4-c25d-1b8b-735afac4eea5 on Scheadule List
2019-10-08 09:02:58  [ERROR] :  Status is not Paused!
2019-10-08 09:02:58  [FAIL] :  java.lang.AssertionError: Order still paused expected [true] but found [false]
2019-10-08 09:03:43  [INFO] :  Open page: https://keycloak-pf02.makeitright.pl/powerfarm/
2019-10-08 09:03:44  [PASS] :  Open page: https://keycloak-pf02.makeitright.pl/powerfarm/
2019-10-08 09:03:44  [INFO] :  Select user: developer
2019-10-08 09:03:44  [PASS] :  Select user: developer
2019-10-08 09:03:44  [INFO] :  Select password
2019-10-08 09:03:45  [PASS] :  Select password
2019-10-08 09:03:45  [INFO] :  Select Login
2019-10-08 09:03:45  [PASS] :  Select Login
2019-10-08 09:03:45  [INFO] :  Log correct
2019-10-08 09:03:46  [PASS] :  Log correct
2019-10-08 09:03:46  [INFO] :  try to click on Schedule List
2019-10-08 09:03:46  [PASS] :  Schedule List clicked.
2019-10-08 09:03:46  [INFO] :  search for 1a83de07-84f4-c25d-1b8b-735afac4eea5 on Scheadule List
2019-10-08 09:03:47  [ERROR] :  Status is not Paused!
2019-10-08 09:03:47  [FAIL] :  java.lang.AssertionError: Order still paused expected [true] but found [false]
2019-10-08 09:05:36  [INFO] :  Open page: https://keycloak-pf02.makeitright.pl/powerfarm/
2019-10-08 09:05:38  [PASS] :  Open page: https://keycloak-pf02.makeitright.pl/powerfarm/
2019-10-08 09:05:38  [INFO] :  Select user: developer
2019-10-08 09:05:38  [PASS] :  Select user: developer
2019-10-08 09:05:38  [INFO] :  Select password
2019-10-08 09:05:38  [PASS] :  Select password
2019-10-08 09:05:38  [INFO] :  Select Login
2019-10-08 09:05:39  [PASS] :  Select Login
2019-10-08 09:05:39  [INFO] :  Log correct
2019-10-08 09:05:39  [PASS] :  Log correct
2019-10-08 09:05:39  [INFO] :  try to click on Schedule List
2019-10-08 09:05:40  [PASS] :  Schedule List clicked.
2019-10-08 09:05:40  [INFO] :  search for 1a83de07-84f4-c25d-1b8b-735afac4eea5 on Scheadule List
2019-10-08 09:10:44  [INFO] :  Open page: https://keycloak-pf02.makeitright.pl/powerfarm/
2019-10-08 09:10:45  [PASS] :  Open page: https://keycloak-pf02.makeitright.pl/powerfarm/
2019-10-08 09:10:45  [INFO] :  Select user: developer
2019-10-08 09:10:45  [PASS] :  Select user: developer
2019-10-08 09:10:45  [INFO] :  Select password
2019-10-08 09:10:45  [PASS] :  Select password
2019-10-08 09:10:45  [INFO] :  Select Login
2019-10-08 09:10:46  [PASS] :  Select Login
2019-10-08 09:10:46  [INFO] :  Log correct
2019-10-08 09:10:47  [PASS] :  Log correct
2019-10-08 09:10:47  [INFO] :  try to click on Schedule List
2019-10-08 09:10:47  [PASS] :  Schedule List clicked.
2019-10-08 09:10:47  [INFO] :  search for 1a83de07-84f4-c25d-1b8b-735afac4eea5 on Scheadule List
2019-10-08 09:10:48  [ERROR] :  Status is not Paused!
2019-10-08 09:10:48  [FAIL] :  java.lang.AssertionError: Order still paused expected [true] but found [false]
2019-10-08 09:11:34  [INFO] :  Open page: https://keycloak-pf02.makeitright.pl/powerfarm/
2019-10-08 09:11:35  [PASS] :  Open page: https://keycloak-pf02.makeitright.pl/powerfarm/
2019-10-08 09:11:35  [INFO] :  Select user: developer
2019-10-08 09:11:35  [PASS] :  Select user: developer
2019-10-08 09:11:35  [INFO] :  Select password
2019-10-08 09:11:35  [PASS] :  Select password
2019-10-08 09:11:35  [INFO] :  Select Login
2019-10-08 09:11:36  [PASS] :  Select Login
2019-10-08 09:11:36  [INFO] :  Log correct
2019-10-08 09:11:36  [PASS] :  Log correct
2019-10-08 09:11:36  [INFO] :  try to click on Schedule List
2019-10-08 09:11:37  [PASS] :  Schedule List clicked.
2019-10-08 09:11:37  [INFO] :  search for 1a83de07-84f4-c25d-1b8b-735afac4eea5 on Scheadule List
2019-10-08 09:11:38  [FAIL] :  org.openqa.selenium.StaleElementReferenceException: stale element reference: element is not attached to the page document
  (Session info: chrome=77.0.3865.90)
For documentation on this error, please visit: http://seleniumhq.org/exceptions/stale_element_reference.html
Build info: version: '3.14.0', revision: 'aacccce0', time: '2018-08-02T20:05:20.749Z'
System info: host: 'MacBook-Pro-Kamil.local', ip: 'fe80:0:0:0:10d7:822d:7783:1ea7%en0', os.name: 'Mac OS X', os.arch: 'x86_64', os.version: '10.14.6', java.version: '11.0.2'
Driver info: org.openqa.selenium.chrome.ChromeDriver
Capabilities {acceptInsecureCerts: false, browserName: chrome, browserVersion: 77.0.3865.90, chrome: {chromedriverVersion: 77.0.3865.40 (f484704e052e0..., userDataDir: /var/folders/b9/d1xyh9tx6tx...}, goog:chromeOptions: {debuggerAddress: localhost:62584}, javascriptEnabled: true, networkConnectionEnabled: false, pageLoadStrategy: normal, platform: MAC, platformName: MAC, proxy: Proxy(), setWindowRect: true, strictFileInteractability: false, timeouts: {implicit: 0, pageLoad: 300000, script: 30000}, unhandledPromptBehavior: dismiss and notify}
Session ID: ea35ebc8ae7243b961f49d5925042b8a
2019-10-08 09:12:57  [INFO] :  Open page: https://keycloak-pf02.makeitright.pl/powerfarm/
2019-10-08 09:12:58  [PASS] :  Open page: https://keycloak-pf02.makeitright.pl/powerfarm/
2019-10-08 09:12:58  [INFO] :  Select user: developer
2019-10-08 09:12:58  [PASS] :  Select user: developer
2019-10-08 09:12:58  [INFO] :  Select password
2019-10-08 09:12:58  [PASS] :  Select password
2019-10-08 09:12:58  [INFO] :  Select Login
2019-10-08 09:12:59  [PASS] :  Select Login
2019-10-08 09:12:59  [INFO] :  Log correct
2019-10-08 09:13:00  [PASS] :  Log correct
2019-10-08 09:13:00  [INFO] :  try to click on Schedule List
2019-10-08 09:13:00  [PASS] :  Schedule List clicked.
2019-10-08 09:13:00  [INFO] :  search for 1a83de07-84f4-c25d-1b8b-735afac4eea5 on Scheadule List
2019-10-08 09:13:00  [ERROR] :  Order is in status: Execution
2019-10-08 09:13:00  [FAIL] :  java.lang.AssertionError: Order still paused expected [true] but found [false]
2019-10-08 09:13:17  [INFO] :  Open page: https://keycloak-pf02.makeitright.pl/powerfarm/
2019-10-08 09:13:18  [PASS] :  Open page: https://keycloak-pf02.makeitright.pl/powerfarm/
2019-10-08 09:13:18  [INFO] :  Select user: developer
2019-10-08 09:13:18  [PASS] :  Select user: developer
2019-10-08 09:13:18  [INFO] :  Select password
2019-10-08 09:13:18  [PASS] :  Select password
2019-10-08 09:13:18  [INFO] :  Select Login
2019-10-08 09:13:19  [PASS] :  Select Login
2019-10-08 09:13:19  [INFO] :  Log correct
2019-10-08 09:13:20  [PASS] :  Log correct
2019-10-08 09:13:20  [INFO] :  try to click on Schedule List
2019-10-08 09:13:20  [PASS] :  Schedule List clicked.
2019-10-08 09:13:20  [INFO] :  search for 1a83de07-84f4-c25d-1b8b-735afac4eea5 on Scheadule List
2019-10-08 09:13:35  [INFO] :  search for 1a83de07-84f4-c25d-1b8b-735afac4eea5 on Scheadule List
2019-10-08 09:13:48  [ERROR] :  Order is in status: Execution
2019-10-08 09:14:23  [INFO] :  Open page: https://keycloak-pf02.makeitright.pl/powerfarm/
2019-10-08 09:14:24  [PASS] :  Open page: https://keycloak-pf02.makeitright.pl/powerfarm/
2019-10-08 09:14:24  [INFO] :  Select user: developer
2019-10-08 09:14:24  [PASS] :  Select user: developer
2019-10-08 09:14:24  [INFO] :  Select password
2019-10-08 09:14:25  [PASS] :  Select password
2019-10-08 09:14:25  [INFO] :  Select Login
2019-10-08 09:14:25  [PASS] :  Select Login
2019-10-08 09:14:25  [INFO] :  Log correct
2019-10-08 09:14:26  [PASS] :  Log correct
2019-10-08 09:14:26  [INFO] :  try to click on Schedule List
2019-10-08 09:14:26  [PASS] :  Schedule List clicked.
2019-10-08 09:14:26  [INFO] :  search for 1a83de07-84f4-c25d-1b8b-735afac4eea5 on Scheadule List
2019-10-08 09:15:29  [INFO] :  Open page: https://keycloak-pf02.makeitright.pl/powerfarm/
2019-10-08 09:15:30  [PASS] :  Open page: https://keycloak-pf02.makeitright.pl/powerfarm/
2019-10-08 09:15:30  [INFO] :  Select user: developer
2019-10-08 09:15:31  [PASS] :  Select user: developer
2019-10-08 09:15:31  [INFO] :  Select password
2019-10-08 09:15:31  [PASS] :  Select password
2019-10-08 09:15:31  [INFO] :  Select Login
2019-10-08 09:15:31  [PASS] :  Select Login
2019-10-08 09:15:31  [INFO] :  Log correct
2019-10-08 09:15:32  [PASS] :  Log correct
2019-10-08 09:15:32  [INFO] :  try to click on Schedule List
2019-10-08 09:15:32  [PASS] :  Schedule List clicked.
2019-10-08 09:15:32  [INFO] :  search for 1a83de07-84f4-c25d-1b8b-735afac4eea5 on Scheadule List
2019-10-08 09:15:34  [FAIL] :  org.openqa.selenium.StaleElementReferenceException: stale element reference: element is not attached to the page document
  (Session info: chrome=77.0.3865.90)
For documentation on this error, please visit: http://seleniumhq.org/exceptions/stale_element_reference.html
Build info: version: '3.14.0', revision: 'aacccce0', time: '2018-08-02T20:05:20.749Z'
System info: host: 'MacBook-Pro-Kamil.local', ip: 'fe80:0:0:0:10d7:822d:7783:1ea7%en0', os.name: 'Mac OS X', os.arch: 'x86_64', os.version: '10.14.6', java.version: '11.0.2'
Driver info: org.openqa.selenium.chrome.ChromeDriver
Capabilities {acceptInsecureCerts: false, browserName: chrome, browserVersion: 77.0.3865.90, chrome: {chromedriverVersion: 77.0.3865.40 (f484704e052e0..., userDataDir: /var/folders/b9/d1xyh9tx6tx...}, goog:chromeOptions: {debuggerAddress: localhost:63722}, javascriptEnabled: true, networkConnectionEnabled: false, pageLoadStrategy: normal, platform: MAC, platformName: MAC, proxy: Proxy(), setWindowRect: true, strictFileInteractability: false, timeouts: {implicit: 0, pageLoad: 300000, script: 30000}, unhandledPromptBehavior: dismiss and notify}
Session ID: e466ff84ca56972799985c6786e0f6b1
2019-10-08 09:16:22  [INFO] :  Open page: https://keycloak-pf02.makeitright.pl/powerfarm/
2019-10-08 09:16:24  [PASS] :  Open page: https://keycloak-pf02.makeitright.pl/powerfarm/
2019-10-08 09:16:24  [INFO] :  Select user: developer
2019-10-08 09:16:24  [PASS] :  Select user: developer
2019-10-08 09:16:24  [INFO] :  Select password
2019-10-08 09:16:24  [PASS] :  Select password
2019-10-08 09:16:24  [INFO] :  Select Login
2019-10-08 09:16:25  [PASS] :  Select Login
2019-10-08 09:16:25  [INFO] :  Log correct
2019-10-08 09:16:25  [PASS] :  Log correct
2019-10-08 09:16:25  [INFO] :  try to click on Schedule List
2019-10-08 09:16:26  [PASS] :  Schedule List clicked.
2019-10-08 09:16:26  [INFO] :  search for 1a83de07-84f4-c25d-1b8b-735afac4eea5 on Scheadule List
2019-10-08 09:16:27  [FAIL] :  java.lang.NullPointerException
2019-10-08 09:18:11  [INFO] :  Open page: https://keycloak-pf02.makeitright.pl/powerfarm/
2019-10-08 09:18:12  [PASS] :  Open page: https://keycloak-pf02.makeitright.pl/powerfarm/
2019-10-08 09:18:12  [INFO] :  Select user: developer
2019-10-08 09:18:12  [PASS] :  Select user: developer
2019-10-08 09:18:12  [INFO] :  Select password
2019-10-08 09:18:13  [PASS] :  Select password
2019-10-08 09:18:13  [INFO] :  Select Login
2019-10-08 09:18:13  [PASS] :  Select Login
2019-10-08 09:18:13  [INFO] :  Log correct
2019-10-08 09:18:14  [PASS] :  Log correct
2019-10-08 09:18:14  [INFO] :  try to click on Schedule List
2019-10-08 09:18:14  [PASS] :  Schedule List clicked.
2019-10-08 09:18:14  [INFO] :  search for 1a83de07-84f4-c25d-1b8b-735afac4eea5 on Scheadule List
2019-10-08 09:18:15  [FAIL] :  org.openqa.selenium.StaleElementReferenceException: stale element reference: element is not attached to the page document
  (Session info: chrome=77.0.3865.90)
For documentation on this error, please visit: http://seleniumhq.org/exceptions/stale_element_reference.html
Build info: version: '3.14.0', revision: 'aacccce0', time: '2018-08-02T20:05:20.749Z'
System info: host: 'MacBook-Pro-Kamil.local', ip: 'fe80:0:0:0:10d7:822d:7783:1ea7%en0', os.name: 'Mac OS X', os.arch: 'x86_64', os.version: '10.14.6', java.version: '11.0.2'
Driver info: org.openqa.selenium.chrome.ChromeDriver
Capabilities {acceptInsecureCerts: false, browserName: chrome, browserVersion: 77.0.3865.90, chrome: {chromedriverVersion: 77.0.3865.40 (f484704e052e0..., userDataDir: /var/folders/b9/d1xyh9tx6tx...}, goog:chromeOptions: {debuggerAddress: localhost:64466}, javascriptEnabled: true, networkConnectionEnabled: false, pageLoadStrategy: normal, platform: MAC, platformName: MAC, proxy: Proxy(), setWindowRect: true, strictFileInteractability: false, timeouts: {implicit: 0, pageLoad: 300000, script: 30000}, unhandledPromptBehavior: dismiss and notify}
Session ID: 738d389e25fad2ce3995241e5b657a1e
2019-10-08 09:21:57  [INFO] :  Open page: https://keycloak-pf02.makeitright.pl/powerfarm/
2019-10-08 09:21:59  [PASS] :  Open page: https://keycloak-pf02.makeitright.pl/powerfarm/
2019-10-08 09:21:59  [INFO] :  Select user: developer
2019-10-08 09:21:59  [PASS] :  Select user: developer
2019-10-08 09:21:59  [INFO] :  Select password
2019-10-08 09:21:59  [PASS] :  Select password
2019-10-08 09:21:59  [INFO] :  Select Login
2019-10-08 09:22:00  [PASS] :  Select Login
2019-10-08 09:22:00  [INFO] :  Log correct
2019-10-08 09:22:01  [PASS] :  Log correct
2019-10-08 09:22:01  [INFO] :  try to click on Schedule List
2019-10-08 09:22:01  [PASS] :  Schedule List clicked.
2019-10-08 09:22:01  [INFO] :  search for 1a83de07-84f4-c25d-1b8b-735afac4eea5 on Scheadule List
2019-10-08 09:22:03  [FAIL] :  org.openqa.selenium.StaleElementReferenceException: stale element reference: element is not attached to the page document
  (Session info: chrome=77.0.3865.90)
For documentation on this error, please visit: http://seleniumhq.org/exceptions/stale_element_reference.html
Build info: version: '3.14.0', revision: 'aacccce0', time: '2018-08-02T20:05:20.749Z'
System info: host: 'MacBook-Pro-Kamil.local', ip: 'fe80:0:0:0:10d7:822d:7783:1ea7%en0', os.name: 'Mac OS X', os.arch: 'x86_64', os.version: '10.14.6', java.version: '11.0.2'
Driver info: org.openqa.selenium.chrome.ChromeDriver
Capabilities {acceptInsecureCerts: false, browserName: chrome, browserVersion: 77.0.3865.90, chrome: {chromedriverVersion: 77.0.3865.40 (f484704e052e0..., userDataDir: /var/folders/b9/d1xyh9tx6tx...}, goog:chromeOptions: {debuggerAddress: localhost:65442}, javascriptEnabled: true, networkConnectionEnabled: false, pageLoadStrategy: normal, platform: MAC, platformName: MAC, proxy: Proxy(), setWindowRect: true, strictFileInteractability: false, timeouts: {implicit: 0, pageLoad: 300000, script: 30000}, unhandledPromptBehavior: dismiss and notify}
Session ID: 8639fdbfa4322f9b05a272d11f363cf7
2019-10-08 09:25:03  [INFO] :  Open page: https://keycloak-pf02.makeitright.pl/powerfarm/
2019-10-08 09:25:05  [PASS] :  Open page: https://keycloak-pf02.makeitright.pl/powerfarm/
2019-10-08 09:25:05  [INFO] :  Select user: developer
2019-10-08 09:25:06  [PASS] :  Select user: developer
2019-10-08 09:25:06  [INFO] :  Select password
2019-10-08 09:25:06  [PASS] :  Select password
2019-10-08 09:25:06  [INFO] :  Select Login
2019-10-08 09:25:07  [PASS] :  Select Login
2019-10-08 09:25:07  [INFO] :  Log correct
2019-10-08 09:25:07  [PASS] :  Log correct
2019-10-08 09:25:08  [INFO] :  try to click on Schedule List
2019-10-08 09:25:08  [PASS] :  Schedule List clicked.
2019-10-08 09:25:08  [INFO] :  search for 1a83de07-84f4-c25d-1b8b-735afac4eea5 on Scheadule List
2019-10-08 09:25:10  [FAIL] :  org.openqa.selenium.StaleElementReferenceException: stale element reference: element is not attached to the page document
  (Session info: chrome=77.0.3865.90)
For documentation on this error, please visit: http://seleniumhq.org/exceptions/stale_element_reference.html
Build info: version: '3.14.0', revision: 'aacccce0', time: '2018-08-02T20:05:20.749Z'
System info: host: 'MacBook-Pro-Kamil.local', ip: 'fe80:0:0:0:10d7:822d:7783:1ea7%en0', os.name: 'Mac OS X', os.arch: 'x86_64', os.version: '10.14.6', java.version: '11.0.2'
Driver info: org.openqa.selenium.chrome.ChromeDriver
Capabilities {acceptInsecureCerts: false, browserName: chrome, browserVersion: 77.0.3865.90, chrome: {chromedriverVersion: 77.0.3865.40 (f484704e052e0..., userDataDir: /var/folders/b9/d1xyh9tx6tx...}, goog:chromeOptions: {debuggerAddress: localhost:49874}, javascriptEnabled: true, networkConnectionEnabled: false, pageLoadStrategy: normal, platform: MAC, platformName: MAC, proxy: Proxy(), setWindowRect: true, strictFileInteractability: false, timeouts: {implicit: 0, pageLoad: 300000, script: 30000}, unhandledPromptBehavior: dismiss and notify}
Session ID: 4c42a3cfb1ad700c522c18b3b11f0cc1
2019-10-08 09:25:55  [INFO] :  Open page: https://keycloak-pf02.makeitright.pl/powerfarm/
2019-10-08 09:25:56  [PASS] :  Open page: https://keycloak-pf02.makeitright.pl/powerfarm/
2019-10-08 09:25:56  [INFO] :  Select user: developer
2019-10-08 09:25:56  [PASS] :  Select user: developer
2019-10-08 09:25:56  [INFO] :  Select password
2019-10-08 09:25:57  [PASS] :  Select password
2019-10-08 09:25:57  [INFO] :  Select Login
2019-10-08 09:25:57  [PASS] :  Select Login
2019-10-08 09:25:57  [INFO] :  Log correct
2019-10-08 09:25:59  [PASS] :  Log correct
2019-10-08 09:25:59  [INFO] :  try to click on Schedule List
2019-10-08 09:25:59  [PASS] :  Schedule List clicked.
2019-10-08 09:25:59  [INFO] :  search for 1a83de07-84f4-c25d-1b8b-735afac4eea5 on Scheadule List
2019-10-08 09:26:14  [INFO] :  search for 1a83de07-84f4-c25d-1b8b-735afac4eea5 on Scheadule List
2019-10-08 09:26:15  [ERROR] :  Order is in status: Execution
2019-10-08 09:26:15  [FAIL] :  java.lang.AssertionError: Order still paused expected [true] but found [false]
2019-10-08 09:26:52  [INFO] :  Open page: https://keycloak-pf02.makeitright.pl/powerfarm/
2019-10-08 09:26:53  [PASS] :  Open page: https://keycloak-pf02.makeitright.pl/powerfarm/
2019-10-08 09:26:53  [INFO] :  Select user: developer
2019-10-08 09:26:54  [PASS] :  Select user: developer
2019-10-08 09:26:54  [INFO] :  Select password
2019-10-08 09:26:54  [PASS] :  Select password
2019-10-08 09:26:54  [INFO] :  Select Login
2019-10-08 09:26:54  [PASS] :  Select Login
2019-10-08 09:26:54  [INFO] :  Log correct
2019-10-08 09:26:55  [PASS] :  Log correct
2019-10-08 09:26:55  [INFO] :  try to click on Schedule List
2019-10-08 09:26:55  [PASS] :  Schedule List clicked.
2019-10-08 09:26:55  [INFO] :  search for 1a83de07-84f4-c25d-1b8b-735afac4eea5 on Scheadule List
2019-10-08 09:26:59  [FAIL] :  org.openqa.selenium.StaleElementReferenceException: stale element reference: element is not attached to the page document
  (Session info: chrome=77.0.3865.90)
For documentation on this error, please visit: http://seleniumhq.org/exceptions/stale_element_reference.html
Build info: version: '3.14.0', revision: 'aacccce0', time: '2018-08-02T20:05:20.749Z'
System info: host: 'MacBook-Pro-Kamil.local', ip: 'fe80:0:0:0:10d7:822d:7783:1ea7%en0', os.name: 'Mac OS X', os.arch: 'x86_64', os.version: '10.14.6', java.version: '11.0.2'
Driver info: org.openqa.selenium.chrome.ChromeDriver
Capabilities {acceptInsecureCerts: false, browserName: chrome, browserVersion: 77.0.3865.90, chrome: {chromedriverVersion: 77.0.3865.40 (f484704e052e0..., userDataDir: /var/folders/b9/d1xyh9tx6tx...}, goog:chromeOptions: {debuggerAddress: localhost:50440}, javascriptEnabled: true, networkConnectionEnabled: false, pageLoadStrategy: normal, platform: MAC, platformName: MAC, proxy: Proxy(), setWindowRect: true, strictFileInteractability: false, timeouts: {implicit: 0, pageLoad: 300000, script: 30000}, unhandledPromptBehavior: dismiss and notify}
Session ID: a133a07560803300356fae218d31323f
2019-10-08 09:28:51  [INFO] :  Open page: https://keycloak-pf02.makeitright.pl/powerfarm/
2019-10-08 09:28:53  [PASS] :  Open page: https://keycloak-pf02.makeitright.pl/powerfarm/
2019-10-08 09:28:53  [INFO] :  Select user: developer
2019-10-08 09:28:53  [PASS] :  Select user: developer
2019-10-08 09:28:53  [INFO] :  Select password
2019-10-08 09:28:53  [PASS] :  Select password
2019-10-08 09:28:53  [INFO] :  Select Login
2019-10-08 09:28:54  [PASS] :  Select Login
2019-10-08 09:28:54  [INFO] :  Log correct
2019-10-08 09:28:54  [PASS] :  Log correct
2019-10-08 09:28:54  [INFO] :  try to click on Schedule List
2019-10-08 09:28:55  [PASS] :  Schedule List clicked.
2019-10-08 09:28:55  [INFO] :  search for 1a83de07-84f4-c25d-1b8b-735afac4eea5 on Scheadule List
2019-10-08 09:29:02  [INFO] :  search for 1a83de07-84f4-c25d-1b8b-735afac4eea5 on Scheadule List
2019-10-08 09:29:02  [FAIL] :  org.openqa.selenium.WebDriverException: chrome not reachable
  (Session info: chrome=77.0.3865.90)
Build info: version: '3.14.0', revision: 'aacccce0', time: '2018-08-02T20:05:20.749Z'
System info: host: 'MacBook-Pro-Kamil.local', ip: 'fe80:0:0:0:10d7:822d:7783:1ea7%en0', os.name: 'Mac OS X', os.arch: 'x86_64', os.version: '10.14.6', java.version: '11.0.2'
Driver info: org.openqa.selenium.chrome.ChromeDriver
Capabilities {acceptInsecureCerts: false, browserName: chrome, browserVersion: 77.0.3865.90, chrome: {chromedriverVersion: 77.0.3865.40 (f484704e052e0..., userDataDir: /var/folders/b9/d1xyh9tx6tx...}, goog:chromeOptions: {debuggerAddress: localhost:50150}, javascriptEnabled: true, networkConnectionEnabled: false, pageLoadStrategy: normal, platform: MAC, platformName: MAC, proxy: Proxy(), setWindowRect: true, strictFileInteractability: false, timeouts: {implicit: 0, pageLoad: 300000, script: 30000}, unhandledPromptBehavior: dismiss and notify}
Session ID: 91e03e7ebf21f825c4d78b310d441987
*** Element info: {Using=xpath, value=//section[@id='1a83de07-84f4-c25d-1b8b-735afac4eea5']}
2019-10-08 09:29:02  [FAIL] :  org.openqa.selenium.WebDriverException: chrome not reachable
  (Session info: chrome=77.0.3865.90)
Build info: version: '3.14.0', revision: 'aacccce0', time: '2018-08-02T20:05:20.749Z'
System info: host: 'MacBook-Pro-Kamil.local', ip: 'fe80:0:0:0:10d7:822d:7783:1ea7%en0', os.name: 'Mac OS X', os.arch: 'x86_64', os.version: '10.14.6', java.version: '11.0.2'
Driver info: org.openqa.selenium.chrome.ChromeDriver
Capabilities {acceptInsecureCerts: false, browserName: chrome, browserVersion: 77.0.3865.90, chrome: {chromedriverVersion: 77.0.3865.40 (f484704e052e0..., userDataDir: /var/folders/b9/d1xyh9tx6tx...}, goog:chromeOptions: {debuggerAddress: localhost:50150}, javascriptEnabled: true, networkConnectionEnabled: false, pageLoadStrategy: normal, platform: MAC, platformName: MAC, proxy: Proxy(), setWindowRect: true, strictFileInteractability: false, timeouts: {implicit: 0, pageLoad: 300000, script: 30000}, unhandledPromptBehavior: dismiss and notify}
Session ID: 91e03e7ebf21f825c4d78b310d441987
2019-10-08 09:29:35  [INFO] :  Open page: https://keycloak-pf02.makeitright.pl/powerfarm/
2019-10-08 09:29:37  [PASS] :  Open page: https://keycloak-pf02.makeitright.pl/powerfarm/
2019-10-08 09:29:37  [INFO] :  Select user: developer
2019-10-08 09:29:37  [PASS] :  Select user: developer
2019-10-08 09:29:37  [INFO] :  Select password
2019-10-08 09:29:37  [PASS] :  Select password
2019-10-08 09:29:37  [INFO] :  Select Login
2019-10-08 09:29:38  [PASS] :  Select Login
2019-10-08 09:29:38  [INFO] :  Log correct
2019-10-08 09:29:38  [PASS] :  Log correct
2019-10-08 09:29:38  [INFO] :  try to click on Schedule List
2019-10-08 09:29:39  [PASS] :  Schedule List clicked.
2019-10-08 09:29:39  [INFO] :  search for 1a83de07-84f4-c25d-1b8b-735afac4eea5 on Scheadule List
2019-10-08 09:29:39  [ERROR] :  Order is in status: Execution
2019-10-08 09:29:39  [FAIL] :  java.lang.AssertionError: Order still paused expected [true] but found [false]
2019-10-08 09:30:40  [INFO] :  Open page: https://keycloak-pf02.makeitright.pl/powerfarm/
2019-10-08 09:30:41  [PASS] :  Open page: https://keycloak-pf02.makeitright.pl/powerfarm/
2019-10-08 09:30:41  [INFO] :  Select user: developer
2019-10-08 09:30:42  [PASS] :  Select user: developer
2019-10-08 09:30:42  [INFO] :  Select password
2019-10-08 09:30:42  [PASS] :  Select password
2019-10-08 09:30:42  [INFO] :  Select Login
2019-10-08 09:30:42  [PASS] :  Select Login
2019-10-08 09:30:43  [INFO] :  Log correct
2019-10-08 09:30:43  [PASS] :  Log correct
2019-10-08 09:30:43  [INFO] :  try to click on Schedule List
2019-10-08 09:30:43  [PASS] :  Schedule List clicked.
2019-10-08 09:30:43  [INFO] :  search for 1a83de07-84f4-c25d-1b8b-735afac4eea5 on Scheadule List
2019-10-08 09:30:45  [FAIL] :  org.openqa.selenium.StaleElementReferenceException: stale element reference: element is not attached to the page document
  (Session info: chrome=77.0.3865.90)
For documentation on this error, please visit: http://seleniumhq.org/exceptions/stale_element_reference.html
Build info: version: '3.14.0', revision: 'aacccce0', time: '2018-08-02T20:05:20.749Z'
System info: host: 'MacBook-Pro-Kamil.local', ip: 'fe80:0:0:0:10d7:822d:7783:1ea7%en0', os.name: 'Mac OS X', os.arch: 'x86_64', os.version: '10.14.6', java.version: '11.0.2'
Driver info: org.openqa.selenium.chrome.ChromeDriver
Capabilities {acceptInsecureCerts: false, browserName: chrome, browserVersion: 77.0.3865.90, chrome: {chromedriverVersion: 77.0.3865.40 (f484704e052e0..., userDataDir: /var/folders/b9/d1xyh9tx6tx...}, goog:chromeOptions: {debuggerAddress: localhost:50885}, javascriptEnabled: true, networkConnectionEnabled: false, pageLoadStrategy: normal, platform: MAC, platformName: MAC, proxy: Proxy(), setWindowRect: true, strictFileInteractability: false, timeouts: {implicit: 0, pageLoad: 300000, script: 30000}, unhandledPromptBehavior: dismiss and notify}
Session ID: 367c4f121baa522f544c08cd9761f01d
2019-10-08 09:32:49  [INFO] :  Open page: https://keycloak-pf02.makeitright.pl/powerfarm/
2019-10-08 09:32:51  [PASS] :  Open page: https://keycloak-pf02.makeitright.pl/powerfarm/
2019-10-08 09:32:51  [INFO] :  Select user: developer
2019-10-08 09:32:51  [PASS] :  Select user: developer
2019-10-08 09:32:51  [INFO] :  Select password
2019-10-08 09:32:52  [PASS] :  Select password
2019-10-08 09:32:52  [INFO] :  Select Login
2019-10-08 09:32:52  [PASS] :  Select Login
2019-10-08 09:32:52  [INFO] :  Log correct
2019-10-08 09:32:53  [PASS] :  Log correct
2019-10-08 09:32:53  [INFO] :  try to click on Schedule List
2019-10-08 09:32:53  [PASS] :  Schedule List clicked.
2019-10-08 09:32:53  [INFO] :  search for 1a83de07-84f4-c25d-1b8b-735afac4eea5 on Scheadule List
2019-10-08 09:32:54  [FAIL] :  org.openqa.selenium.StaleElementReferenceException: stale element reference: element is not attached to the page document
  (Session info: chrome=77.0.3865.90)
For documentation on this error, please visit: http://seleniumhq.org/exceptions/stale_element_reference.html
Build info: version: '3.14.0', revision: 'aacccce0', time: '2018-08-02T20:05:20.749Z'
System info: host: 'MacBook-Pro-Kamil.local', ip: 'fe80:0:0:0:10d7:822d:7783:1ea7%en0', os.name: 'Mac OS X', os.arch: 'x86_64', os.version: '10.14.6', java.version: '11.0.2'
Driver info: org.openqa.selenium.chrome.ChromeDriver
Capabilities {acceptInsecureCerts: false, browserName: chrome, browserVersion: 77.0.3865.90, chrome: {chromedriverVersion: 77.0.3865.40 (f484704e052e0..., userDataDir: /var/folders/b9/d1xyh9tx6tx...}, goog:chromeOptions: {debuggerAddress: localhost:50980}, javascriptEnabled: true, networkConnectionEnabled: false, pageLoadStrategy: normal, platform: MAC, platformName: MAC, proxy: Proxy(), setWindowRect: true, strictFileInteractability: false, timeouts: {implicit: 0, pageLoad: 300000, script: 30000}, unhandledPromptBehavior: dismiss and notify}
Session ID: 1d099dc52a41c9aaeb80d44cf969cdce
2019-10-08 09:33:27  [INFO] :  Open page: https://keycloak-pf02.makeitright.pl/powerfarm/
2019-10-08 09:33:29  [PASS] :  Open page: https://keycloak-pf02.makeitright.pl/powerfarm/
2019-10-08 09:33:29  [INFO] :  Select user: developer
2019-10-08 09:33:29  [PASS] :  Select user: developer
2019-10-08 09:33:29  [INFO] :  Select password
2019-10-08 09:33:29  [PASS] :  Select password
2019-10-08 09:33:29  [INFO] :  Select Login
2019-10-08 09:33:30  [PASS] :  Select Login
2019-10-08 09:33:30  [INFO] :  Log correct
2019-10-08 09:33:31  [PASS] :  Log correct
2019-10-08 09:33:31  [INFO] :  try to click on Schedule List
2019-10-08 09:33:31  [PASS] :  Schedule List clicked.
2019-10-08 09:33:31  [INFO] :  search for 1a83de07-84f4-c25d-1b8b-735afac4eea5 on Scheadule List
2019-10-08 09:33:40  [INFO] :  search for 1a83de07-84f4-c25d-1b8b-735afac4eea5 on Scheadule List
2019-10-08 09:33:40  [ERROR] :  Order is in status: Execution
2019-10-08 09:33:40  [FAIL] :  java.lang.AssertionError: Order still paused expected [true] but found [false]
2019-10-08 09:34:37  [INFO] :  Open page: https://keycloak-pf02.makeitright.pl/powerfarm/
2019-10-08 09:34:38  [PASS] :  Open page: https://keycloak-pf02.makeitright.pl/powerfarm/
2019-10-08 09:34:38  [INFO] :  Select user: developer
2019-10-08 09:34:39  [PASS] :  Select user: developer
2019-10-08 09:34:39  [INFO] :  Select password
2019-10-08 09:34:39  [PASS] :  Select password
2019-10-08 09:34:39  [INFO] :  Select Login
2019-10-08 09:34:40  [PASS] :  Select Login
2019-10-08 09:34:40  [INFO] :  Log correct
2019-10-08 09:34:40  [PASS] :  Log correct
2019-10-08 09:34:40  [INFO] :  try to click on Schedule List
2019-10-08 09:34:40  [PASS] :  Schedule List clicked.
2019-10-08 09:34:40  [INFO] :  search for 1a83de07-84f4-c25d-1b8b-735afac4eea5 on Scheadule List
2019-10-08 09:34:47  [PASS] :  Status changed
2019-10-08 09:34:47  [PASS] :  Process reasumed
2019-10-08 09:34:47  [PASS] :  Usluga zakonczona ze statusem PASS
2019-10-08 12:56:45  [INFO] :  Open page: https://keycloak-pf02.makeitright.pl/powerfarm/
2019-10-08 12:56:47  [PASS] :  Open page: https://keycloak-pf02.makeitright.pl/powerfarm/
2019-10-08 12:56:47  [INFO] :  Select user: developer
2019-10-08 12:56:47  [PASS] :  Select user: developer
2019-10-08 12:56:47  [INFO] :  Select password
2019-10-08 12:56:47  [PASS] :  Select password
2019-10-08 12:56:47  [INFO] :  Select Login
2019-10-08 12:56:48  [PASS] :  Select Login
2019-10-08 12:56:48  [INFO] :  Log correct
2019-10-08 12:56:49  [PASS] :  Log correct
2019-10-08 12:56:49  [INFO] :  try to click on Schedule List
2019-10-08 12:56:49  [PASS] :  Schedule List clicked.
2019-10-08 12:56:49  [INFO] :  search for 1a83de07-84f4-c25d-1b8b-735afac4eea5 on Scheadule List
2019-10-08 12:56:49  [ERROR] :  Order is in status: Execution
2019-10-08 12:56:49  [FAIL] :  java.lang.AssertionError: Order still paused expected [true] but found [false]
2019-10-08 12:57:17  [INFO] :  Open page: https://keycloak-pf02.makeitright.pl/powerfarm/
2019-10-08 12:57:18  [PASS] :  Open page: https://keycloak-pf02.makeitright.pl/powerfarm/
2019-10-08 12:57:18  [INFO] :  Select user: developer
2019-10-08 12:57:19  [PASS] :  Select user: developer
2019-10-08 12:57:19  [INFO] :  Select password
2019-10-08 12:57:19  [PASS] :  Select password
2019-10-08 12:57:19  [INFO] :  Select Login
2019-10-08 12:57:19  [PASS] :  Select Login
2019-10-08 12:57:20  [INFO] :  Log correct
2019-10-08 12:57:20  [PASS] :  Log correct
2019-10-08 12:57:20  [INFO] :  try to click on Schedule List
2019-10-08 12:57:21  [PASS] :  Schedule List clicked.
2019-10-08 12:57:21  [INFO] :  search for 1a83de07-84f4-c25d-1b8b-735afac4eea5 on Scheadule List
2019-10-08 12:57:27  [PASS] :  Status changed
2019-10-08 12:57:27  [PASS] :  Process reasumed
2019-10-08 12:57:27  [PASS] :  Usluga zakonczona ze statusem PASS
2019-10-08 12:57:42  [INFO] :  Open page: https://keycloak-pf02.makeitright.pl/powerfarm/
2019-10-08 12:57:44  [PASS] :  Open page: https://keycloak-pf02.makeitright.pl/powerfarm/
2019-10-08 12:57:44  [INFO] :  Select user: developer
2019-10-08 12:57:44  [PASS] :  Select user: developer
2019-10-08 12:57:44  [INFO] :  Select password
2019-10-08 12:57:44  [PASS] :  Select password
2019-10-08 12:57:44  [INFO] :  Select Login
2019-10-08 12:57:45  [PASS] :  Select Login
2019-10-08 12:57:45  [INFO] :  Log correct
2019-10-08 12:57:45  [PASS] :  Log correct
2019-10-08 12:57:45  [INFO] :  try to click on Schedule List
2019-10-08 12:57:45  [PASS] :  Schedule List clicked.
2019-10-08 12:57:45  [INFO] :  search for 1a83de07-84f4-c25d-1b8b-735afac4eea5 on Scheadule List
2019-10-08 12:57:52  [PASS] :  Status changed
2019-10-08 12:57:52  [PASS] :  Process reasumed
2019-10-08 12:57:52  [PASS] :  Usluga zakonczona ze statusem PASS
2019-10-08 12:58:19  [INFO] :  Open page: https://keycloak-pf02.makeitright.pl/powerfarm/
2019-10-08 12:58:20  [PASS] :  Open page: https://keycloak-pf02.makeitright.pl/powerfarm/
2019-10-08 12:58:20  [INFO] :  Select user: developer
2019-10-08 12:58:20  [PASS] :  Select user: developer
2019-10-08 12:58:20  [INFO] :  Select password
2019-10-08 12:58:20  [PASS] :  Select password
2019-10-08 12:58:20  [INFO] :  Select Login
2019-10-08 12:58:21  [PASS] :  Select Login
2019-10-08 12:58:21  [INFO] :  Log correct
2019-10-08 12:58:21  [PASS] :  Log correct
2019-10-08 12:58:21  [INFO] :  try to click on Schedule List
2019-10-08 12:58:22  [PASS] :  Schedule List clicked.
2019-10-08 12:58:22  [INFO] :  search for 1a83de07-84f4-c25d-1b8b-735afac4eea5 on Scheadule List
2019-10-08 12:58:22  [FAIL] :  org.openqa.selenium.StaleElementReferenceException: stale element reference: element is not attached to the page document
  (Session info: chrome=77.0.3865.90)
For documentation on this error, please visit: http://seleniumhq.org/exceptions/stale_element_reference.html
Build info: version: '3.14.0', revision: 'aacccce0', time: '2018-08-02T20:05:20.749Z'
System info: host: 'MacBook-Pro-Kamil.local', ip: 'fe80:0:0:0:10d7:822d:7783:1ea7%en0', os.name: 'Mac OS X', os.arch: 'x86_64', os.version: '10.14.6', java.version: '11.0.2'
Driver info: org.openqa.selenium.chrome.ChromeDriver
Capabilities {acceptInsecureCerts: false, browserName: chrome, browserVersion: 77.0.3865.90, chrome: {chromedriverVersion: 77.0.3865.40 (f484704e052e0..., userDataDir: /var/folders/b9/d1xyh9tx6tx...}, goog:chromeOptions: {debuggerAddress: localhost:59444}, javascriptEnabled: true, networkConnectionEnabled: false, pageLoadStrategy: normal, platform: MAC, platformName: MAC, proxy: Proxy(), setWindowRect: true, strictFileInteractability: false, timeouts: {implicit: 0, pageLoad: 300000, script: 30000}, unhandledPromptBehavior: dismiss and notify}
Session ID: 5595386e78b0c0cfd262ec021c172eff
2019-10-08 13:02:29  [INFO] :  Open page: https://keycloak-pf02.makeitright.pl/powerfarm/
2019-10-08 13:02:30  [PASS] :  Open page: https://keycloak-pf02.makeitright.pl/powerfarm/
2019-10-08 13:02:30  [INFO] :  Select user: developer
2019-10-08 13:02:31  [PASS] :  Select user: developer
2019-10-08 13:02:31  [INFO] :  Select password
2019-10-08 13:02:31  [PASS] :  Select password
2019-10-08 13:02:31  [INFO] :  Select Login
2019-10-08 13:02:32  [PASS] :  Select Login
2019-10-08 13:02:32  [INFO] :  Log correct
2019-10-08 13:02:32  [PASS] :  Log correct
2019-10-08 13:02:32  [INFO] :  try to click on Schedule List
2019-10-08 13:02:32  [PASS] :  Schedule List clicked.
2019-10-08 13:02:32  [INFO] :  search for 1a83de07-84f4-c25d-1b8b-735afac4eea5 on Scheadule List
2019-10-08 13:02:33  [ERROR] :  Status is not Paused!
2019-10-08 13:02:34  [FAIL] :  java.lang.AssertionError: Order still paused expected [true] but found [false]
2019-10-08 13:03:58  [INFO] :  Open page: https://keycloak-pf02.makeitright.pl/powerfarm/
2019-10-08 13:03:59  [PASS] :  Open page: https://keycloak-pf02.makeitright.pl/powerfarm/
2019-10-08 13:03:59  [INFO] :  Select user: developer
2019-10-08 13:04:00  [PASS] :  Select user: developer
2019-10-08 13:04:00  [INFO] :  Select password
2019-10-08 13:04:00  [PASS] :  Select password
2019-10-08 13:04:00  [INFO] :  Select Login
2019-10-08 13:04:01  [PASS] :  Select Login
2019-10-08 13:04:01  [INFO] :  Log correct
2019-10-08 13:04:01  [PASS] :  Log correct
2019-10-08 13:04:01  [INFO] :  try to click on Schedule List
2019-10-08 13:04:02  [PASS] :  Schedule List clicked.
2019-10-08 13:04:02  [INFO] :  search for 1a83de07-84f4-c25d-1b8b-735afac4eea5 on Scheadule List
2019-10-08 13:04:02  [FAIL] :  org.openqa.selenium.StaleElementReferenceException: stale element reference: element is not attached to the page document
  (Session info: chrome=77.0.3865.90)
For documentation on this error, please visit: http://seleniumhq.org/exceptions/stale_element_reference.html
Build info: version: '3.14.0', revision: 'aacccce0', time: '2018-08-02T20:05:20.749Z'
System info: host: 'MacBook-Pro-Kamil.local', ip: 'fe80:0:0:0:10d7:822d:7783:1ea7%en0', os.name: 'Mac OS X', os.arch: 'x86_64', os.version: '10.14.6', java.version: '11.0.2'
Driver info: org.openqa.selenium.chrome.ChromeDriver
Capabilities {acceptInsecureCerts: false, browserName: chrome, browserVersion: 77.0.3865.90, chrome: {chromedriverVersion: 77.0.3865.40 (f484704e052e0..., userDataDir: /var/folders/b9/d1xyh9tx6tx...}, goog:chromeOptions: {debuggerAddress: localhost:59592}, javascriptEnabled: true, networkConnectionEnabled: false, pageLoadStrategy: normal, platform: MAC, platformName: MAC, proxy: Proxy(), setWindowRect: true, strictFileInteractability: false, timeouts: {implicit: 0, pageLoad: 300000, script: 30000}, unhandledPromptBehavior: dismiss and notify}
Session ID: d17de926d12d57b0067a22b9fb27fd0a
2019-10-08 13:04:21  [INFO] :  Open page: https://keycloak-pf02.makeitright.pl/powerfarm/
2019-10-08 13:04:22  [PASS] :  Open page: https://keycloak-pf02.makeitright.pl/powerfarm/
2019-10-08 13:04:22  [INFO] :  Select user: developer
2019-10-08 13:04:22  [PASS] :  Select user: developer
2019-10-08 13:04:22  [INFO] :  Select password
2019-10-08 13:04:22  [PASS] :  Select password
2019-10-08 13:04:22  [INFO] :  Select Login
2019-10-08 13:04:23  [PASS] :  Select Login
2019-10-08 13:04:23  [INFO] :  Log correct
2019-10-08 13:04:24  [PASS] :  Log correct
2019-10-08 13:04:24  [INFO] :  try to click on Schedule List
2019-10-08 13:04:24  [PASS] :  Schedule List clicked.
2019-10-08 13:04:24  [INFO] :  search for 1a83de07-84f4-c25d-1b8b-735afac4eea5 on Scheadule List
2019-10-08 13:04:28  [PASS] :  Status changed
2019-10-08 13:04:28  [PASS] :  Process reasumed
2019-10-08 13:04:28  [PASS] :  Usluga zakonczona ze statusem PASS
2019-10-08 13:04:49  [INFO] :  Open page: https://keycloak-pf02.makeitright.pl/powerfarm/
2019-10-08 13:04:51  [PASS] :  Open page: https://keycloak-pf02.makeitright.pl/powerfarm/
2019-10-08 13:04:51  [INFO] :  Select user: developer
2019-10-08 13:04:51  [PASS] :  Select user: developer
2019-10-08 13:04:51  [INFO] :  Select password
2019-10-08 13:04:51  [PASS] :  Select password
2019-10-08 13:04:51  [INFO] :  Select Login
2019-10-08 13:04:52  [PASS] :  Select Login
2019-10-08 13:04:52  [INFO] :  Log correct
2019-10-08 13:04:52  [PASS] :  Log correct
2019-10-08 13:04:52  [INFO] :  try to click on Schedule List
2019-10-08 13:04:53  [PASS] :  Schedule List clicked.
2019-10-08 13:04:53  [INFO] :  search for 1a83de07-84f4-c25d-1b8b-735afac4eea5 on Scheadule List
2019-10-08 13:04:56  [PASS] :  Status changed
2019-10-08 13:04:56  [PASS] :  Process reasumed
2019-10-08 13:04:56  [PASS] :  Usluga zakonczona ze statusem PASS
2019-10-08 13:05:19  [INFO] :  Open page: https://keycloak-pf02.makeitright.pl/powerfarm/
2019-10-08 13:05:21  [PASS] :  Open page: https://keycloak-pf02.makeitright.pl/powerfarm/
2019-10-08 13:05:21  [INFO] :  Select user: developer
2019-10-08 13:05:22  [PASS] :  Select user: developer
2019-10-08 13:05:22  [INFO] :  Select password
2019-10-08 13:05:22  [PASS] :  Select password
2019-10-08 13:05:22  [INFO] :  Select Login
2019-10-08 13:05:23  [PASS] :  Select Login
2019-10-08 13:05:23  [INFO] :  Log correct
2019-10-08 13:05:23  [PASS] :  Log correct
2019-10-08 13:05:23  [INFO] :  try to click on Schedule List
2019-10-08 13:05:23  [PASS] :  Schedule List clicked.
2019-10-08 13:05:23  [INFO] :  search for 1a83de07-84f4-c25d-1b8b-735afac4eea5 on Scheadule List
2019-10-08 13:05:27  [PASS] :  Status changed
2019-10-08 13:05:27  [PASS] :  Process reasumed
2019-10-08 13:05:27  [PASS] :  Usluga zakonczona ze statusem PASS
2019-10-08 13:08:36  [INFO] :  Open page: https://keycloak-pf02.makeitright.pl/powerfarm/
2019-10-08 13:08:37  [PASS] :  Open page: https://keycloak-pf02.makeitright.pl/powerfarm/
2019-10-08 13:08:37  [INFO] :  Select user: developer
2019-10-08 13:08:37  [PASS] :  Select user: developer
2019-10-08 13:08:37  [INFO] :  Select password
2019-10-08 13:08:37  [PASS] :  Select password
2019-10-08 13:08:37  [INFO] :  Select Login
2019-10-08 13:08:38  [PASS] :  Select Login
2019-10-08 13:08:38  [INFO] :  Log correct
2019-10-08 13:08:39  [PASS] :  Log correct
2019-10-08 13:08:39  [INFO] :  try to click on Schedule List
2019-10-08 13:08:39  [PASS] :  Schedule List clicked.
2019-10-08 13:08:39  [INFO] :  search for 1a83de07-84f4-c25d-1b8b-735afac4eea5 on Scheadule List
2019-10-08 13:08:43  [PASS] :  Status changed
2019-10-08 13:08:43  [INFO] :  search for 1a83de07-84f4-c25d-1b8b-735afac4eea5 on Scheadule List
2019-10-08 13:08:46  [PASS] :  Status changed
2019-10-08 13:08:46  [PASS] :  Process reasumed
2019-10-08 13:08:46  [PASS] :  Usluga zakonczona ze statusem PASS
2019-10-08 13:09:30  [INFO] :  Open page: https://keycloak-pf02.makeitright.pl/powerfarm/
2019-10-08 13:09:32  [PASS] :  Open page: https://keycloak-pf02.makeitright.pl/powerfarm/
2019-10-08 13:09:33  [INFO] :  Select user: developer
2019-10-08 13:09:33  [PASS] :  Select user: developer
2019-10-08 13:09:33  [INFO] :  Select password
2019-10-08 13:09:33  [PASS] :  Select password
2019-10-08 13:09:33  [INFO] :  Select Login
2019-10-08 13:09:34  [PASS] :  Select Login
2019-10-08 13:09:34  [INFO] :  Log correct
2019-10-08 13:09:35  [PASS] :  Log correct
2019-10-08 13:09:35  [INFO] :  try to click on Schedule List
2019-10-08 13:09:35  [PASS] :  Schedule List clicked.
2019-10-08 13:09:35  [INFO] :  search for 1a83de07-84f4-c25d-1b8b-735afac4eea5 on Scheadule List
2019-10-08 13:09:40  [PASS] :  Status changed
2019-10-08 13:09:40  [INFO] :  search for 1a83de07-84f4-c25d-1b8b-735afac4eea5 on Scheadule List
2019-10-08 13:09:43  [PASS] :  Status changed
2019-10-08 13:09:43  [PASS] :  Process reasumed
2019-10-08 13:09:43  [PASS] :  Usluga zakonczona ze statusem PASS
2019-10-08 13:11:02  [INFO] :  Open page: https://keycloak-pf02.makeitright.pl/powerfarm/
2019-10-08 13:11:03  [PASS] :  Open page: https://keycloak-pf02.makeitright.pl/powerfarm/
2019-10-08 13:11:03  [INFO] :  Select user: developer
2019-10-08 13:11:03  [PASS] :  Select user: developer
2019-10-08 13:11:03  [INFO] :  Select password
2019-10-08 13:11:03  [PASS] :  Select password
2019-10-08 13:11:03  [INFO] :  Select Login
2019-10-08 13:11:04  [PASS] :  Select Login
2019-10-08 13:11:04  [INFO] :  Log correct
2019-10-08 13:11:05  [PASS] :  Log correct
2019-10-08 13:11:05  [INFO] :  try to click on Schedule List
2019-10-08 13:11:05  [PASS] :  Schedule List clicked.
2019-10-08 13:11:05  [INFO] :  search for 1a83de07-84f4-c25d-1b8b-735afac4eea5 on Scheadule List
2019-10-08 13:11:09  [PASS] :  Status changed
2019-10-08 13:11:09  [PASS] :  Process reasumed
2019-10-08 13:11:09  [PASS] :  Usluga zakonczona ze statusem PASS
2019-10-08 13:11:58  [INFO] :  Open page: https://keycloak-pf02.makeitright.pl/powerfarm/
2019-10-08 13:11:59  [PASS] :  Open page: https://keycloak-pf02.makeitright.pl/powerfarm/
2019-10-08 13:11:59  [INFO] :  Select user: developer
2019-10-08 13:11:59  [PASS] :  Select user: developer
2019-10-08 13:11:59  [INFO] :  Select password
2019-10-08 13:12:00  [PASS] :  Select password
2019-10-08 13:12:00  [INFO] :  Select Login
2019-10-08 13:12:01  [PASS] :  Select Login
2019-10-08 13:12:01  [INFO] :  Log correct
2019-10-08 13:12:01  [PASS] :  Log correct
2019-10-08 13:12:01  [INFO] :  try to click on Schedule List
2019-10-08 13:12:01  [PASS] :  Schedule List clicked.
2019-10-08 13:12:01  [INFO] :  search for 1a83de07-84f4-c25d-1b8b-735afac4eea5 on Scheadule List
2019-10-08 13:12:05  [PASS] :  Status changed
2019-10-08 13:12:05  [PASS] :  Process reasumed
2019-10-08 13:12:05  [PASS] :  Usluga zakonczona ze statusem PASS
2019-10-08 13:33:42  [INFO] :  Open page: https://keycloak-pf02.makeitright.pl/powerfarm/
2019-10-08 13:33:43  [PASS] :  Open page: https://keycloak-pf02.makeitright.pl/powerfarm/
2019-10-08 13:33:43  [INFO] :  Select user: developer
2019-10-08 13:33:44  [PASS] :  Select user: developer
2019-10-08 13:33:44  [INFO] :  Select password
2019-10-08 13:33:44  [PASS] :  Select password
2019-10-08 13:33:44  [INFO] :  Select Login
2019-10-08 13:33:44  [PASS] :  Select Login
2019-10-08 13:33:45  [INFO] :  Log correct
2019-10-08 13:33:45  [PASS] :  Log correct
2019-10-08 13:33:45  [INFO] :  try to click on Schedule List
2019-10-08 13:33:46  [PASS] :  Schedule List clicked.
2019-10-08 13:33:46  [FAIL] :  java.lang.IllegalArgumentException: Brak parametru: orderidScheadule
2019-10-08 13:42:05  [INFO] :  Open page: https://keycloak-pf02.makeitright.pl/powerfarm/
2019-10-08 13:42:06  [PASS] :  Open page: https://keycloak-pf02.makeitright.pl/powerfarm/
2019-10-08 13:42:06  [INFO] :  Select user: developer
2019-10-08 13:42:06  [PASS] :  Select user: developer
2019-10-08 13:42:06  [INFO] :  Select password
2019-10-08 13:42:06  [PASS] :  Select password
2019-10-08 13:42:06  [INFO] :  Select Login
2019-10-08 13:42:07  [PASS] :  Select Login
2019-10-08 13:42:07  [INFO] :  Log correct
2019-10-08 13:42:07  [PASS] :  Log correct
2019-10-08 13:42:07  [INFO] :  try to click on Schedule List
2019-10-08 13:42:07  [PASS] :  Schedule List clicked.
2019-10-08 13:42:07  [INFO] :  search for 1a83de07-84f4-c25d-1b8b-735afac4eea5 on Scheadule List
2019-10-08 13:42:11  [PASS] :  Status changed
2019-10-08 13:42:11  [PASS] :  Process reasumed
2019-10-08 13:42:11  [PASS] :  Usluga zakonczona ze statusem PASS
2019-10-14 12:31:00  [INFO] :  Open page: https://keycloak-pf02.makeitright.pl/powerfarm/
2019-10-14 12:31:06  [PASS] :  Open page: https://keycloak-pf02.makeitright.pl/powerfarm/
2019-10-14 12:31:06  [INFO] :  Select user: developer
2019-10-14 12:31:07  [PASS] :  Select user: developer
2019-10-14 12:31:07  [INFO] :  Select password
2019-10-14 12:31:07  [PASS] :  Select password
2019-10-14 12:31:07  [INFO] :  Select Login
2019-10-14 12:31:08  [PASS] :  Select Login
2019-10-14 12:31:08  [INFO] :  Log correct
2019-10-14 12:31:09  [PASS] :  Log correct
2019-10-14 12:31:09  [INFO] :  try to click on Schedule List
2019-10-14 12:31:09  [PASS] :  Schedule List clicked.
2019-10-14 12:31:09  [INFO] :  search for 1a83de07-84f4-c25d-1b8b-735afac4eea5 on Scheadule List
2019-10-14 12:31:19  [FAIL] :  org.openqa.selenium.NoSuchElementException: no such element: Unable to locate element: {"method":"xpath","selector":"//section[@id='1a83de07-84f4-c25d-1b8b-735afac4eea5']"}
  (Session info: chrome=77.0.3865.90)
For documentation on this error, please visit: http://seleniumhq.org/exceptions/no_such_element.html
Build info: version: '3.14.0', revision: 'aacccce0', time: '2018-08-02T20:05:20.749Z'
System info: host: 'MacBook-Pro-Kamil.local', ip: 'fe80:0:0:0:c76:eacd:bcea:bda7%en0', os.name: 'Mac OS X', os.arch: 'x86_64', os.version: '10.14.6', java.version: '11.0.2'
Driver info: org.openqa.selenium.chrome.ChromeDriver
Capabilities {acceptInsecureCerts: false, browserName: chrome, browserVersion: 77.0.3865.90, chrome: {chromedriverVersion: 77.0.3865.40 (f484704e052e0..., userDataDir: /var/folders/b9/d1xyh9tx6tx...}, goog:chromeOptions: {debuggerAddress: localhost:57979}, javascriptEnabled: true, networkConnectionEnabled: false, pageLoadStrategy: normal, platform: MAC, platformName: MAC, proxy: Proxy(), setWindowRect: true, strictFileInteractability: false, timeouts: {implicit: 0, pageLoad: 300000, script: 30000}, unhandledPromptBehavior: dismiss and notify}
Session ID: 4ecec04e251ea9b5ffaf755fa66093e4
*** Element info: {Using=xpath, value=//section[@id='1a83de07-84f4-c25d-1b8b-735afac4eea5']}
2019-10-16 08:39:28  [INFO] :  Open page: https://keycloak-pf02.makeitright.pl/powerfarm/
2019-10-16 08:44:32  [PASS] :  Open page: https://keycloak-pf02.makeitright.pl/powerfarm/
2019-10-16 08:44:32  [INFO] :  Select user: developer
2019-10-16 08:44:32  [PASS] :  Select user: developer
2019-10-16 08:44:32  [INFO] :  Select password
2019-10-16 08:44:32  [PASS] :  Select password
2019-10-16 08:44:32  [INFO] :  Select Login
2019-10-16 08:44:38  [PASS] :  Select Login
2019-10-16 08:44:38  [INFO] :  Log correct
2019-10-16 08:44:40  [PASS] :  Log correct
2019-10-16 08:44:40  [INFO] :  try to click on Schedule List
2019-10-16 08:44:40  [PASS] :  Schedule List clicked.
2019-10-16 08:44:40  [INFO] :  search for 1a83de07-84f4-c25d-1b8b-735afac4eea5 on Scheadule List
2019-10-16 08:44:50  [FAIL] :  org.openqa.selenium.NoSuchElementException: no such element: Unable to locate element: {"method":"xpath","selector":"//section[@id='1a83de07-84f4-c25d-1b8b-735afac4eea5']"}
  (Session info: chrome=77.0.3865.120)
For documentation on this error, please visit: http://seleniumhq.org/exceptions/no_such_element.html
Build info: version: '3.14.0', revision: 'aacccce0', time: '2018-08-02T20:05:20.749Z'
System info: host: 'MBP-Kamil', ip: 'fe80:0:0:0:41f:c56e:e33f:9179%en0', os.name: 'Mac OS X', os.arch: 'x86_64', os.version: '10.14.6', java.version: '11.0.2'
Driver info: org.openqa.selenium.chrome.ChromeDriver
Capabilities {acceptInsecureCerts: false, browserName: chrome, browserVersion: 77.0.3865.120, chrome: {chromedriverVersion: 77.0.3865.40 (f484704e052e0..., userDataDir: /var/folders/b9/d1xyh9tx6tx...}, goog:chromeOptions: {debuggerAddress: localhost:53393}, javascriptEnabled: true, networkConnectionEnabled: false, pageLoadStrategy: normal, platform: MAC, platformName: MAC, proxy: Proxy(), setWindowRect: true, strictFileInteractability: false, timeouts: {implicit: 0, pageLoad: 300000, script: 30000}, unhandledPromptBehavior: dismiss and notify}
Session ID: 98f4b9f2f7a34b266a37334f52d00a91
*** Element info: {Using=xpath, value=//section[@id='1a83de07-84f4-c25d-1b8b-735afac4eea5']}
2019-10-16 12:25:29  [INFO] :  Open page: https://keycloak-pf02.makeitright.pl/powerfarm/
2019-10-16 12:25:34  [PASS] :  Open page: https://keycloak-pf02.makeitright.pl/powerfarm/
2019-10-16 12:25:34  [INFO] :  Select user: developer
2019-10-16 12:25:35  [PASS] :  Select user: developer
2019-10-16 12:25:35  [INFO] :  Select password
2019-10-16 12:25:35  [PASS] :  Select password
2019-10-16 12:25:35  [INFO] :  Select Login
2019-10-16 12:25:36  [PASS] :  Select Login
2019-10-16 12:25:36  [INFO] :  Log correct
2019-10-16 12:25:37  [PASS] :  Log correct
2019-10-16 12:25:37  [INFO] :  try to click on Schedule List
2019-10-16 12:25:37  [PASS] :  Schedule List clicked.
2019-10-16 12:25:37  [INFO] :  search for 1a83de07-84f4-c25d-1b8b-735afac4eea5 on Scheadule List
2019-10-16 12:25:54  [FAIL] :  java.lang.NullPointerException
2019-10-16 12:25:54  [FAIL] :  org.openqa.selenium.NoSuchWindowException: no such window: target window already closed
from unknown error: web view not found
  (Session info: chrome=77.0.3865.120)
Build info: version: '3.14.0', revision: 'aacccce0', time: '2018-08-02T20:05:20.749Z'
System info: host: 'MacBook-Pro-Kamil.local', ip: 'fe80:0:0:0:41f:c56e:e33f:9179%en0', os.name: 'Mac OS X', os.arch: 'x86_64', os.version: '10.14.6', java.version: '11.0.2'
Driver info: org.openqa.selenium.chrome.ChromeDriver
Capabilities {acceptInsecureCerts: false, browserName: chrome, browserVersion: 77.0.3865.120, chrome: {chromedriverVersion: 77.0.3865.40 (f484704e052e0..., userDataDir: /var/folders/b9/d1xyh9tx6tx...}, goog:chromeOptions: {debuggerAddress: localhost:58072}, javascriptEnabled: true, networkConnectionEnabled: false, pageLoadStrategy: normal, platform: MAC, platformName: MAC, proxy: Proxy(), setWindowRect: true, strictFileInteractability: false, timeouts: {implicit: 0, pageLoad: 300000, script: 30000}, unhandledPromptBehavior: dismiss and notify}
Session ID: e395f4046333dedd21cad449f6a0b1e7
2019-10-16 12:26:03  [INFO] :  Open page: https://keycloak-pf02.makeitright.pl/powerfarm/
2019-10-16 12:26:11  [PASS] :  Open page: https://keycloak-pf02.makeitright.pl/powerfarm/
2019-10-16 12:26:11  [INFO] :  Select user: developer
2019-10-16 12:26:11  [PASS] :  Select user: developer
2019-10-16 12:26:11  [INFO] :  Select password
2019-10-16 12:26:11  [PASS] :  Select password
2019-10-16 12:26:11  [INFO] :  Select Login
2019-10-16 12:26:12  [PASS] :  Select Login
2019-10-16 12:26:12  [INFO] :  Log correct
2019-10-16 12:26:13  [PASS] :  Log correct
2019-10-16 12:26:13  [INFO] :  try to click on Schedule List
2019-10-16 12:26:13  [PASS] :  Schedule List clicked.
2019-10-16 12:26:13  [INFO] :  search for 1a83de07-84f4-c25d-1b8b-735afac4eea5 on Scheadule List
2019-10-16 12:26:35  [FAIL] :  org.openqa.selenium.NoSuchElementException: no such element: Unable to locate element: {"method":"xpath","selector":"//section[@id='1a83de07-84f4-c25d-1b8b-735afac4eea5']/app-periodic-order/div/div/div[6]/ngb-progressbar/div/div"}
  (Session info: chrome=77.0.3865.120)
For documentation on this error, please visit: http://seleniumhq.org/exceptions/no_such_element.html
Build info: version: '3.14.0', revision: 'aacccce0', time: '2018-08-02T20:05:20.749Z'
System info: host: 'MacBook-Pro-Kamil.local', ip: 'fe80:0:0:0:41f:c56e:e33f:9179%en0', os.name: 'Mac OS X', os.arch: 'x86_64', os.version: '10.14.6', java.version: '11.0.2'
Driver info: org.openqa.selenium.chrome.ChromeDriver
Capabilities {acceptInsecureCerts: false, browserName: chrome, browserVersion: 77.0.3865.120, chrome: {chromedriverVersion: 77.0.3865.40 (f484704e052e0..., userDataDir: /var/folders/b9/d1xyh9tx6tx...}, goog:chromeOptions: {debuggerAddress: localhost:58142}, javascriptEnabled: true, networkConnectionEnabled: false, pageLoadStrategy: normal, platform: MAC, platformName: MAC, proxy: Proxy(), setWindowRect: true, strictFileInteractability: false, timeouts: {implicit: 0, pageLoad: 300000, script: 30000}, unhandledPromptBehavior: dismiss and notify}
Session ID: a497c9c9b4f6b01f0f1d7c57e43e3ecc
*** Element info: {Using=xpath, value=//section[@id='1a83de07-84f4-c25d-1b8b-735afac4eea5']/app-periodic-order/div/div/div[6]/ngb-progressbar/div/div}
2019-10-16 12:50:41  [INFO] :  Open page: https://keycloak-pf02.makeitright.pl/powerfarm/
2019-10-16 12:50:46  [PASS] :  Open page: https://keycloak-pf02.makeitright.pl/powerfarm/
2019-10-16 12:50:46  [INFO] :  Select user: developer
2019-10-16 12:50:47  [PASS] :  Select user: developer
2019-10-16 12:50:47  [INFO] :  Select password
2019-10-16 12:50:47  [PASS] :  Select password
2019-10-16 12:50:47  [INFO] :  Select Login
2019-10-16 12:50:53  [PASS] :  Select Login
2019-10-16 12:50:53  [INFO] :  Log correct
2019-10-16 12:50:55  [PASS] :  Log correct
2019-10-16 12:50:55  [INFO] :  try to click on Schedule List
2019-10-16 12:51:00  [PASS] :  Schedule List clicked.
2019-10-16 12:51:00  [INFO] :  search for 1a83de07-84f4-c25d-1b8b-735afac4eea5 on Scheadule List
2019-10-16 12:51:20  [FAIL] :  org.openqa.selenium.NoSuchElementException: no such element: Unable to locate element: {"method":"xpath","selector":"//section[@id='1a83de07-84f4-c25d-1b8b-735afac4eea5']/app-periodic-order/div/div/div[6]/ngb-progressbar/div/div"}
  (Session info: chrome=77.0.3865.120)
For documentation on this error, please visit: http://seleniumhq.org/exceptions/no_such_element.html
Build info: version: '3.14.0', revision: 'aacccce0', time: '2018-08-02T20:05:20.749Z'
System info: host: 'MacBook-Pro-Kamil.local', ip: 'fe80:0:0:0:41f:c56e:e33f:9179%en0', os.name: 'Mac OS X', os.arch: 'x86_64', os.version: '10.14.6', java.version: '11.0.2'
Driver info: org.openqa.selenium.chrome.ChromeDriver
Capabilities {acceptInsecureCerts: false, browserName: chrome, browserVersion: 77.0.3865.120, chrome: {chromedriverVersion: 77.0.3865.40 (f484704e052e0..., userDataDir: /var/folders/b9/d1xyh9tx6tx...}, goog:chromeOptions: {debuggerAddress: localhost:58946}, javascriptEnabled: true, networkConnectionEnabled: false, pageLoadStrategy: normal, platform: MAC, platformName: MAC, proxy: Proxy(), setWindowRect: true, strictFileInteractability: false, timeouts: {implicit: 0, pageLoad: 300000, script: 30000}, unhandledPromptBehavior: dismiss and notify}
Session ID: 3c1b37aac73235893ddd02ece42bac84
*** Element info: {Using=xpath, value=//section[@id='1a83de07-84f4-c25d-1b8b-735afac4eea5']/app-periodic-order/div/div/div[6]/ngb-progressbar/div/div}
2019-10-17 10:49:16  [INFO] :  Open page: https://keycloak-pf02.makeitright.pl/powerfarm/
2019-10-17 10:49:23  [PASS] :  Open page: https://keycloak-pf02.makeitright.pl/powerfarm/
2019-10-17 10:49:23  [INFO] :  Select user: developer
2019-10-17 10:49:23  [PASS] :  Select user: developer
2019-10-17 10:49:23  [INFO] :  Select password
2019-10-17 10:49:23  [PASS] :  Select password
2019-10-17 10:49:23  [INFO] :  Select Login
2019-10-17 10:49:24  [PASS] :  Select Login
2019-10-17 10:49:24  [INFO] :  Log correct
2019-10-17 10:49:25  [PASS] :  Log correct
2019-10-17 10:49:25  [INFO] :  try to click on Schedule List
2019-10-17 10:49:25  [PASS] :  Schedule List clicked.
2019-10-17 10:49:25  [INFO] :  search for 1a83de07-84f4-c25d-1b8b-735afac4eea5 on Scheadule List
2019-10-17 10:49:46  [FAIL] :  org.openqa.selenium.NoSuchElementException: no such element: Unable to locate element: {"method":"xpath","selector":"//section[@id='1a83de07-84f4-c25d-1b8b-735afac4eea5']/app-periodic-order/div/div/div[6]/ngb-progressbar/div/div"}
  (Session info: chrome=77.0.3865.120)
For documentation on this error, please visit: http://seleniumhq.org/exceptions/no_such_element.html
Build info: version: '3.14.0', revision: 'aacccce0', time: '2018-08-02T20:05:20.749Z'
System info: host: 'MacBook-Pro-Kamil.local', ip: 'fe80:0:0:0:41f:c56e:e33f:9179%en0', os.name: 'Mac OS X', os.arch: 'x86_64', os.version: '10.14.6', java.version: '11.0.2'
Driver info: org.openqa.selenium.chrome.ChromeDriver
Capabilities {acceptInsecureCerts: false, browserName: chrome, browserVersion: 77.0.3865.120, chrome: {chromedriverVersion: 77.0.3865.40 (f484704e052e0..., userDataDir: /var/folders/b9/d1xyh9tx6tx...}, goog:chromeOptions: {debuggerAddress: localhost:62709}, javascriptEnabled: true, networkConnectionEnabled: false, pageLoadStrategy: normal, platform: MAC, platformName: MAC, proxy: Proxy(), setWindowRect: true, strictFileInteractability: false, timeouts: {implicit: 0, pageLoad: 300000, script: 30000}, unhandledPromptBehavior: dismiss and notify}
Session ID: ac5ea712fa761b38817826029b6f7bf1
*** Element info: {Using=xpath, value=//section[@id='1a83de07-84f4-c25d-1b8b-735afac4eea5']/app-periodic-order/div/div/div[6]/ngb-progressbar/div/div}
2019-10-17 10:50:07  [INFO] :  Open page: https://keycloak-pf02.makeitright.pl/powerfarm/
2019-10-21 07:55:55  [INFO] :  Open page: https://keycloak-pf02.makeitright.pl/powerfarm/
2019-10-21 07:55:57  [PASS] :  Open page: https://keycloak-pf02.makeitright.pl/powerfarm/
2019-10-21 07:55:57  [INFO] :  Select user: developer
2019-10-21 07:55:57  [PASS] :  Select user: developer
2019-10-21 07:55:57  [INFO] :  Select password
2019-10-21 07:55:57  [PASS] :  Select password
2019-10-21 07:55:57  [INFO] :  Select Login
2019-10-21 07:55:58  [PASS] :  Select Login
2019-10-21 07:55:58  [INFO] :  Log correct
2019-10-21 07:55:58  [PASS] :  Log correct
2019-10-21 07:55:58  [INFO] :  try to click on Schedule List
2019-10-21 07:55:59  [PASS] :  Schedule List clicked.
2019-10-21 07:55:59  [INFO] :  search for 1a83de07-84f4-c25d-1b8b-735afac4eea5 on Scheadule List
2019-10-21 07:56:19  [FAIL] :  org.openqa.selenium.NoSuchElementException: no such element: Unable to locate element: {"method":"xpath","selector":"//section[@id='1a83de07-84f4-c25d-1b8b-735afac4eea5']/app-periodic-order/div/div/div[6]/ngb-progressbar/div/div"}
  (Session info: chrome=77.0.3865.120)
For documentation on this error, please visit: http://seleniumhq.org/exceptions/no_such_element.html
Build info: version: '3.14.0', revision: 'aacccce0', time: '2018-08-02T20:05:20.749Z'
System info: host: 'MacBook-Pro-Kamil.local', ip: 'fe80:0:0:0:4ac:37e6:5ffc:a745%en0', os.name: 'Mac OS X', os.arch: 'x86_64', os.version: '10.14.6', java.version: '11.0.2'
Driver info: org.openqa.selenium.chrome.ChromeDriver
Capabilities {acceptInsecureCerts: false, browserName: chrome, browserVersion: 77.0.3865.120, chrome: {chromedriverVersion: 77.0.3865.40 (f484704e052e0..., userDataDir: /var/folders/b9/d1xyh9tx6tx...}, goog:chromeOptions: {debuggerAddress: localhost:51586}, javascriptEnabled: true, networkConnectionEnabled: false, pageLoadStrategy: normal, platform: MAC, platformName: MAC, proxy: Proxy(), setWindowRect: true, strictFileInteractability: false, timeouts: {implicit: 0, pageLoad: 300000, script: 30000}, unhandledPromptBehavior: dismiss and notify}
Session ID: 0b897a509973ba73fa7cded90323b16f
*** Element info: {Using=xpath, value=//section[@id='1a83de07-84f4-c25d-1b8b-735afac4eea5']/app-periodic-order/div/div/div[6]/ngb-progressbar/div/div}
2019-10-21 07:58:54  [INFO] :  Open page: https://keycloak-pf02.makeitright.pl/powerfarm/
2019-10-21 07:58:55  [PASS] :  Open page: https://keycloak-pf02.makeitright.pl/powerfarm/
2019-10-21 07:58:55  [INFO] :  Select user: developer
2019-10-21 07:58:56  [PASS] :  Select user: developer
2019-10-21 07:58:56  [INFO] :  Select password
2019-10-21 07:58:56  [PASS] :  Select password
2019-10-21 07:58:56  [INFO] :  Select Login
2019-10-21 07:58:56  [PASS] :  Select Login
2019-10-21 07:58:56  [INFO] :  Log correct
2019-10-21 07:58:57  [PASS] :  Log correct
2019-10-21 07:58:57  [INFO] :  try to click on Schedule List
2019-10-21 07:58:57  [PASS] :  Schedule List clicked.
2019-10-21 07:58:57  [INFO] :  search for 41ab2ceb-2209-5b90-8471-c23fa432e964 on Scheadule List
2019-10-21 07:59:09  [FAIL] :  org.openqa.selenium.NoSuchElementException: no such element: Unable to locate element: {"method":"xpath","selector":"//section[@id='41ab2ceb-2209-5b90-8471-c23fa432e964']/app-periodic-order/div[2]/div[3]/section/div/button"}
  (Session info: chrome=77.0.3865.120)
For documentation on this error, please visit: http://seleniumhq.org/exceptions/no_such_element.html
Build info: version: '3.14.0', revision: 'aacccce0', time: '2018-08-02T20:05:20.749Z'
System info: host: 'MacBook-Pro-Kamil.local', ip: 'fe80:0:0:0:4ac:37e6:5ffc:a745%en0', os.name: 'Mac OS X', os.arch: 'x86_64', os.version: '10.14.6', java.version: '11.0.2'
Driver info: org.openqa.selenium.chrome.ChromeDriver
Capabilities {acceptInsecureCerts: false, browserName: chrome, browserVersion: 77.0.3865.120, chrome: {chromedriverVersion: 77.0.3865.40 (f484704e052e0..., userDataDir: /var/folders/b9/d1xyh9tx6tx...}, goog:chromeOptions: {debuggerAddress: localhost:51806}, javascriptEnabled: true, networkConnectionEnabled: false, pageLoadStrategy: normal, platform: MAC, platformName: MAC, proxy: Proxy(), setWindowRect: true, strictFileInteractability: false, timeouts: {implicit: 0, pageLoad: 300000, script: 30000}, unhandledPromptBehavior: dismiss and notify}
Session ID: 37e813d8140b20daff38abe25c83baa1
*** Element info: {Using=xpath, value=//section[@id='41ab2ceb-2209-5b90-8471-c23fa432e964']/app-periodic-order/div[2]/div[3]/section/div/button}
2019-10-21 08:03:35  [INFO] :  Open page: https://keycloak-pf02.makeitright.pl/powerfarm/
2019-10-21 08:03:36  [PASS] :  Open page: https://keycloak-pf02.makeitright.pl/powerfarm/
2019-10-21 08:03:36  [INFO] :  Select user: developer
2019-10-21 08:03:36  [PASS] :  Select user: developer
2019-10-21 08:03:36  [INFO] :  Select password
2019-10-21 08:03:36  [PASS] :  Select password
2019-10-21 08:03:36  [INFO] :  Select Login
2019-10-21 08:03:37  [PASS] :  Select Login
2019-10-21 08:03:37  [INFO] :  Log correct
2019-10-21 08:03:37  [PASS] :  Log correct
2019-10-21 08:03:37  [INFO] :  try to click on Schedule List
2019-10-21 08:03:37  [PASS] :  Schedule List clicked.
2019-10-21 08:03:37  [INFO] :  search for 41ab2ceb-2209-5b90-8471-c23fa432e964 on Scheadule List
2019-10-21 08:03:49  [FAIL] :  org.openqa.selenium.NoSuchElementException: no such element: Unable to locate element: {"method":"xpath","selector":"//section[@id='41ab2ceb-2209-5b90-8471-c23fa432e964']/app-periodic-order/div[2]/div[2]/section/div/button"}
  (Session info: chrome=77.0.3865.120)
For documentation on this error, please visit: http://seleniumhq.org/exceptions/no_such_element.html
Build info: version: '3.14.0', revision: 'aacccce0', time: '2018-08-02T20:05:20.749Z'
System info: host: 'MacBook-Pro-Kamil.local', ip: 'fe80:0:0:0:4ac:37e6:5ffc:a745%en0', os.name: 'Mac OS X', os.arch: 'x86_64', os.version: '10.14.6', java.version: '11.0.2'
Driver info: org.openqa.selenium.chrome.ChromeDriver
Capabilities {acceptInsecureCerts: false, browserName: chrome, browserVersion: 77.0.3865.120, chrome: {chromedriverVersion: 77.0.3865.40 (f484704e052e0..., userDataDir: /var/folders/b9/d1xyh9tx6tx...}, goog:chromeOptions: {debuggerAddress: localhost:52001}, javascriptEnabled: true, networkConnectionEnabled: false, pageLoadStrategy: normal, platform: MAC, platformName: MAC, proxy: Proxy(), setWindowRect: true, strictFileInteractability: false, timeouts: {implicit: 0, pageLoad: 300000, script: 30000}, unhandledPromptBehavior: dismiss and notify}
Session ID: ff3a729fa5283af703305beba31f8764
*** Element info: {Using=xpath, value=//section[@id='41ab2ceb-2209-5b90-8471-c23fa432e964']/app-periodic-order/div[2]/div[2]/section/div/button}
2019-10-21 08:04:53  [INFO] :  Open page: https://keycloak-pf02.makeitright.pl/powerfarm/
2019-10-21 08:04:54  [PASS] :  Open page: https://keycloak-pf02.makeitright.pl/powerfarm/
2019-10-21 08:04:54  [INFO] :  Select user: developer
2019-10-21 08:04:54  [PASS] :  Select user: developer
2019-10-21 08:04:54  [INFO] :  Select password
2019-10-21 08:04:54  [PASS] :  Select password
2019-10-21 08:04:54  [INFO] :  Select Login
2019-10-21 08:04:55  [PASS] :  Select Login
2019-10-21 08:04:55  [INFO] :  Log correct
2019-10-21 08:04:55  [PASS] :  Log correct
2019-10-21 08:04:55  [INFO] :  try to click on Schedule List
2019-10-21 08:04:55  [PASS] :  Schedule List clicked.
2019-10-21 08:04:55  [INFO] :  search for 41ab2ceb-2209-5b90-8471-c23fa432e964 on Scheadule List
2019-10-21 08:05:00  [PASS] :  Status changed
2019-10-21 08:05:00  [PASS] :  Process reasumed
2019-10-21 08:05:00  [PASS] :  Usluga zakonczona ze statusem PASS
2020-01-07 08:37:37  [FAIL] :  java.lang.IllegalStateException: The driver executable does not exist: /lib/chromedriver
2020-02-21 12:08:45  [FAIL] :  java.lang.IllegalStateException: The driver executable does not exist: /lib/chromedriver
2020-02-21 12:17:07  [FAIL] :  java.lang.AssertionError: expected [true] but found [false]
2020-02-21 12:17:27  [PASS] :  Process reasumed
2020-02-21 12:17:27  [PASS] :  Usluga zakonczona ze statusem PASS
2020-02-21 13:35:35  [PASS] :  Process reasumed
2020-02-21 13:35:35  [INFO] :  Pobrany user(null jeli nie pobrano klucza):x
2020-02-21 13:35:35  [INFO] :  Pobrany password(null jeli nie pobrano klucza):x!
2020-02-21 13:35:35  [FAIL] :  java.lang.IllegalArgumentException: Brak parametru: param1
2020-02-21 13:37:01  [PASS] :  Process reasumed
2020-02-21 13:37:01  [INFO] :  Pobrany user(null jeli nie pobrano klucza):x
2020-02-21 13:37:01  [INFO] :  Pobrany password(null jeli nie pobrano klucza):x!
2020-02-21 13:37:01  [INFO] :  Pobrany param1:parametr pierwszy
2020-02-21 13:37:01  [INFO] :  Pobrany param2:parametr drugi
2020-02-21 13:37:21  [PASS] :  Usluga zakonczona ze statusem PASS
2020-02-21 13:54:00  [PASS] :  Process reasumed
2020-02-21 13:54:00  [INFO] :  Pobrany user(null jeli nie pobrano klucza):null
2020-02-21 13:54:00  [INFO] :  Pobrany password(null jeli nie pobrano klucza):null
2020-02-21 13:54:00  [INFO] :  Pobrany param1:parametr pierwszy
2020-02-21 13:54:00  [INFO] :  Pobrany param2:parametr drugi
2020-02-21 13:54:20  [PASS] :  Usluga zakonczona ze statusem PASS
2020-10-08 13:40:08  [FAIL] :  java.lang.IllegalStateException: The driver executable does not exist: C:\Users\koler\lib\chromedriver
2020-10-08 13:40:59  [FAIL] :  org.openqa.selenium.WebDriverException: unknown error: cannot find Chrome binary
  (Driver info: chromedriver=72.0.3626.69 (3c16f8a135abc0d4da2dff33804db79b849a7c38),platform=Windows NT 10.0.18363 x86_64) (WARNING: The server did not provide any stacktrace information)
Command duration or timeout: 32 milliseconds
Build info: version: '3.14.0', revision: 'aacccce0', time: '2018-08-02T20:05:20.749Z'
System info: host: 'DESKTOP-S0KBMBA', ip: '192.168.1.77', os.name: 'Windows 10', os.arch: 'amd64', os.version: '10.0', java.version: '14.0.2'
Driver info: driver.version: ChromeDriver
2020-10-08 13:48:30  [FAIL] :  java.lang.IllegalStateException: The path to the driver executable must be set by the webdriver.gecko.driver system property; for more information, see https://github.com/mozilla/geckodriver. The latest version can be downloaded from https://github.com/mozilla/geckodriver/releases
2020-10-08 13:49:13  [ERROR] :  java.lang.IllegalArgumentException: No parameter found: wait
	at main.Parameters.getParameter(Parameters.java:234)
	at service.Service.logToPF(Service.java:18)
	at java.base/jdk.internal.reflect.NativeMethodAccessorImpl.invoke0(Native Method)
	at java.base/jdk.internal.reflect.NativeMethodAccessorImpl.invoke(NativeMethodAccessorImpl.java:62)
	at java.base/jdk.internal.reflect.DelegatingMethodAccessorImpl.invoke(DelegatingMethodAccessorImpl.java:43)
	at java.base/java.lang.reflect.Method.invoke(Method.java:564)
	at org.testng.internal.MethodInvocationHelper.invokeMethod(MethodInvocationHelper.java:124)
	at org.testng.internal.Invoker.invokeMethod(Invoker.java:583)
	at org.testng.internal.Invoker.invokeTestMethod(Invoker.java:719)
	at org.testng.internal.Invoker.invokeTestMethods(Invoker.java:989)
	at org.testng.internal.TestMethodWorker.invokeTestMethods(TestMethodWorker.java:125)
	at org.testng.internal.TestMethodWorker.run(TestMethodWorker.java:109)
	at org.testng.TestRunner.privateRun(TestRunner.java:648)
	at org.testng.TestRunner.run(TestRunner.java:505)
	at org.testng.SuiteRunner.runTest(SuiteRunner.java:455)
	at org.testng.SuiteRunner.runSequentially(SuiteRunner.java:450)
	at org.testng.SuiteRunner.privateRun(SuiteRunner.java:415)
	at org.testng.SuiteRunner.run(SuiteRunner.java:364)
	at org.testng.SuiteRunnerWorker.runSuite(SuiteRunnerWorker.java:52)
	at org.testng.SuiteRunnerWorker.run(SuiteRunnerWorker.java:84)
	at org.testng.TestNG.runSuitesSequentially(TestNG.java:1208)
	at org.testng.TestNG.runSuitesLocally(TestNG.java:1137)
	at org.testng.TestNG.runSuites(TestNG.java:1049)
	at org.testng.TestNG.run(TestNG.java:1017)
	at org.testng.remote.AbstractRemoteTestNG.run(AbstractRemoteTestNG.java:115)
	at org.testng.remote.RemoteTestNG.initAndRun(RemoteTestNG.java:251)
	at org.testng.remote.RemoteTestNG.main(RemoteTestNG.java:77)

2020-10-08 13:49:13  [FAIL] :  No parameter found: wait
2020-10-08 13:49:38  [PASS] :  Process reasumed
2020-10-08 13:49:38  [INFO] :  Pobrany user(null je?li nie pobrano klucza):null
2020-10-08 13:49:38  [INFO] :  Pobrany password(null je?li nie pobrano klucza):null
2020-10-08 13:49:38  [INFO] :  Pobrany param1:parametr pierwszy
2020-10-08 13:49:38  [INFO] :  Pobrany param2:parametr drugi
2020-10-08 14:06:33  [FAIL] :  org.openqa.selenium.WebDriverException: unknown error: cannot find Chrome binary
  (Driver info: chromedriver=72.0.3626.69 (3c16f8a135abc0d4da2dff33804db79b849a7c38),platform=Windows NT 10.0.18363 x86_64) (WARNING: The server did not provide any stacktrace information)
Command duration or timeout: 30 milliseconds
Build info: version: '3.14.0', revision: 'aacccce0', time: '2018-08-02T20:05:20.749Z'
System info: host: 'DESKTOP-S0KBMBA', ip: '192.168.1.77', os.name: 'Windows 10', os.arch: 'amd64', os.version: '10.0', java.version: '14.0.2'
Driver info: driver.version: ChromeDriver
2020-10-08 14:06:56  [PASS] :  Process reasumed
2020-10-08 14:06:56  [INFO] :  Pobrany user(null je?li nie pobrano klucza):null
2020-10-08 14:06:56  [INFO] :  Pobrany password(null je?li nie pobrano klucza):null
2020-10-08 14:06:56  [INFO] :  Pobrany param1:parametr pierwszy
2020-10-08 14:06:56  [INFO] :  Pobrany param2:parametr drugi
2020-10-08 14:07:51  [PASS] :  Process reasumed
2020-10-08 14:07:51  [INFO] :  Pobrany user(null je?li nie pobrano klucza):test
2020-10-08 14:07:51  [INFO] :  Pobrany password(null je?li nie pobrano klucza):7F094799|key
2020-10-08 14:07:51  [INFO] :  Pobrany param1:parametr pierwszy
2020-10-08 14:07:51  [INFO] :  Pobrany param2:parametr drugi
2020-10-08 14:13:23  [PASS] :  Process reasumed
2020-10-08 14:13:23  [INFO] :  Pobrany user(null je?li nie pobrano klucza):test
2020-10-08 14:13:23  [INFO] :  Pobrany password(null je?li nie pobrano klucza):7F094799|key
2020-10-08 14:13:23  [INFO] :  Pobrany param1:parametr pierwszy
2020-10-08 14:13:23  [INFO] :  Pobrany param2:parametr drugi
2020-10-08 14:23:33  [PASS] :  Process reasumed
2020-10-08 14:23:33  [INFO] :  Pobrany user(null je?li nie pobrano klucza):test
2020-10-08 14:23:33  [INFO] :  Pobrany password(null je?li nie pobrano klucza):7F094799|key
2020-10-08 14:23:33  [INFO] :  Pobrany param1:parametr pierwszy
2020-10-08 14:23:33  [INFO] :  Pobrany param2:parametr drugi
2021-02-02 14:28:25  [PASS] :  Process reasumed
2021-02-02 14:28:25  [INFO] :  Pobrany user(null je?li nie pobrano klucza):test
2021-02-02 14:28:25  [INFO] :  Pobrany password(null je?li nie pobrano klucza):7F094799|key
2021-02-02 14:28:25  [INFO] :  Pobrany param1:parametr pierwszy
2021-02-02 14:28:25  [INFO] :  Pobrany param2:parametr drugi
2021-02-02 21:37:52  [PASS] :  Process reasumed
2021-02-02 21:37:52  [INFO] :  Pobrany user(null je?li nie pobrano klucza):test
2021-02-02 21:37:52  [INFO] :  Pobrany password(null je?li nie pobrano klucza):7F094799|key
2021-02-02 21:37:52  [INFO] :  Pobrany param1:parametr pierwszy
2021-02-02 21:37:52  [INFO] :  Pobrany param2:parametr drugi
