<?xml version="1.0" encoding="UTF-8"?>
<testng-results ignored="0" total="1" passed="1" failed="0" skipped="0">
  <reporter-output>
  </reporter-output>
  <suite started-at="2021-02-02T20:37:52Z" name="Default suite" finished-at="2021-02-02T20:37:52Z" duration-ms="30">
    <groups>
    </groups>
    <test started-at="2021-02-02T20:37:52Z" name="Default test" finished-at="2021-02-02T20:37:52Z" duration-ms="30">
      <class name="service.Service">
        <test-method is-config="true" signature="tearUp()[pri:0, instance:service.Service@6d7fc27]" started-at="2021-02-02T20:37:52Z" name="tearUp" finished-at="2021-02-02T20:37:52Z" duration-ms="29" status="PASS">
          <reporter-output>
          </reporter-output>
        </test-method> <!-- tearUp -->
        <test-method is-config="true" signature="setDriverPath()[pri:0, instance:service.Service@6d7fc27]" started-at="2021-02-02T20:37:52Z" name="setDriverPath" finished-at="2021-02-02T20:37:52Z" depends-on-methods="main.Main.tearUp" duration-ms="0" status="PASS">
          <reporter-output>
          </reporter-output>
        </test-method> <!-- setDriverPath -->
        <test-method signature="logToPF()[pri:0, instance:service.Service@6d7fc27]" started-at="2021-02-02T20:37:52Z" name="logToPF" finished-at="2021-02-02T20:37:52Z" duration-ms="14" status="PASS">
          <reporter-output>
          </reporter-output>
        </test-method> <!-- logToPF -->
        <test-method is-config="true" signature="afterMethod(org.testng.ITestResult)[pri:0, instance:service.Service@6d7fc27]" started-at="2021-02-02T20:37:52Z" name="afterMethod" finished-at="2021-02-02T20:37:52Z" duration-ms="2" status="PASS">
          <params>
            <param index="0">
              <value>
                <![CDATA[[TestResult name=logToPF status=SUCCESS method=Service.logToPF()[pri:0, instance:service.Service@6d7fc27] output={null}]]]>
              </value>
            </param>
          </params>
          <reporter-output>
          </reporter-output>
        </test-method> <!-- afterMethod -->
        <test-method is-config="true" signature="tearDown(org.testng.ITestContext)[pri:0, instance:service.Service@6d7fc27]" started-at="2021-02-02T20:37:52Z" name="tearDown" finished-at="2021-02-02T20:37:52Z" duration-ms="195" status="PASS">
          <params>
            <param index="0">
              <value>
                <![CDATA[org.testng.TestRunner@557a1e2d]]>
              </value>
            </param>
          </params>
          <reporter-output>
          </reporter-output>
        </test-method> <!-- tearDown -->
      </class> <!-- service.Service -->
    </test> <!-- Default test -->
  </suite> <!-- Default suite -->
</testng-results>
